Analysis & Synthesis report for MAIN
Tue May 02 09:05:52 2017
Quartus Prime Version 16.1.0 Build 196 10/24/2016 SJ Lite Edition


---------------------
; Table of Contents ;
---------------------
  1. Legal Notice
  2. Analysis & Synthesis Summary
  3. Analysis & Synthesis Settings
  4. Parallel Compilation
  5. Analysis & Synthesis Source Files Read
  6. Analysis & Synthesis Resource Usage Summary
  7. Analysis & Synthesis Resource Utilization by Entity
  8. State Machine - |MAIN|SELETOR:BLOCO_01|ESTADO
  9. Registers Removed During Synthesis
 10. General Register Statistics
 11. Multiplexer Restructuring Statistics (Restructuring Performed)
 12. Parameter Settings for User Entity Instance: debouncer_pi:BLOCO_00
 13. Parameter Settings for User Entity Instance: sen_alt_7seg:BLOCO_03|sens_alt:BLOCO_01
 14. Port Connectivity Checks: "sen_alt_7seg:BLOCO_03|classificador:BLOCO_02"
 15. Post-Synthesis Netlist Statistics for Top Partition
 16. Elapsed Time Per Partition
 17. Analysis & Synthesis Messages



----------------
; Legal Notice ;
----------------
Copyright (C) 2016  Intel Corporation. All rights reserved.
Your use of Intel Corporation's design tools, logic functions 
and other software and tools, and its AMPP partner logic 
functions, and any output files from any of the foregoing 
(including device programming or simulation files), and any 
associated documentation or information are expressly subject 
to the terms and conditions of the Intel Program License 
Subscription Agreement, the Intel Quartus Prime License Agreement,
the Intel MegaCore Function License Agreement, or other 
applicable license agreement, including, without limitation, 
that your use is for the sole purpose of programming logic 
devices manufactured by Intel and sold by Intel or its 
authorized distributors.  Please refer to the applicable 
agreement for further details.



+----------------------------------------------------------------------------------+
; Analysis & Synthesis Summary                                                     ;
+------------------------------------+---------------------------------------------+
; Analysis & Synthesis Status        ; Successful - Tue May 02 09:05:52 2017       ;
; Quartus Prime Version              ; 16.1.0 Build 196 10/24/2016 SJ Lite Edition ;
; Revision Name                      ; MAIN                                        ;
; Top-level Entity Name              ; MAIN                                        ;
; Family                             ; Cyclone IV E                                ;
; Total logic elements               ; 185                                         ;
;     Total combinational functions  ; 184                                         ;
;     Dedicated logic registers      ; 76                                          ;
; Total registers                    ; 76                                          ;
; Total pins                         ; 65                                          ;
; Total virtual pins                 ; 0                                           ;
; Total memory bits                  ; 0                                           ;
; Embedded Multiplier 9-bit elements ; 0                                           ;
; Total PLLs                         ; 0                                           ;
+------------------------------------+---------------------------------------------+


+----------------------------------------------------------------------------------------------------------------------+
; Analysis & Synthesis Settings                                                                                        ;
+----------------------------------------------------------------------------+--------------------+--------------------+
; Option                                                                     ; Setting            ; Default Value      ;
+----------------------------------------------------------------------------+--------------------+--------------------+
; Device                                                                     ; EP4CE115F29C7      ;                    ;
; Top-level entity name                                                      ; MAIN               ; MAIN               ;
; Family name                                                                ; Cyclone IV E       ; Cyclone V          ;
; Use smart compilation                                                      ; Off                ; Off                ;
; Enable parallel Assembler and TimeQuest Timing Analyzer during compilation ; On                 ; On                 ;
; Enable compact report table                                                ; Off                ; Off                ;
; Restructure Multiplexers                                                   ; Auto               ; Auto               ;
; Create Debugging Nodes for IP Cores                                        ; Off                ; Off                ;
; Preserve fewer node names                                                  ; On                 ; On                 ;
; OpenCore Plus hardware evaluation                                          ; Enable             ; Enable             ;
; Verilog Version                                                            ; Verilog_2001       ; Verilog_2001       ;
; VHDL Version                                                               ; VHDL_1993          ; VHDL_1993          ;
; State Machine Processing                                                   ; Auto               ; Auto               ;
; Safe State Machine                                                         ; Off                ; Off                ;
; Extract Verilog State Machines                                             ; On                 ; On                 ;
; Extract VHDL State Machines                                                ; On                 ; On                 ;
; Ignore Verilog initial constructs                                          ; Off                ; Off                ;
; Iteration limit for constant Verilog loops                                 ; 5000               ; 5000               ;
; Iteration limit for non-constant Verilog loops                             ; 250                ; 250                ;
; Add Pass-Through Logic to Inferred RAMs                                    ; On                 ; On                 ;
; Infer RAMs from Raw Logic                                                  ; On                 ; On                 ;
; Parallel Synthesis                                                         ; On                 ; On                 ;
; DSP Block Balancing                                                        ; Auto               ; Auto               ;
; NOT Gate Push-Back                                                         ; On                 ; On                 ;
; Power-Up Don't Care                                                        ; On                 ; On                 ;
; Remove Redundant Logic Cells                                               ; Off                ; Off                ;
; Remove Duplicate Registers                                                 ; On                 ; On                 ;
; Ignore CARRY Buffers                                                       ; Off                ; Off                ;
; Ignore CASCADE Buffers                                                     ; Off                ; Off                ;
; Ignore GLOBAL Buffers                                                      ; Off                ; Off                ;
; Ignore ROW GLOBAL Buffers                                                  ; Off                ; Off                ;
; Ignore LCELL Buffers                                                       ; Off                ; Off                ;
; Ignore SOFT Buffers                                                        ; On                 ; On                 ;
; Limit AHDL Integers to 32 Bits                                             ; Off                ; Off                ;
; Optimization Technique                                                     ; Balanced           ; Balanced           ;
; Carry Chain Length                                                         ; 70                 ; 70                 ;
; Auto Carry Chains                                                          ; On                 ; On                 ;
; Auto Open-Drain Pins                                                       ; On                 ; On                 ;
; Perform WYSIWYG Primitive Resynthesis                                      ; Off                ; Off                ;
; Auto ROM Replacement                                                       ; On                 ; On                 ;
; Auto RAM Replacement                                                       ; On                 ; On                 ;
; Auto DSP Block Replacement                                                 ; On                 ; On                 ;
; Auto Shift Register Replacement                                            ; Auto               ; Auto               ;
; Allow Shift Register Merging across Hierarchies                            ; Auto               ; Auto               ;
; Auto Clock Enable Replacement                                              ; On                 ; On                 ;
; Strict RAM Replacement                                                     ; Off                ; Off                ;
; Allow Synchronous Control Signals                                          ; On                 ; On                 ;
; Force Use of Synchronous Clear Signals                                     ; Off                ; Off                ;
; Auto RAM Block Balancing                                                   ; On                 ; On                 ;
; Auto RAM to Logic Cell Conversion                                          ; Off                ; Off                ;
; Auto Resource Sharing                                                      ; Off                ; Off                ;
; Allow Any RAM Size For Recognition                                         ; Off                ; Off                ;
; Allow Any ROM Size For Recognition                                         ; Off                ; Off                ;
; Allow Any Shift Register Size For Recognition                              ; Off                ; Off                ;
; Use LogicLock Constraints during Resource Balancing                        ; On                 ; On                 ;
; Ignore translate_off and synthesis_off directives                          ; Off                ; Off                ;
; Timing-Driven Synthesis                                                    ; On                 ; On                 ;
; Report Parameter Settings                                                  ; On                 ; On                 ;
; Report Source Assignments                                                  ; On                 ; On                 ;
; Report Connectivity Checks                                                 ; On                 ; On                 ;
; Ignore Maximum Fan-Out Assignments                                         ; Off                ; Off                ;
; Synchronization Register Chain Length                                      ; 2                  ; 2                  ;
; PowerPlay Power Optimization During Synthesis                              ; Normal compilation ; Normal compilation ;
; HDL message level                                                          ; Level2             ; Level2             ;
; Suppress Register Optimization Related Messages                            ; Off                ; Off                ;
; Number of Removed Registers Reported in Synthesis Report                   ; 5000               ; 5000               ;
; Number of Swept Nodes Reported in Synthesis Report                         ; 5000               ; 5000               ;
; Number of Inverted Registers Reported in Synthesis Report                  ; 100                ; 100                ;
; Clock MUX Protection                                                       ; On                 ; On                 ;
; Auto Gated Clock Conversion                                                ; Off                ; Off                ;
; Block Design Naming                                                        ; Auto               ; Auto               ;
; SDC constraint protection                                                  ; Off                ; Off                ;
; Synthesis Effort                                                           ; Auto               ; Auto               ;
; Shift Register Replacement - Allow Asynchronous Clear Signal               ; On                 ; On                 ;
; Pre-Mapping Resynthesis Optimization                                       ; Off                ; Off                ;
; Analysis & Synthesis Message Level                                         ; Medium             ; Medium             ;
; Disable Register Merging Across Hierarchies                                ; Auto               ; Auto               ;
; Resource Aware Inference For Block RAM                                     ; On                 ; On                 ;
+----------------------------------------------------------------------------+--------------------+--------------------+


+------------------------------------------+
; Parallel Compilation                     ;
+----------------------------+-------------+
; Processors                 ; Number      ;
+----------------------------+-------------+
; Number detected on machine ; 4           ;
; Maximum allowed            ; 2           ;
;                            ;             ;
; Average used               ; 1.00        ;
; Maximum used               ; 2           ;
;                            ;             ;
; Usage by Processor         ; % Time Used ;
;     Processor 1            ; 100.0%      ;
;     Processor 2            ;   0.0%      ;
+----------------------------+-------------+


+-----------------------------------------------------------------------------------------------------------------------------------------------------------------------+
; Analysis & Synthesis Source Files Read                                                                                                                                ;
+----------------------------------+-----------------+-----------------+--------------------------------------------------------------------------------------+---------+
; File Name with User-Entered Path ; Used in Netlist ; File Type       ; File Name with Absolute Path                                                         ; Library ;
+----------------------------------+-----------------+-----------------+--------------------------------------------------------------------------------------+---------+
; subENTIDADES/sens_alt.vhd        ; yes             ; User VHDL File  ; D:/Users/dinho/Dropbox/ifsc/PI2/01_projeto/00_main v3/subENTIDADES/sens_alt.vhd      ;         ;
; subENTIDADES/sen_alt_7seg.vhd    ; yes             ; User VHDL File  ; D:/Users/dinho/Dropbox/ifsc/PI2/01_projeto/00_main v3/subENTIDADES/sen_alt_7seg.vhd  ;         ;
; subENTIDADES/SELETOR.vhd         ; yes             ; User VHDL File  ; D:/Users/dinho/Dropbox/ifsc/PI2/01_projeto/00_main v3/subENTIDADES/SELETOR.vhd       ;         ;
; subENTIDADES/decode7seg.vhd      ; yes             ; User VHDL File  ; D:/Users/dinho/Dropbox/ifsc/PI2/01_projeto/00_main v3/subENTIDADES/decode7seg.vhd    ;         ;
; subENTIDADES/menu.vhd            ; yes             ; User VHDL File  ; D:/Users/dinho/Dropbox/ifsc/PI2/01_projeto/00_main v3/subENTIDADES/menu.vhd          ;         ;
; subENTIDADES/debouncer_pi.vhd    ; yes             ; User VHDL File  ; D:/Users/dinho/Dropbox/ifsc/PI2/01_projeto/00_main v3/subENTIDADES/debouncer_pi.vhd  ;         ;
; subENTIDADES/classificador.vhd   ; yes             ; User VHDL File  ; D:/Users/dinho/Dropbox/ifsc/PI2/01_projeto/00_main v3/subENTIDADES/classificador.vhd ;         ;
; MAIN.vhd                         ; yes             ; User VHDL File  ; D:/Users/dinho/Dropbox/ifsc/PI2/01_projeto/00_main v3/MAIN.vhd                       ;         ;
+----------------------------------+-----------------+-----------------+--------------------------------------------------------------------------------------+---------+


+---------------------------------------------------------------------------------------------+
; Analysis & Synthesis Resource Usage Summary                                                 ;
+---------------------------------------------+-----------------------------------------------+
; Resource                                    ; Usage                                         ;
+---------------------------------------------+-----------------------------------------------+
; Estimated Total logic elements              ; 185                                           ;
;                                             ;                                               ;
; Total combinational functions               ; 184                                           ;
; Logic element usage by number of LUT inputs ;                                               ;
;     -- 4 input functions                    ; 68                                            ;
;     -- 3 input functions                    ; 12                                            ;
;     -- <=2 input functions                  ; 104                                           ;
;                                             ;                                               ;
; Logic elements by mode                      ;                                               ;
;     -- normal mode                          ; 114                                           ;
;     -- arithmetic mode                      ; 70                                            ;
;                                             ;                                               ;
; Total registers                             ; 76                                            ;
;     -- Dedicated logic registers            ; 76                                            ;
;     -- I/O registers                        ; 0                                             ;
;                                             ;                                               ;
; I/O pins                                    ; 65                                            ;
;                                             ;                                               ;
; Embedded Multiplier 9-bit elements          ; 0                                             ;
;                                             ;                                               ;
; Maximum fan-out node                        ; sen_alt_7seg:BLOCO_03|sens_alt:BLOCO_01|CLOCK ;
; Maximum fan-out                             ; 38                                            ;
; Total fan-out                               ; 872                                           ;
; Average fan-out                             ; 2.21                                          ;
+---------------------------------------------+-----------------------------------------------+


+-----------------------------------------------------------------------------------------------------------------------------------------------------------------------------------------------------------------------------------------------+
; Analysis & Synthesis Resource Utilization by Entity                                                                                                                                                                                           ;
+--------------------------------+---------------------+---------------------------+-------------+--------------+---------+-----------+------+--------------+----------------------------------------------------+---------------+--------------+
; Compilation Hierarchy Node     ; Combinational ALUTs ; Dedicated Logic Registers ; Memory Bits ; DSP Elements ; DSP 9x9 ; DSP 18x18 ; Pins ; Virtual Pins ; Full Hierarchy Name                                ; Entity Name   ; Library Name ;
+--------------------------------+---------------------+---------------------------+-------------+--------------+---------+-----------+------+--------------+----------------------------------------------------+---------------+--------------+
; |MAIN                          ; 184 (0)             ; 76 (0)                    ; 0           ; 0            ; 0       ; 0         ; 65   ; 0            ; |MAIN                                              ; MAIN          ; work         ;
;    |MENU:BLOCO_02|             ; 14 (14)             ; 0 (0)                     ; 0           ; 0            ; 0       ; 0         ; 0    ; 0            ; |MAIN|MENU:BLOCO_02                                ; MENU          ; work         ;
;    |SELETOR:BLOCO_01|          ; 2 (2)               ; 3 (3)                     ; 0           ; 0            ; 0       ; 0         ; 0    ; 0            ; |MAIN|SELETOR:BLOCO_01                             ; SELETOR       ; work         ;
;    |debouncer_pi:BLOCO_00|     ; 35 (35)             ; 24 (24)                   ; 0           ; 0            ; 0       ; 0         ; 0    ; 0            ; |MAIN|debouncer_pi:BLOCO_00                        ; debouncer_pi  ; work         ;
;    |sen_alt_7seg:BLOCO_03|     ; 133 (0)             ; 49 (0)                    ; 0           ; 0            ; 0       ; 0         ; 0    ; 0            ; |MAIN|sen_alt_7seg:BLOCO_03                        ; sen_alt_7seg  ; work         ;
;       |classificador:BLOCO_02| ; 26 (26)             ; 0 (0)                     ; 0           ; 0            ; 0       ; 0         ; 0    ; 0            ; |MAIN|sen_alt_7seg:BLOCO_03|classificador:BLOCO_02 ; classificador ; work         ;
;       |decode7seg:BLOCO_03|    ; 14 (14)             ; 0 (0)                     ; 0           ; 0            ; 0       ; 0         ; 0    ; 0            ; |MAIN|sen_alt_7seg:BLOCO_03|decode7seg:BLOCO_03    ; decode7seg    ; work         ;
;       |sens_alt:BLOCO_01|      ; 93 (93)             ; 49 (49)                   ; 0           ; 0            ; 0       ; 0         ; 0    ; 0            ; |MAIN|sen_alt_7seg:BLOCO_03|sens_alt:BLOCO_01      ; sens_alt      ; work         ;
+--------------------------------+---------------------+---------------------------+-------------+--------------+---------+-----------+------+--------------+----------------------------------------------------+---------------+--------------+
Note: For table entries with two numbers listed, the numbers in parentheses indicate the number of resources of the given type used by the specific entity alone. The numbers listed outside of parentheses indicate the total resources of the given type used by the specific entity and all of its sub-entities in the hierarchy.


Encoding Type:  One-Hot
+-------------------------------------------------------------------+
; State Machine - |MAIN|SELETOR:BLOCO_01|ESTADO                     ;
+----------------+----------------+----------------+----------------+
; Name           ; ESTADO.CASO_03 ; ESTADO.CASO_02 ; ESTADO.CASO_01 ;
+----------------+----------------+----------------+----------------+
; ESTADO.CASO_01 ; 0              ; 0              ; 0              ;
; ESTADO.CASO_02 ; 0              ; 1              ; 1              ;
; ESTADO.CASO_03 ; 1              ; 0              ; 1              ;
+----------------+----------------+----------------+----------------+


+----------------------------------------------------------------------------------------------------------------------+
; Registers Removed During Synthesis                                                                                   ;
+--------------------------------------------------+-------------------------------------------------------------------+
; Register name                                    ; Reason for Removal                                                ;
+--------------------------------------------------+-------------------------------------------------------------------+
; sen_alt_7seg:BLOCO_03|sens_alt:BLOCO_01|state[1] ; Merged with sen_alt_7seg:BLOCO_03|sens_alt:BLOCO_01|next_state[1] ;
; sen_alt_7seg:BLOCO_03|sens_alt:BLOCO_01|state[0] ; Merged with sen_alt_7seg:BLOCO_03|sens_alt:BLOCO_01|next_state[0] ;
; Total Number of Removed Registers = 2            ;                                                                   ;
+--------------------------------------------------+-------------------------------------------------------------------+


+------------------------------------------------------+
; General Register Statistics                          ;
+----------------------------------------------+-------+
; Statistic                                    ; Value ;
+----------------------------------------------+-------+
; Total registers                              ; 76    ;
; Number of registers using Synchronous Clear  ; 42    ;
; Number of registers using Synchronous Load   ; 0     ;
; Number of registers using Asynchronous Clear ; 0     ;
; Number of registers using Asynchronous Load  ; 0     ;
; Number of registers using Clock Enable       ; 58    ;
; Number of registers using Preset             ; 0     ;
+----------------------------------------------+-------+


+---------------------------------------------------------------------------------------------------------------------------------------------------------------------------+
; Multiplexer Restructuring Statistics (Restructuring Performed)                                                                                                            ;
+--------------------+-----------+---------------+----------------------+------------------------+------------+-------------------------------------------------------------+
; Multiplexer Inputs ; Bus Width ; Baseline Area ; Area if Restructured ; Saving if Restructured ; Registered ; Example Multiplexer Output                                  ;
+--------------------+-----------+---------------+----------------------+------------------------+------------+-------------------------------------------------------------+
; 3:1                ; 11 bits   ; 22 LEs        ; 11 LEs               ; 11 LEs                 ; Yes        ; |MAIN|sen_alt_7seg:BLOCO_03|sens_alt:BLOCO_01|count[0]      ;
; 3:1                ; 15 bits   ; 30 LEs        ; 15 LEs               ; 15 LEs                 ; Yes        ; |MAIN|sen_alt_7seg:BLOCO_03|sens_alt:BLOCO_01|hold[13]      ;
; 5:1                ; 23 bits   ; 69 LEs        ; 23 LEs               ; 46 LEs                 ; Yes        ; |MAIN|debouncer_pi:BLOCO_00|counter[6]                      ;
; 6:1                ; 8 bits    ; 32 LEs        ; 8 LEs                ; 24 LEs                 ; Yes        ; |MAIN|sen_alt_7seg:BLOCO_03|sens_alt:BLOCO_01|PULSE[4]      ;
; 7:1                ; 2 bits    ; 8 LEs         ; 4 LEs                ; 4 LEs                  ; Yes        ; |MAIN|sen_alt_7seg:BLOCO_03|sens_alt:BLOCO_01|next_state[1] ;
+--------------------+-----------+---------------+----------------------+------------------------+------------+-------------------------------------------------------------+


+--------------------------------------------------------------------+
; Parameter Settings for User Entity Instance: debouncer_pi:BLOCO_00 ;
+----------------+----------+----------------------------------------+
; Parameter Name ; Value    ; Type                                   ;
+----------------+----------+----------------------------------------+
; freqin         ; 50000000 ; Signed Integer                         ;
; delay          ; 100      ; Signed Integer                         ;
; defaultstate   ; '0'      ; Enumerated                             ;
+----------------+----------+----------------------------------------+
Note: In order to hide this table in the UI and the text report file, please set the "Show Parameter Settings in Synthesis Report" option in "Analysis and Synthesis Settings -> More Settings" to "Off".


+--------------------------------------------------------------------------------------+
; Parameter Settings for User Entity Instance: sen_alt_7seg:BLOCO_03|sens_alt:BLOCO_01 ;
+----------------+----------+----------------------------------------------------------+
; Parameter Name ; Value    ; Type                                                     ;
+----------------+----------+----------------------------------------------------------+
; freqin         ; 50000000 ; Signed Integer                                           ;
; freqout        ; 17000    ; Signed Integer                                           ;
+----------------+----------+----------------------------------------------------------+
Note: In order to hide this table in the UI and the text report file, please set the "Show Parameter Settings in Synthesis Report" option in "Analysis and Synthesis Settings -> More Settings" to "Off".


+---------------------------------------------------------------------------------------------------------------------+
; Port Connectivity Checks: "sen_alt_7seg:BLOCO_03|classificador:BLOCO_02"                                            ;
+-----------+--------+----------+-------------------------------------------------------------------------------------+
; Port      ; Type   ; Severity ; Details                                                                             ;
+-----------+--------+----------+-------------------------------------------------------------------------------------+
; bcd[9..8] ; Output ; Info     ; Connected to dangling logic. Logic that only feeds a dangling port will be removed. ;
+-----------+--------+----------+-------------------------------------------------------------------------------------+


+-----------------------------------------------------+
; Post-Synthesis Netlist Statistics for Top Partition ;
+-----------------------+-----------------------------+
; Type                  ; Count                       ;
+-----------------------+-----------------------------+
; boundary_port         ; 65                          ;
; cycloneiii_ff         ; 76                          ;
;     ENA               ; 27                          ;
;     ENA SCLR          ; 31                          ;
;     SCLR              ; 11                          ;
;     plain             ; 7                           ;
; cycloneiii_io_obuf    ; 4                           ;
; cycloneiii_lcell_comb ; 189                         ;
;     arith             ; 70                          ;
;         2 data inputs ; 70                          ;
;     normal            ; 119                         ;
;         0 data inputs ; 2                           ;
;         1 data inputs ; 11                          ;
;         2 data inputs ; 26                          ;
;         3 data inputs ; 12                          ;
;         4 data inputs ; 68                          ;
;                       ;                             ;
; Max LUT depth         ; 9.70                        ;
; Average LUT depth     ; 5.34                        ;
+-----------------------+-----------------------------+


+-------------------------------+
; Elapsed Time Per Partition    ;
+----------------+--------------+
; Partition Name ; Elapsed Time ;
+----------------+--------------+
; Top            ; 00:00:01     ;
+----------------+--------------+


+-------------------------------+
; Analysis & Synthesis Messages ;
+-------------------------------+
Info: *******************************************************************
Info: Running Quartus Prime Analysis & Synthesis
    Info: Version 16.1.0 Build 196 10/24/2016 SJ Lite Edition
    Info: Processing started: Tue May 02 09:05:33 2017
Info: Command: quartus_map --read_settings_files=on --write_settings_files=off MAIN -c MAIN
Warning (18236): Number of processors has not been specified which may cause overloading on shared machines.  Set the global assignment NUM_PARALLEL_PROCESSORS in your QSF to an appropriate value for best performance.
Info (20030): Parallel compilation is enabled and will use 2 of the 2 processors detected
Info (12021): Found 2 design units, including 1 entities, in source file subentidades/sens_alt.vhd
    Info (12022): Found design unit 1: sens_alt-HARDWARE File: D:/Users/dinho/Dropbox/ifsc/PI2/01_projeto/00_main v3/subENTIDADES/sens_alt.vhd Line: 39
    Info (12023): Found entity 1: sens_alt File: D:/Users/dinho/Dropbox/ifsc/PI2/01_projeto/00_main v3/subENTIDADES/sens_alt.vhd Line: 24
Info (12021): Found 2 design units, including 1 entities, in source file subentidades/sen_alt_7seg.vhd
    Info (12022): Found design unit 1: sen_alt_7seg-HARDWARE File: D:/Users/dinho/Dropbox/ifsc/PI2/01_projeto/00_main v3/subENTIDADES/sen_alt_7seg.vhd Line: 30
    Info (12023): Found entity 1: sen_alt_7seg File: D:/Users/dinho/Dropbox/ifsc/PI2/01_projeto/00_main v3/subENTIDADES/sen_alt_7seg.vhd Line: 18
Info (12021): Found 2 design units, including 1 entities, in source file subentidades/seletor.vhd
    Info (12022): Found design unit 1: SELETOR-HARDWARE File: D:/Users/dinho/Dropbox/ifsc/PI2/01_projeto/00_main v3/subENTIDADES/SELETOR.vhd Line: 24
    Info (12023): Found entity 1: SELETOR File: D:/Users/dinho/Dropbox/ifsc/PI2/01_projeto/00_main v3/subENTIDADES/SELETOR.vhd Line: 15
Info (12021): Found 2 design units, including 1 entities, in source file subentidades/decode7seg.vhd
    Info (12022): Found design unit 1: decode7seg-HARDWARE File: D:/Users/dinho/Dropbox/ifsc/PI2/01_projeto/00_main v3/subENTIDADES/decode7seg.vhd Line: 28
    Info (12023): Found entity 1: decode7seg File: D:/Users/dinho/Dropbox/ifsc/PI2/01_projeto/00_main v3/subENTIDADES/decode7seg.vhd Line: 17
Info (12021): Found 2 design units, including 1 entities, in source file subentidades/menu.vhd
    Info (12022): Found design unit 1: MENU-HARDWARE File: D:/Users/dinho/Dropbox/ifsc/PI2/01_projeto/00_main v3/subENTIDADES/menu.vhd Line: 35
    Info (12023): Found entity 1: MENU File: D:/Users/dinho/Dropbox/ifsc/PI2/01_projeto/00_main v3/subENTIDADES/menu.vhd Line: 15
Info (12021): Found 2 design units, including 1 entities, in source file subentidades/debouncer_pi.vhd
    Info (12022): Found design unit 1: debouncer_pi-behavior File: D:/Users/dinho/Dropbox/ifsc/PI2/01_projeto/00_main v3/subENTIDADES/debouncer_pi.vhd Line: 19
    Info (12023): Found entity 1: debouncer_pi File: D:/Users/dinho/Dropbox/ifsc/PI2/01_projeto/00_main v3/subENTIDADES/debouncer_pi.vhd Line: 6
Info (12021): Found 2 design units, including 1 entities, in source file subentidades/classificador.vhd
    Info (12022): Found design unit 1: classificador-HARDWARE File: D:/Users/dinho/Dropbox/ifsc/PI2/01_projeto/00_main v3/subENTIDADES/classificador.vhd Line: 34
    Info (12023): Found entity 1: classificador File: D:/Users/dinho/Dropbox/ifsc/PI2/01_projeto/00_main v3/subENTIDADES/classificador.vhd Line: 24
Info (12021): Found 2 design units, including 1 entities, in source file main.vhd
    Info (12022): Found design unit 1: MAIN-HARDWARE File: D:/Users/dinho/Dropbox/ifsc/PI2/01_projeto/00_main v3/MAIN.vhd Line: 40
    Info (12023): Found entity 1: MAIN File: D:/Users/dinho/Dropbox/ifsc/PI2/01_projeto/00_main v3/MAIN.vhd Line: 18
Info (12127): Elaborating entity "MAIN" for the top level hierarchy
Info (12128): Elaborating entity "debouncer_pi" for hierarchy "debouncer_pi:BLOCO_00" File: D:/Users/dinho/Dropbox/ifsc/PI2/01_projeto/00_main v3/MAIN.vhd Line: 50
Info (12128): Elaborating entity "SELETOR" for hierarchy "SELETOR:BLOCO_01" File: D:/Users/dinho/Dropbox/ifsc/PI2/01_projeto/00_main v3/MAIN.vhd Line: 59
Info (12128): Elaborating entity "MENU" for hierarchy "MENU:BLOCO_02" File: D:/Users/dinho/Dropbox/ifsc/PI2/01_projeto/00_main v3/MAIN.vhd Line: 67
Info (12128): Elaborating entity "sen_alt_7seg" for hierarchy "sen_alt_7seg:BLOCO_03" File: D:/Users/dinho/Dropbox/ifsc/PI2/01_projeto/00_main v3/MAIN.vhd Line: 85
Info (12128): Elaborating entity "sens_alt" for hierarchy "sen_alt_7seg:BLOCO_03|sens_alt:BLOCO_01" File: D:/Users/dinho/Dropbox/ifsc/PI2/01_projeto/00_main v3/subENTIDADES/sen_alt_7seg.vhd Line: 43
Info (12128): Elaborating entity "classificador" for hierarchy "sen_alt_7seg:BLOCO_03|classificador:BLOCO_02" File: D:/Users/dinho/Dropbox/ifsc/PI2/01_projeto/00_main v3/subENTIDADES/sen_alt_7seg.vhd Line: 47
Info (12128): Elaborating entity "decode7seg" for hierarchy "sen_alt_7seg:BLOCO_03|decode7seg:BLOCO_03" File: D:/Users/dinho/Dropbox/ifsc/PI2/01_projeto/00_main v3/subENTIDADES/sen_alt_7seg.vhd Line: 51
Warning (13034): The following nodes have both tri-state and non-tri-state drivers
    Warning (13035): Inserted always-enabled tri-state buffer between "GPIO[3]" and its non-tri-state driver. File: D:/Users/dinho/Dropbox/ifsc/PI2/01_projeto/00_main v3/MAIN.vhd Line: 33
Warning (13039): The following bidirectional pins have no drivers
    Warning (13040): bidirectional pin "GPIO[0]" has no driver File: D:/Users/dinho/Dropbox/ifsc/PI2/01_projeto/00_main v3/MAIN.vhd Line: 33
    Warning (13040): bidirectional pin "GPIO[1]" has no driver File: D:/Users/dinho/Dropbox/ifsc/PI2/01_projeto/00_main v3/MAIN.vhd Line: 33
    Warning (13040): bidirectional pin "GPIO[2]" has no driver File: D:/Users/dinho/Dropbox/ifsc/PI2/01_projeto/00_main v3/MAIN.vhd Line: 33
Warning (13009): TRI or OPNDRN buffers permanently enabled
    Warning (13010): Node "GPIO[3]~synth" File: D:/Users/dinho/Dropbox/ifsc/PI2/01_projeto/00_main v3/MAIN.vhd Line: 33
Warning (13024): Output pins are stuck at VCC or GND
    Warning (13410): Pin "HEX7[0]" is stuck at GND File: D:/Users/dinho/Dropbox/ifsc/PI2/01_projeto/00_main v3/MAIN.vhd Line: 23
    Warning (13410): Pin "HEX7[4]" is stuck at GND File: D:/Users/dinho/Dropbox/ifsc/PI2/01_projeto/00_main v3/MAIN.vhd Line: 23
    Warning (13410): Pin "HEX7[5]" is stuck at GND File: D:/Users/dinho/Dropbox/ifsc/PI2/01_projeto/00_main v3/MAIN.vhd Line: 23
    Warning (13410): Pin "HEX6[3]" is stuck at GND File: D:/Users/dinho/Dropbox/ifsc/PI2/01_projeto/00_main v3/MAIN.vhd Line: 24
    Warning (13410): Pin "HEX6[4]" is stuck at GND File: D:/Users/dinho/Dropbox/ifsc/PI2/01_projeto/00_main v3/MAIN.vhd Line: 24
    Warning (13410): Pin "HEX5[1]" is stuck at VCC File: D:/Users/dinho/Dropbox/ifsc/PI2/01_projeto/00_main v3/MAIN.vhd Line: 25
    Warning (13410): Pin "HEX5[6]" is stuck at GND File: D:/Users/dinho/Dropbox/ifsc/PI2/01_projeto/00_main v3/MAIN.vhd Line: 25
    Warning (13410): Pin "HEX4[0]" is stuck at VCC File: D:/Users/dinho/Dropbox/ifsc/PI2/01_projeto/00_main v3/MAIN.vhd Line: 26
    Warning (13410): Pin "HEX4[1]" is stuck at VCC File: D:/Users/dinho/Dropbox/ifsc/PI2/01_projeto/00_main v3/MAIN.vhd Line: 26
    Warning (13410): Pin "HEX4[5]" is stuck at VCC File: D:/Users/dinho/Dropbox/ifsc/PI2/01_projeto/00_main v3/MAIN.vhd Line: 26
    Warning (13410): Pin "HEX1[0]" is stuck at VCC File: D:/Users/dinho/Dropbox/ifsc/PI2/01_projeto/00_main v3/MAIN.vhd Line: 29
    Warning (13410): Pin "HEX1[1]" is stuck at VCC File: D:/Users/dinho/Dropbox/ifsc/PI2/01_projeto/00_main v3/MAIN.vhd Line: 29
    Warning (13410): Pin "HEX1[2]" is stuck at VCC File: D:/Users/dinho/Dropbox/ifsc/PI2/01_projeto/00_main v3/MAIN.vhd Line: 29
    Warning (13410): Pin "HEX1[5]" is stuck at VCC File: D:/Users/dinho/Dropbox/ifsc/PI2/01_projeto/00_main v3/MAIN.vhd Line: 29
Info (286030): Timing-Driven Synthesis is running
Info (16010): Generating hard_block partition "hard_block:auto_generated_inst"
    Info (16011): Adding 0 node(s), including 0 DDIO, 0 PLL, 0 transceiver and 0 LCELL
Warning (21074): Design contains 3 input pin(s) that do not drive logic
    Warning (15610): No output dependent on input pin "KEY[1]" File: D:/Users/dinho/Dropbox/ifsc/PI2/01_projeto/00_main v3/MAIN.vhd Line: 22
    Warning (15610): No output dependent on input pin "KEY[2]" File: D:/Users/dinho/Dropbox/ifsc/PI2/01_projeto/00_main v3/MAIN.vhd Line: 22
    Warning (15610): No output dependent on input pin "KEY[3]" File: D:/Users/dinho/Dropbox/ifsc/PI2/01_projeto/00_main v3/MAIN.vhd Line: 22
Info (21057): Implemented 260 device resources after synthesis - the final resource count might be different
    Info (21058): Implemented 5 input pins
    Info (21059): Implemented 56 output pins
    Info (21060): Implemented 4 bidirectional pins
    Info (21061): Implemented 195 logic cells
Info: Quartus Prime Analysis & Synthesis was successful. 0 errors, 28 warnings
    Info: Peak virtual memory: 648 megabytes
    Info: Processing ended: Tue May 02 09:05:52 2017
    Info: Elapsed time: 00:00:19
    Info: Total CPU time (on all processors): 00:00:40


