Assembler report for D_7SEG
<<<<<<< HEAD
Wed Oct 04 11:02:54 2017
=======
<<<<<<< HEAD
<<<<<<< HEAD
Tue Oct 03 20:37:48 2017
=======
Thu Sep 28 18:33:16 2017
>>>>>>> add-sensor-alt
=======
Tue Oct 03 21:11:06 2017
>>>>>>> 71dc74f025e99eb43308e880364ba6b9229338fc
>>>>>>> 5d4424b12a3715d3810e1b07756f907096184e54
Quartus Prime Version 16.1.0 Build 196 10/24/2016 SJ Lite Edition


---------------------
; Table of Contents ;
---------------------
  1. Legal Notice
  2. Assembler Summary
  3. Assembler Settings
  4. Assembler Generated Files
  5. Assembler Device Options: C:/Users/Cliente/Dropbox/Fase_04/Projeto_Integrador_II/projetointegrador_II/D_7SEG/output_files/D_7SEG.sof
  6. Assembler Messages



----------------
; Legal Notice ;
----------------
Copyright (C) 2016  Intel Corporation. All rights reserved.
Your use of Intel Corporation's design tools, logic functions 
and other software and tools, and its AMPP partner logic 
functions, and any output files from any of the foregoing 
(including device programming or simulation files), and any 
associated documentation or information are expressly subject 
to the terms and conditions of the Intel Program License 
Subscription Agreement, the Intel Quartus Prime License Agreement,
the Intel MegaCore Function License Agreement, or other 
applicable license agreement, including, without limitation, 
that your use is for the sole purpose of programming logic 
devices manufactured by Intel and sold by Intel or its 
authorized distributors.  Please refer to the applicable 
agreement for further details.



+---------------------------------------------------------------+
; Assembler Summary                                             ;
+-----------------------+---------------------------------------+
<<<<<<< HEAD
; Assembler Status      ; Successful - Wed Oct 04 11:02:54 2017 ;
=======
<<<<<<< HEAD
<<<<<<< HEAD
; Assembler Status      ; Successful - Tue Oct 03 20:37:48 2017 ;
=======
; Assembler Status      ; Successful - Thu Sep 28 18:33:16 2017 ;
>>>>>>> add-sensor-alt
=======
; Assembler Status      ; Successful - Tue Oct 03 21:11:06 2017 ;
>>>>>>> 71dc74f025e99eb43308e880364ba6b9229338fc
>>>>>>> 5d4424b12a3715d3810e1b07756f907096184e54
; Revision Name         ; D_7SEG                                ;
; Top-level Entity Name ; D_7SEG                                ;
; Family                ; Cyclone IV E                          ;
; Device                ; EP4CE115F29C7                         ;
+-----------------------+---------------------------------------+


+----------------------------------+
; Assembler Settings               ;
+--------+---------+---------------+
; Option ; Setting ; Default Value ;
+--------+---------+---------------+


+------------------------------------------------------------------------------------------------------------+
; Assembler Generated Files                                                                                  ;
+------------------------------------------------------------------------------------------------------------+
; File Name                                                                                                  ;
+------------------------------------------------------------------------------------------------------------+
; C:/Users/Cliente/Dropbox/Fase_04/Projeto_Integrador_II/projetointegrador_II/D_7SEG/output_files/D_7SEG.sof ;
+------------------------------------------------------------------------------------------------------------+


<<<<<<< HEAD
+--------------------------------------------------------------------------------------------------------+
; Assembler Device Options: C:/Users/augus/Documents/projetointegrador_II/D_7SEG/output_files/D_7SEG.sof ;
+----------------+---------------------------------------------------------------------------------------+
; Option         ; Setting                                                                               ;
+----------------+---------------------------------------------------------------------------------------+
; Device         ; EP4CE115F29C7                                                                         ;
<<<<<<< HEAD
; JTAG usercode  ; 0x0056CE5B                                                                            ;
; Checksum       ; 0x0056CE5B                                                                            ;
=======
; JTAG usercode  ; 0x0056FE76                                                                            ;
; Checksum       ; 0x0056FE76                                                                            ;
>>>>>>> add-sensor-alt
+----------------+---------------------------------------------------------------------------------------+
=======
+--------------------------------------------------------------------------------------------------------------------------------------+
; Assembler Device Options: C:/Users/Cliente/Dropbox/Fase_04/Projeto_Integrador_II/projetointegrador_II/D_7SEG/output_files/D_7SEG.sof ;
+----------------+---------------------------------------------------------------------------------------------------------------------+
; Option         ; Setting                                                                                                             ;
+----------------+---------------------------------------------------------------------------------------------------------------------+
; Device         ; EP4CE115F29C7                                                                                                       ;
; JTAG usercode  ; 0x0056EE0C                                                                                                          ;
; Checksum       ; 0x0056EE0C                                                                                                          ;
+----------------+---------------------------------------------------------------------------------------------------------------------+
>>>>>>> 71dc74f025e99eb43308e880364ba6b9229338fc


+--------------------+
; Assembler Messages ;
+--------------------+
Info: *******************************************************************
Info: Running Quartus Prime Assembler
    Info: Version 16.1.0 Build 196 10/24/2016 SJ Lite Edition
<<<<<<< HEAD
    Info: Processing started: Wed Oct 04 11:02:47 2017
=======
<<<<<<< HEAD
<<<<<<< HEAD
    Info: Processing started: Tue Oct 03 20:37:42 2017
=======
    Info: Processing started: Thu Sep 28 18:33:12 2017
>>>>>>> add-sensor-alt
=======
    Info: Processing started: Tue Oct 03 21:10:58 2017
>>>>>>> 71dc74f025e99eb43308e880364ba6b9229338fc
>>>>>>> 5d4424b12a3715d3810e1b07756f907096184e54
Info: Command: quartus_asm --read_settings_files=off --write_settings_files=off D_7SEG -c D_7SEG
Warning (18236): Number of processors has not been specified which may cause overloading on shared machines.  Set the global assignment NUM_PARALLEL_PROCESSORS in your QSF to an appropriate value for best performance.
Info (115031): Writing out detailed assembly data for power analysis
Info (115030): Assembler is generating device programming files
Info: Quartus Prime Assembler was successful. 0 errors, 1 warning
<<<<<<< HEAD
<<<<<<< HEAD
    Info: Peak virtual memory: 573 megabytes
    Info: Processing ended: Tue Oct 03 20:37:48 2017
    Info: Elapsed time: 00:00:06
=======
    Info: Peak virtual memory: 569 megabytes
    Info: Processing ended: Thu Sep 28 18:33:16 2017
    Info: Elapsed time: 00:00:04
>>>>>>> add-sensor-alt
    Info: Total CPU time (on all processors): 00:00:04
=======
    Info: Peak virtual memory: 571 megabytes
<<<<<<< HEAD
    Info: Processing ended: Wed Oct 04 11:02:54 2017
    Info: Elapsed time: 00:00:07
    Info: Total CPU time (on all processors): 00:00:06
=======
    Info: Processing ended: Tue Oct 03 21:11:06 2017
    Info: Elapsed time: 00:00:08
    Info: Total CPU time (on all processors): 00:00:07
>>>>>>> 71dc74f025e99eb43308e880364ba6b9229338fc
>>>>>>> 5d4424b12a3715d3810e1b07756f907096184e54


