Analysis & Synthesis report for D_7SEG
<<<<<<< HEAD
Tue Oct 03 20:37:09 2017
=======
Thu Sep 28 18:32:51 2017
>>>>>>> add-sensor-alt
Quartus Prime Version 16.1.0 Build 196 10/24/2016 SJ Lite Edition


---------------------
; Table of Contents ;
---------------------
  1. Legal Notice
  2. Analysis & Synthesis Summary
  3. Analysis & Synthesis Settings
  4. Parallel Compilation
  5. Analysis & Synthesis Source Files Read
  6. Analysis & Synthesis Resource Usage Summary
  7. Analysis & Synthesis Resource Utilization by Entity
  8. User-Specified and Inferred Latches
  9. Registers Removed During Synthesis
 10. General Register Statistics
 11. Multiplexer Restructuring Statistics (Restructuring Performed)
 12. Parameter Settings for User Entity Instance: Top-level Entity: |D_7SEG
 13. Parameter Settings for User Entity Instance: debouncer_pi:BOTAO_MENU
 14. Parameter Settings for User Entity Instance: hc_sr04:SENSOR_ALTURA
 15. Port Connectivity Checks: "hc_sr04:SENSOR_ALTURA|clockDivider:HC_SR04_CLOCK"
 16. Port Connectivity Checks: "hc_sr04:SENSOR_ALTURA"
 17. Port Connectivity Checks: "display:DISPLAY_MENU"
 18. Post-Synthesis Netlist Statistics for Top Partition
 19. Elapsed Time Per Partition
 20. Analysis & Synthesis Messages



----------------
; Legal Notice ;
----------------
Copyright (C) 2016  Intel Corporation. All rights reserved.
Your use of Intel Corporation's design tools, logic functions 
and other software and tools, and its AMPP partner logic 
functions, and any output files from any of the foregoing 
(including device programming or simulation files), and any 
associated documentation or information are expressly subject 
to the terms and conditions of the Intel Program License 
Subscription Agreement, the Intel Quartus Prime License Agreement,
the Intel MegaCore Function License Agreement, or other 
applicable license agreement, including, without limitation, 
that your use is for the sole purpose of programming logic 
devices manufactured by Intel and sold by Intel or its 
authorized distributors.  Please refer to the applicable 
agreement for further details.



+----------------------------------------------------------------------------------+
; Analysis & Synthesis Summary                                                     ;
+------------------------------------+---------------------------------------------+
<<<<<<< HEAD
; Analysis & Synthesis Status        ; Successful - Tue Oct 03 20:37:09 2017       ;
=======
; Analysis & Synthesis Status        ; Successful - Thu Sep 28 18:32:51 2017       ;
>>>>>>> add-sensor-alt
; Quartus Prime Version              ; 16.1.0 Build 196 10/24/2016 SJ Lite Edition ;
; Revision Name                      ; D_7SEG                                      ;
; Top-level Entity Name              ; D_7SEG                                      ;
; Family                             ; Cyclone IV E                                ;
<<<<<<< HEAD
; Total logic elements               ; 37                                          ;
;     Total combinational functions  ; 37                                          ;
;     Dedicated logic registers      ; 25                                          ;
; Total registers                    ; 25                                          ;
=======
; Total logic elements               ; 48                                          ;
;     Total combinational functions  ; 48                                          ;
;     Dedicated logic registers      ; 35                                          ;
; Total registers                    ; 35                                          ;
>>>>>>> add-sensor-alt
; Total pins                         ; 137                                         ;
; Total virtual pins                 ; 0                                           ;
; Total memory bits                  ; 0                                           ;
; Embedded Multiplier 9-bit elements ; 0                                           ;
; Total PLLs                         ; 0                                           ;
+------------------------------------+---------------------------------------------+


+----------------------------------------------------------------------------------------------------------------------+
; Analysis & Synthesis Settings                                                                                        ;
+----------------------------------------------------------------------------+--------------------+--------------------+
; Option                                                                     ; Setting            ; Default Value      ;
+----------------------------------------------------------------------------+--------------------+--------------------+
; Device                                                                     ; EP4CE115F29C7      ;                    ;
; Top-level entity name                                                      ; D_7SEG             ; D_7SEG             ;
; Family name                                                                ; Cyclone IV E       ; Cyclone V          ;
; Use smart compilation                                                      ; Off                ; Off                ;
; Enable parallel Assembler and TimeQuest Timing Analyzer during compilation ; On                 ; On                 ;
; Enable compact report table                                                ; Off                ; Off                ;
; Restructure Multiplexers                                                   ; Auto               ; Auto               ;
; Create Debugging Nodes for IP Cores                                        ; Off                ; Off                ;
; Preserve fewer node names                                                  ; On                 ; On                 ;
; OpenCore Plus hardware evaluation                                          ; Enable             ; Enable             ;
; Verilog Version                                                            ; Verilog_2001       ; Verilog_2001       ;
; VHDL Version                                                               ; VHDL_1993          ; VHDL_1993          ;
; State Machine Processing                                                   ; Auto               ; Auto               ;
; Safe State Machine                                                         ; Off                ; Off                ;
; Extract Verilog State Machines                                             ; On                 ; On                 ;
; Extract VHDL State Machines                                                ; On                 ; On                 ;
; Ignore Verilog initial constructs                                          ; Off                ; Off                ;
; Iteration limit for constant Verilog loops                                 ; 5000               ; 5000               ;
; Iteration limit for non-constant Verilog loops                             ; 250                ; 250                ;
; Add Pass-Through Logic to Inferred RAMs                                    ; On                 ; On                 ;
; Infer RAMs from Raw Logic                                                  ; On                 ; On                 ;
; Parallel Synthesis                                                         ; On                 ; On                 ;
; DSP Block Balancing                                                        ; Auto               ; Auto               ;
; NOT Gate Push-Back                                                         ; On                 ; On                 ;
; Power-Up Don't Care                                                        ; On                 ; On                 ;
; Remove Redundant Logic Cells                                               ; Off                ; Off                ;
; Remove Duplicate Registers                                                 ; On                 ; On                 ;
; Ignore CARRY Buffers                                                       ; Off                ; Off                ;
; Ignore CASCADE Buffers                                                     ; Off                ; Off                ;
; Ignore GLOBAL Buffers                                                      ; Off                ; Off                ;
; Ignore ROW GLOBAL Buffers                                                  ; Off                ; Off                ;
; Ignore LCELL Buffers                                                       ; Off                ; Off                ;
; Ignore SOFT Buffers                                                        ; On                 ; On                 ;
; Limit AHDL Integers to 32 Bits                                             ; Off                ; Off                ;
; Optimization Technique                                                     ; Balanced           ; Balanced           ;
; Carry Chain Length                                                         ; 70                 ; 70                 ;
; Auto Carry Chains                                                          ; On                 ; On                 ;
; Auto Open-Drain Pins                                                       ; On                 ; On                 ;
; Perform WYSIWYG Primitive Resynthesis                                      ; Off                ; Off                ;
; Auto ROM Replacement                                                       ; On                 ; On                 ;
; Auto RAM Replacement                                                       ; On                 ; On                 ;
; Auto DSP Block Replacement                                                 ; On                 ; On                 ;
; Auto Shift Register Replacement                                            ; Auto               ; Auto               ;
; Allow Shift Register Merging across Hierarchies                            ; Auto               ; Auto               ;
; Auto Clock Enable Replacement                                              ; On                 ; On                 ;
; Strict RAM Replacement                                                     ; Off                ; Off                ;
; Allow Synchronous Control Signals                                          ; On                 ; On                 ;
; Force Use of Synchronous Clear Signals                                     ; Off                ; Off                ;
; Auto RAM Block Balancing                                                   ; On                 ; On                 ;
; Auto RAM to Logic Cell Conversion                                          ; Off                ; Off                ;
; Auto Resource Sharing                                                      ; Off                ; Off                ;
; Allow Any RAM Size For Recognition                                         ; Off                ; Off                ;
; Allow Any ROM Size For Recognition                                         ; Off                ; Off                ;
; Allow Any Shift Register Size For Recognition                              ; Off                ; Off                ;
; Use LogicLock Constraints during Resource Balancing                        ; On                 ; On                 ;
; Ignore translate_off and synthesis_off directives                          ; Off                ; Off                ;
; Timing-Driven Synthesis                                                    ; On                 ; On                 ;
; Report Parameter Settings                                                  ; On                 ; On                 ;
; Report Source Assignments                                                  ; On                 ; On                 ;
; Report Connectivity Checks                                                 ; On                 ; On                 ;
; Ignore Maximum Fan-Out Assignments                                         ; Off                ; Off                ;
; Synchronization Register Chain Length                                      ; 2                  ; 2                  ;
; PowerPlay Power Optimization During Synthesis                              ; Normal compilation ; Normal compilation ;
; HDL message level                                                          ; Level2             ; Level2             ;
; Suppress Register Optimization Related Messages                            ; Off                ; Off                ;
; Number of Removed Registers Reported in Synthesis Report                   ; 5000               ; 5000               ;
; Number of Swept Nodes Reported in Synthesis Report                         ; 5000               ; 5000               ;
; Number of Inverted Registers Reported in Synthesis Report                  ; 100                ; 100                ;
; Clock MUX Protection                                                       ; On                 ; On                 ;
; Auto Gated Clock Conversion                                                ; Off                ; Off                ;
; Block Design Naming                                                        ; Auto               ; Auto               ;
; SDC constraint protection                                                  ; Off                ; Off                ;
; Synthesis Effort                                                           ; Auto               ; Auto               ;
; Shift Register Replacement - Allow Asynchronous Clear Signal               ; On                 ; On                 ;
; Pre-Mapping Resynthesis Optimization                                       ; Off                ; Off                ;
; Analysis & Synthesis Message Level                                         ; Medium             ; Medium             ;
; Disable Register Merging Across Hierarchies                                ; Auto               ; Auto               ;
; Resource Aware Inference For Block RAM                                     ; On                 ; On                 ;
+----------------------------------------------------------------------------+--------------------+--------------------+


+------------------------------------------+
; Parallel Compilation                     ;
+----------------------------+-------------+
; Processors                 ; Number      ;
+----------------------------+-------------+
; Number detected on machine ; 4           ;
; Maximum allowed            ; 2           ;
;                            ;             ;
; Average used               ; 1.00        ;
; Maximum used               ; 2           ;
;                            ;             ;
; Usage by Processor         ; % Time Used ;
;     Processor 1            ; 100.0%      ;
;     Processor 2            ;   0.0%      ;
+----------------------------+-------------+


+------------------------------------------------------------------------------------------------------------------------------------------------------------+
; Analysis & Synthesis Source Files Read                                                                                                                     ;
+----------------------------------+-----------------+-----------------+---------------------------------------------------------------------------+---------+
; File Name with User-Entered Path ; Used in Netlist ; File Type       ; File Name with Absolute Path                                              ; Library ;
+----------------------------------+-----------------+-----------------+---------------------------------------------------------------------------+---------+
; clockDivider.vhd                 ; yes             ; User VHDL File  ; C:/Users/augus/Documents/projetointegrador_II/D_7SEG/clockDivider.vhd     ;         ;
; hc_sr04.vhd                      ; yes             ; User VHDL File  ; C:/Users/augus/Documents/projetointegrador_II/D_7SEG/hc_sr04.vhd          ;         ;
; sevenSeg_decoder.vhd             ; yes             ; User VHDL File  ; C:/Users/augus/Documents/projetointegrador_II/D_7SEG/sevenSeg_decoder.vhd ;         ;
; display.vhd                      ; yes             ; User VHDL File  ; C:/Users/augus/Documents/projetointegrador_II/D_7SEG/display.vhd          ;         ;
; debouncer_pi.vhd                 ; yes             ; User VHDL File  ; C:/Users/augus/Documents/projetointegrador_II/D_7SEG/debouncer_pi.vhd     ;         ;
; D_7SEG.vhd                       ; yes             ; User VHDL File  ; C:/Users/augus/Documents/projetointegrador_II/D_7SEG/D_7SEG.vhd           ;         ;
+----------------------------------+-----------------+-----------------+---------------------------------------------------------------------------+---------+


<<<<<<< HEAD
+-------------------------------------------------------+
; Analysis & Synthesis Resource Usage Summary           ;
+---------------------------------------------+---------+
; Resource                                    ; Usage   ;
+---------------------------------------------+---------+
; Estimated Total logic elements              ; 37      ;
;                                             ;         ;
; Total combinational functions               ; 37      ;
; Logic element usage by number of LUT inputs ;         ;
;     -- 4 input functions                    ; 7       ;
;     -- 3 input functions                    ; 3       ;
;     -- <=2 input functions                  ; 27      ;
;                                             ;         ;
; Logic elements by mode                      ;         ;
;     -- normal mode                          ; 15      ;
;     -- arithmetic mode                      ; 22      ;
;                                             ;         ;
; Total registers                             ; 25      ;
;     -- Dedicated logic registers            ; 25      ;
;     -- I/O registers                        ; 0       ;
;                                             ;         ;
; I/O pins                                    ; 137     ;
;                                             ;         ;
; Embedded Multiplier 9-bit elements          ; 0       ;
;                                             ;         ;
; Maximum fan-out node                        ; selecao ;
; Maximum fan-out                             ; 24      ;
; Total fan-out                               ; 382     ;
; Average fan-out                             ; 1.03    ;
+---------------------------------------------+---------+
=======
+--------------------------------------------------------------+
; Analysis & Synthesis Resource Usage Summary                  ;
+---------------------------------------------+----------------+
; Resource                                    ; Usage          ;
+---------------------------------------------+----------------+
; Estimated Total logic elements              ; 48             ;
;                                             ;                ;
; Total combinational functions               ; 48             ;
; Logic element usage by number of LUT inputs ;                ;
;     -- 4 input functions                    ; 9              ;
;     -- 3 input functions                    ; 3              ;
;     -- <=2 input functions                  ; 36             ;
;                                             ;                ;
; Logic elements by mode                      ;                ;
;     -- normal mode                          ; 18             ;
;     -- arithmetic mode                      ; 30             ;
;                                             ;                ;
; Total registers                             ; 35             ;
;     -- Dedicated logic registers            ; 35             ;
;     -- I/O registers                        ; 0              ;
;                                             ;                ;
; I/O pins                                    ; 137            ;
;                                             ;                ;
; Embedded Multiplier 9-bit elements          ; 0              ;
;                                             ;                ;
; Maximum fan-out node                        ; clock_50~input ;
; Maximum fan-out                             ; 34             ;
; Total fan-out                               ; 437            ;
; Average fan-out                             ; 1.11           ;
+---------------------------------------------+----------------+
>>>>>>> add-sensor-alt


+-------------------------------------------------------------------------------------------------------------------------------------------------------------------------------------------------------------------------+
; Analysis & Synthesis Resource Utilization by Entity                                                                                                                                                                     ;
+------------------------------+---------------------+---------------------------+-------------+--------------+---------+-----------+------+--------------+---------------------------------+--------------+--------------+
; Compilation Hierarchy Node   ; Combinational ALUTs ; Dedicated Logic Registers ; Memory Bits ; DSP Elements ; DSP 9x9 ; DSP 18x18 ; Pins ; Virtual Pins ; Full Hierarchy Name             ; Entity Name  ; Library Name ;
+------------------------------+---------------------+---------------------------+-------------+--------------+---------+-----------+------+--------------+---------------------------------+--------------+--------------+
<<<<<<< HEAD
; |D_7SEG                      ; 37 (1)              ; 25 (1)                    ; 0           ; 0            ; 0       ; 0         ; 137  ; 0            ; |D_7SEG                         ; D_7SEG       ; work         ;
=======
; |D_7SEG                      ; 48 (1)              ; 35 (1)                    ; 0           ; 0            ; 0       ; 0         ; 137  ; 0            ; |D_7SEG                         ; D_7SEG       ; work         ;
>>>>>>> add-sensor-alt
;    |debouncer_pi:BOTAO_MENU| ; 36 (36)             ; 24 (24)                   ; 0           ; 0            ; 0       ; 0         ; 0    ; 0            ; |D_7SEG|debouncer_pi:BOTAO_MENU ; debouncer_pi ; work         ;
;    |hc_sr04:SENSOR_ALTURA|   ; 11 (11)             ; 10 (10)                   ; 0           ; 0            ; 0       ; 0         ; 0    ; 0            ; |D_7SEG|hc_sr04:SENSOR_ALTURA   ; hc_sr04      ; work         ;
+------------------------------+---------------------+---------------------------+-------------+--------------+---------+-----------+------+--------------+---------------------------------+--------------+--------------+
Note: For table entries with two numbers listed, the numbers in parentheses indicate the number of resources of the given type used by the specific entity alone. The numbers listed outside of parentheses indicate the total resources of the given type used by the specific entity and all of its sub-entities in the hierarchy.


+---------------------------------------------------------------------------------------------------+
; User-Specified and Inferred Latches                                                               ;
+----------------------------------------------------+---------------------+------------------------+
; Latch Name                                         ; Latch Enable Signal ; Free of Timing Hazards ;
+----------------------------------------------------+---------------------+------------------------+
; display:DISPLAY_MENU|DISPLAY2[2]                   ; VCC                 ; yes                    ;
; display:DISPLAY_MENU|DISPLAY2[4]                   ; VCC                 ; yes                    ;
; display:DISPLAY_MENU|DISPLAY2[5]                   ; VCC                 ; yes                    ;
; display:DISPLAY_MENU|DISPLAY3[2]                   ; VCC                 ; yes                    ;
; display:DISPLAY_MENU|DISPLAY3[5]                   ; VCC                 ; yes                    ;
; Number of user-specified and inferred latches = 5  ;                     ;                        ;
+----------------------------------------------------+---------------------+------------------------+
Note: All latches listed above may not be present at the end of synthesis due to various synthesis optimizations.
<<<<<<< HEAD
=======


+--------------------------------------------------------------------------------+
; Registers Removed During Synthesis                                             ;
+---------------------------------------+----------------------------------------+
; Register name                         ; Reason for Removal                     ;
+---------------------------------------+----------------------------------------+
; hc_sr04:SENSOR_ALTURA|FIM_TRIGGER     ; Stuck at GND due to stuck port data_in ;
; Total Number of Removed Registers = 1 ;                                        ;
+---------------------------------------+----------------------------------------+
>>>>>>> add-sensor-alt


+------------------------------------------------------+
; General Register Statistics                          ;
+----------------------------------------------+-------+
; Statistic                                    ; Value ;
+----------------------------------------------+-------+
<<<<<<< HEAD
; Total registers                              ; 25    ;
; Number of registers using Synchronous Clear  ; 23    ;
=======
; Total registers                              ; 35    ;
; Number of registers using Synchronous Clear  ; 32    ;
>>>>>>> add-sensor-alt
; Number of registers using Synchronous Load   ; 0     ;
; Number of registers using Asynchronous Clear ; 0     ;
; Number of registers using Asynchronous Load  ; 0     ;
; Number of registers using Clock Enable       ; 23    ;
; Number of registers using Preset             ; 0     ;
+----------------------------------------------+-------+


+-----------------------------------------------------------------------------------------------------------------------------------------------------------+
; Multiplexer Restructuring Statistics (Restructuring Performed)                                                                                            ;
+--------------------+-----------+---------------+----------------------+------------------------+------------+---------------------------------------------+
; Multiplexer Inputs ; Bus Width ; Baseline Area ; Area if Restructured ; Saving if Restructured ; Registered ; Example Multiplexer Output                  ;
+--------------------+-----------+---------------+----------------------+------------------------+------------+---------------------------------------------+
; 5:1                ; 23 bits   ; 69 LEs        ; 23 LEs               ; 46 LEs                 ; Yes        ; |D_7SEG|debouncer_pi:BOTAO_MENU|counter[22] ;
+--------------------+-----------+---------------+----------------------+------------------------+------------+---------------------------------------------+


+------------------------------------------------------------------------+
; Parameter Settings for User Entity Instance: Top-level Entity: |D_7SEG ;
+----------------+----------+--------------------------------------------+
; Parameter Name ; Value    ; Type                                       ;
+----------------+----------+--------------------------------------------+
; freqIn         ; 50000000 ; Signed Integer                             ;
; defaultState   ; '0'      ; Enumerated                                 ;
; freqOut        ; 1        ; Signed Integer                             ;
+----------------+----------+--------------------------------------------+
Note: In order to hide this table in the UI and the text report file, please set the "Show Parameter Settings in Synthesis Report" option in "Analysis and Synthesis Settings -> More Settings" to "Off".


+----------------------------------------------------------------------+
; Parameter Settings for User Entity Instance: debouncer_pi:BOTAO_MENU ;
+----------------+----------+------------------------------------------+
; Parameter Name ; Value    ; Type                                     ;
+----------------+----------+------------------------------------------+
; freqin         ; 50000000 ; Signed Integer                           ;
; delay          ; 100      ; Signed Integer                           ;
; defaultstate   ; '0'      ; Enumerated                               ;
+----------------+----------+------------------------------------------+
Note: In order to hide this table in the UI and the text report file, please set the "Show Parameter Settings in Synthesis Report" option in "Analysis and Synthesis Settings -> More Settings" to "Off".


+--------------------------------------------------------------------+
; Parameter Settings for User Entity Instance: hc_sr04:SENSOR_ALTURA ;
+----------------+----------+----------------------------------------+
; Parameter Name ; Value    ; Type                                   ;
+----------------+----------+----------------------------------------+
; freqin         ; 50000000 ; Signed Integer                         ;
; freqout        ; 17000    ; Signed Integer                         ;
+----------------+----------+----------------------------------------+
Note: In order to hide this table in the UI and the text report file, please set the "Show Parameter Settings in Synthesis Report" option in "Analysis and Synthesis Settings -> More Settings" to "Off".


+---------------------------------------------------------------------------------------------------------------------------+
; Port Connectivity Checks: "hc_sr04:SENSOR_ALTURA|clockDivider:HC_SR04_CLOCK"                                              ;
+-----------------+--------+----------+-------------------------------------------------------------------------------------+
; Port            ; Type   ; Severity ; Details                                                                             ;
+-----------------+--------+----------+-------------------------------------------------------------------------------------+
; freqin[23..19]  ; Input  ; Info     ; Stuck at VCC                                                                        ;
; freqin[15..12]  ; Input  ; Info     ; Stuck at VCC                                                                        ;
; freqin[31..26]  ; Input  ; Info     ; Stuck at GND                                                                        ;
; freqin[11..8]   ; Input  ; Info     ; Stuck at GND                                                                        ;
; freqin[6..0]    ; Input  ; Info     ; Stuck at GND                                                                        ;
; freqin[25]      ; Input  ; Info     ; Stuck at VCC                                                                        ;
; freqin[24]      ; Input  ; Info     ; Stuck at GND                                                                        ;
; freqin[18]      ; Input  ; Info     ; Stuck at GND                                                                        ;
; freqin[17]      ; Input  ; Info     ; Stuck at VCC                                                                        ;
; freqin[16]      ; Input  ; Info     ; Stuck at GND                                                                        ;
; freqin[7]       ; Input  ; Info     ; Stuck at VCC                                                                        ;
; freqout[6..5]   ; Input  ; Info     ; Stuck at VCC                                                                        ;
; freqout[31..15] ; Input  ; Info     ; Stuck at GND                                                                        ;
; freqout[13..10] ; Input  ; Info     ; Stuck at GND                                                                        ;
; freqout[8..7]   ; Input  ; Info     ; Stuck at GND                                                                        ;
; freqout[2..0]   ; Input  ; Info     ; Stuck at GND                                                                        ;
; freqout[14]     ; Input  ; Info     ; Stuck at VCC                                                                        ;
; freqout[9]      ; Input  ; Info     ; Stuck at VCC                                                                        ;
; freqout[4]      ; Input  ; Info     ; Stuck at GND                                                                        ;
; freqout[3]      ; Input  ; Info     ; Stuck at VCC                                                                        ;
; clockout        ; Output ; Info     ; Connected to dangling logic. Logic that only feeds a dangling port will be removed. ;
+-----------------+--------+----------+-------------------------------------------------------------------------------------+


+---------------------------------------------------+
; Port Connectivity Checks: "hc_sr04:SENSOR_ALTURA" ;
+--------+-------+----------+-----------------------+
; Port   ; Type  ; Severity ; Details               ;
+--------+-------+----------+-----------------------+
; enable ; Input ; Info     ; Stuck at GND          ;
; echo   ; Input ; Info     ; Stuck at GND          ;
+--------+-------+----------+-----------------------+


+--------------------------------------------------+
; Port Connectivity Checks: "display:DISPLAY_MENU" ;
+----------------+-------+----------+--------------+
; Port           ; Type  ; Severity ; Details      ;
+----------------+-------+----------+--------------+
; cor            ; Input ; Info     ; Stuck at GND ;
; altura[6..5]   ; Input ; Info     ; Stuck at VCC ;
; altura[1..0]   ; Input ; Info     ; Stuck at VCC ;
; altura[31..7]  ; Input ; Info     ; Stuck at GND ;
; altura[4..2]   ; Input ; Info     ; Stuck at GND ;
; selecao[31..1] ; Input ; Info     ; Stuck at GND ;
+----------------+-------+----------+--------------+


+-----------------------------------------------------+
; Post-Synthesis Netlist Statistics for Top Partition ;
+-----------------------+-----------------------------+
; Type                  ; Count                       ;
+-----------------------+-----------------------------+
; boundary_port         ; 137                         ;
<<<<<<< HEAD
; cycloneiii_ff         ; 25                          ;
=======
; cycloneiii_ff         ; 35                          ;
>>>>>>> add-sensor-alt
;     ENA SCLR          ; 23                          ;
;     SCLR              ; 9                           ;
;     plain             ; 3                           ;
; cycloneiii_io_obuf    ; 36                          ;
; cycloneiii_lcell_comb ; 51                          ;
;     arith             ; 30                          ;
;         2 data inputs ; 30                          ;
;     normal            ; 21                          ;
;         0 data inputs ; 2                           ;
;         1 data inputs ; 4                           ;
;         2 data inputs ; 3                           ;
;         3 data inputs ; 3                           ;
;         4 data inputs ; 9                           ;
;                       ;                             ;
; Max LUT depth         ; 5.00                        ;
<<<<<<< HEAD
; Average LUT depth     ; 2.13                        ;
=======
; Average LUT depth     ; 2.02                        ;
>>>>>>> add-sensor-alt
+-----------------------+-----------------------------+


+-------------------------------+
; Elapsed Time Per Partition    ;
+----------------+--------------+
; Partition Name ; Elapsed Time ;
+----------------+--------------+
; Top            ; 00:00:01     ;
+----------------+--------------+


+-------------------------------+
; Analysis & Synthesis Messages ;
+-------------------------------+
Info: *******************************************************************
Info: Running Quartus Prime Analysis & Synthesis
    Info: Version 16.1.0 Build 196 10/24/2016 SJ Lite Edition
<<<<<<< HEAD
    Info: Processing started: Tue Oct 03 20:36:50 2017
=======
    Info: Processing started: Thu Sep 28 18:32:36 2017
>>>>>>> add-sensor-alt
Info: Command: quartus_map --read_settings_files=on --write_settings_files=off D_7SEG -c D_7SEG
Warning (18236): Number of processors has not been specified which may cause overloading on shared machines.  Set the global assignment NUM_PARALLEL_PROCESSORS in your QSF to an appropriate value for best performance.
Info (20030): Parallel compilation is enabled and will use 2 of the 2 processors detected
Info (12021): Found 2 design units, including 1 entities, in source file clockdivider.vhd
    Info (12022): Found design unit 1: clockDivider-behavior File: C:/Users/augus/Documents/projetointegrador_II/D_7SEG/clockDivider.vhd Line: 21
    Info (12023): Found entity 1: clockDivider File: C:/Users/augus/Documents/projetointegrador_II/D_7SEG/clockDivider.vhd Line: 7
Info (12021): Found 2 design units, including 1 entities, in source file hc_sr04.vhd
    Info (12022): Found design unit 1: hc_sr04-behavior File: C:/Users/augus/Documents/projetointegrador_II/D_7SEG/hc_sr04.vhd Line: 22
    Info (12023): Found entity 1: hc_sr04 File: C:/Users/augus/Documents/projetointegrador_II/D_7SEG/hc_sr04.vhd Line: 4
Info (12021): Found 2 design units, including 1 entities, in source file sevenseg_decoder.vhd
    Info (12022): Found design unit 1: sevenSeg_decoder-behavior File: C:/Users/augus/Documents/projetointegrador_II/D_7SEG/sevenSeg_decoder.vhd Line: 12
    Info (12023): Found entity 1: sevenSeg_decoder File: C:/Users/augus/Documents/projetointegrador_II/D_7SEG/sevenSeg_decoder.vhd Line: 4
Info (12021): Found 2 design units, including 1 entities, in source file display.vhd
    Info (12022): Found design unit 1: display-behavior File: C:/Users/augus/Documents/projetointegrador_II/D_7SEG/display.vhd Line: 23
    Info (12023): Found entity 1: display File: C:/Users/augus/Documents/projetointegrador_II/D_7SEG/display.vhd Line: 4
Info (12021): Found 2 design units, including 1 entities, in source file debouncer_pi.vhd
    Info (12022): Found design unit 1: debouncer_pi-behavior File: C:/Users/augus/Documents/projetointegrador_II/D_7SEG/debouncer_pi.vhd Line: 19
    Info (12023): Found entity 1: debouncer_pi File: C:/Users/augus/Documents/projetointegrador_II/D_7SEG/debouncer_pi.vhd Line: 6
Info (12021): Found 2 design units, including 1 entities, in source file d_7seg.vhd
    Info (12022): Found design unit 1: D_7SEG-display File: C:/Users/augus/Documents/projetointegrador_II/D_7SEG/D_7SEG.vhd Line: 58
    Info (12023): Found entity 1: D_7SEG File: C:/Users/augus/Documents/projetointegrador_II/D_7SEG/D_7SEG.vhd Line: 23
Info (12127): Elaborating entity "D_7SEG" for the top level hierarchy
Warning (10541): VHDL Signal Declaration warning at D_7SEG.vhd(32): used implicit default value for signal "CLOCKOUT" because signal was never assigned a value or an explicit default value. Use of implicit default value may introduce unintended design optimizations. File: C:/Users/augus/Documents/projetointegrador_II/D_7SEG/D_7SEG.vhd Line: 32
Warning (10541): VHDL Signal Declaration warning at D_7SEG.vhd(53): used implicit default value for signal "LEDR" because signal was never assigned a value or an explicit default value. Use of implicit default value may introduce unintended design optimizations. File: C:/Users/augus/Documents/projetointegrador_II/D_7SEG/D_7SEG.vhd Line: 53
Warning (10540): VHDL Signal Declaration warning at D_7SEG.vhd(74): used explicit default value for signal "color" because signal was never assigned a value File: C:/Users/augus/Documents/projetointegrador_II/D_7SEG/D_7SEG.vhd Line: 74
Warning (10540): VHDL Signal Declaration warning at D_7SEG.vhd(75): used explicit default value for signal "altura" because signal was never assigned a value File: C:/Users/augus/Documents/projetointegrador_II/D_7SEG/D_7SEG.vhd Line: 75
<<<<<<< HEAD
Warning (10034): Output port "END_TRIGGER" at D_7SEG.vhd(49) has no driver File: C:/Users/augus/Documents/projetointegrador_II/D_7SEG/D_7SEG.vhd Line: 49
Warning (10034): Output port "HC_ENABLE" at D_7SEG.vhd(50) has no driver File: C:/Users/augus/Documents/projetointegrador_II/D_7SEG/D_7SEG.vhd Line: 50
=======
Warning (10030): Net "END_TRIGGER" at D_7SEG.vhd(49) has no driver or initial value, using a default initial value '0' File: C:/Users/augus/Documents/projetointegrador_II/D_7SEG/D_7SEG.vhd Line: 49
>>>>>>> add-sensor-alt
Info (12128): Elaborating entity "debouncer_pi" for hierarchy "debouncer_pi:BOTAO_MENU" File: C:/Users/augus/Documents/projetointegrador_II/D_7SEG/D_7SEG.vhd Line: 79
Info (12128): Elaborating entity "display" for hierarchy "display:DISPLAY_MENU" File: C:/Users/augus/Documents/projetointegrador_II/D_7SEG/D_7SEG.vhd Line: 106
Warning (10492): VHDL Process Statement warning at display.vhd(66): signal "conv_ten" is read inside the Process Statement but isn't in the Process Statement's sensitivity list File: C:/Users/augus/Documents/projetointegrador_II/D_7SEG/display.vhd Line: 66
Warning (10492): VHDL Process Statement warning at display.vhd(67): signal "conv_unit" is read inside the Process Statement but isn't in the Process Statement's sensitivity list File: C:/Users/augus/Documents/projetointegrador_II/D_7SEG/display.vhd Line: 67
Warning (10631): VHDL Process Statement warning at display.vhd(52): inferring latch(es) for signal or variable "DISPLAY7", which holds its previous value in one or more paths through the process File: C:/Users/augus/Documents/projetointegrador_II/D_7SEG/display.vhd Line: 52
Warning (10631): VHDL Process Statement warning at display.vhd(52): inferring latch(es) for signal or variable "DISPLAY6", which holds its previous value in one or more paths through the process File: C:/Users/augus/Documents/projetointegrador_II/D_7SEG/display.vhd Line: 52
Warning (10631): VHDL Process Statement warning at display.vhd(52): inferring latch(es) for signal or variable "DISPLAY5", which holds its previous value in one or more paths through the process File: C:/Users/augus/Documents/projetointegrador_II/D_7SEG/display.vhd Line: 52
Warning (10631): VHDL Process Statement warning at display.vhd(52): inferring latch(es) for signal or variable "DISPLAY4", which holds its previous value in one or more paths through the process File: C:/Users/augus/Documents/projetointegrador_II/D_7SEG/display.vhd Line: 52
Warning (10631): VHDL Process Statement warning at display.vhd(52): inferring latch(es) for signal or variable "DISPLAY3", which holds its previous value in one or more paths through the process File: C:/Users/augus/Documents/projetointegrador_II/D_7SEG/display.vhd Line: 52
Warning (10631): VHDL Process Statement warning at display.vhd(52): inferring latch(es) for signal or variable "DISPLAY2", which holds its previous value in one or more paths through the process File: C:/Users/augus/Documents/projetointegrador_II/D_7SEG/display.vhd Line: 52
Warning (10631): VHDL Process Statement warning at display.vhd(52): inferring latch(es) for signal or variable "DISPLAY1", which holds its previous value in one or more paths through the process File: C:/Users/augus/Documents/projetointegrador_II/D_7SEG/display.vhd Line: 52
Warning (10631): VHDL Process Statement warning at display.vhd(52): inferring latch(es) for signal or variable "DISPLAY0", which holds its previous value in one or more paths through the process File: C:/Users/augus/Documents/projetointegrador_II/D_7SEG/display.vhd Line: 52
Info (10041): Inferred latch for "DISPLAY0[0]" at display.vhd(52) File: C:/Users/augus/Documents/projetointegrador_II/D_7SEG/display.vhd Line: 52
Info (10041): Inferred latch for "DISPLAY0[1]" at display.vhd(52) File: C:/Users/augus/Documents/projetointegrador_II/D_7SEG/display.vhd Line: 52
Info (10041): Inferred latch for "DISPLAY0[2]" at display.vhd(52) File: C:/Users/augus/Documents/projetointegrador_II/D_7SEG/display.vhd Line: 52
Info (10041): Inferred latch for "DISPLAY0[3]" at display.vhd(52) File: C:/Users/augus/Documents/projetointegrador_II/D_7SEG/display.vhd Line: 52
Info (10041): Inferred latch for "DISPLAY0[4]" at display.vhd(52) File: C:/Users/augus/Documents/projetointegrador_II/D_7SEG/display.vhd Line: 52
Info (10041): Inferred latch for "DISPLAY0[5]" at display.vhd(52) File: C:/Users/augus/Documents/projetointegrador_II/D_7SEG/display.vhd Line: 52
Info (10041): Inferred latch for "DISPLAY0[6]" at display.vhd(52) File: C:/Users/augus/Documents/projetointegrador_II/D_7SEG/display.vhd Line: 52
Info (10041): Inferred latch for "DISPLAY1[0]" at display.vhd(52) File: C:/Users/augus/Documents/projetointegrador_II/D_7SEG/display.vhd Line: 52
Info (10041): Inferred latch for "DISPLAY1[1]" at display.vhd(52) File: C:/Users/augus/Documents/projetointegrador_II/D_7SEG/display.vhd Line: 52
Info (10041): Inferred latch for "DISPLAY1[2]" at display.vhd(52) File: C:/Users/augus/Documents/projetointegrador_II/D_7SEG/display.vhd Line: 52
Info (10041): Inferred latch for "DISPLAY1[3]" at display.vhd(52) File: C:/Users/augus/Documents/projetointegrador_II/D_7SEG/display.vhd Line: 52
Info (10041): Inferred latch for "DISPLAY1[4]" at display.vhd(52) File: C:/Users/augus/Documents/projetointegrador_II/D_7SEG/display.vhd Line: 52
Info (10041): Inferred latch for "DISPLAY1[5]" at display.vhd(52) File: C:/Users/augus/Documents/projetointegrador_II/D_7SEG/display.vhd Line: 52
Info (10041): Inferred latch for "DISPLAY1[6]" at display.vhd(52) File: C:/Users/augus/Documents/projetointegrador_II/D_7SEG/display.vhd Line: 52
Info (10041): Inferred latch for "DISPLAY2[0]" at display.vhd(52) File: C:/Users/augus/Documents/projetointegrador_II/D_7SEG/display.vhd Line: 52
Info (10041): Inferred latch for "DISPLAY2[1]" at display.vhd(52) File: C:/Users/augus/Documents/projetointegrador_II/D_7SEG/display.vhd Line: 52
Info (10041): Inferred latch for "DISPLAY2[2]" at display.vhd(52) File: C:/Users/augus/Documents/projetointegrador_II/D_7SEG/display.vhd Line: 52
Info (10041): Inferred latch for "DISPLAY2[3]" at display.vhd(52) File: C:/Users/augus/Documents/projetointegrador_II/D_7SEG/display.vhd Line: 52
Info (10041): Inferred latch for "DISPLAY2[4]" at display.vhd(52) File: C:/Users/augus/Documents/projetointegrador_II/D_7SEG/display.vhd Line: 52
Info (10041): Inferred latch for "DISPLAY2[5]" at display.vhd(52) File: C:/Users/augus/Documents/projetointegrador_II/D_7SEG/display.vhd Line: 52
Info (10041): Inferred latch for "DISPLAY2[6]" at display.vhd(52) File: C:/Users/augus/Documents/projetointegrador_II/D_7SEG/display.vhd Line: 52
Info (10041): Inferred latch for "DISPLAY3[0]" at display.vhd(52) File: C:/Users/augus/Documents/projetointegrador_II/D_7SEG/display.vhd Line: 52
Info (10041): Inferred latch for "DISPLAY3[1]" at display.vhd(52) File: C:/Users/augus/Documents/projetointegrador_II/D_7SEG/display.vhd Line: 52
Info (10041): Inferred latch for "DISPLAY3[2]" at display.vhd(52) File: C:/Users/augus/Documents/projetointegrador_II/D_7SEG/display.vhd Line: 52
Info (10041): Inferred latch for "DISPLAY3[3]" at display.vhd(52) File: C:/Users/augus/Documents/projetointegrador_II/D_7SEG/display.vhd Line: 52
Info (10041): Inferred latch for "DISPLAY3[4]" at display.vhd(52) File: C:/Users/augus/Documents/projetointegrador_II/D_7SEG/display.vhd Line: 52
Info (10041): Inferred latch for "DISPLAY3[5]" at display.vhd(52) File: C:/Users/augus/Documents/projetointegrador_II/D_7SEG/display.vhd Line: 52
Info (10041): Inferred latch for "DISPLAY3[6]" at display.vhd(52) File: C:/Users/augus/Documents/projetointegrador_II/D_7SEG/display.vhd Line: 52
Info (10041): Inferred latch for "DISPLAY4[0]" at display.vhd(52) File: C:/Users/augus/Documents/projetointegrador_II/D_7SEG/display.vhd Line: 52
Info (10041): Inferred latch for "DISPLAY4[1]" at display.vhd(52) File: C:/Users/augus/Documents/projetointegrador_II/D_7SEG/display.vhd Line: 52
Info (10041): Inferred latch for "DISPLAY4[2]" at display.vhd(52) File: C:/Users/augus/Documents/projetointegrador_II/D_7SEG/display.vhd Line: 52
Info (10041): Inferred latch for "DISPLAY4[3]" at display.vhd(52) File: C:/Users/augus/Documents/projetointegrador_II/D_7SEG/display.vhd Line: 52
Info (10041): Inferred latch for "DISPLAY4[4]" at display.vhd(52) File: C:/Users/augus/Documents/projetointegrador_II/D_7SEG/display.vhd Line: 52
Info (10041): Inferred latch for "DISPLAY4[5]" at display.vhd(52) File: C:/Users/augus/Documents/projetointegrador_II/D_7SEG/display.vhd Line: 52
Info (10041): Inferred latch for "DISPLAY4[6]" at display.vhd(52) File: C:/Users/augus/Documents/projetointegrador_II/D_7SEG/display.vhd Line: 52
Info (10041): Inferred latch for "DISPLAY5[0]" at display.vhd(52) File: C:/Users/augus/Documents/projetointegrador_II/D_7SEG/display.vhd Line: 52
Info (10041): Inferred latch for "DISPLAY5[1]" at display.vhd(52) File: C:/Users/augus/Documents/projetointegrador_II/D_7SEG/display.vhd Line: 52
Info (10041): Inferred latch for "DISPLAY5[2]" at display.vhd(52) File: C:/Users/augus/Documents/projetointegrador_II/D_7SEG/display.vhd Line: 52
Info (10041): Inferred latch for "DISPLAY5[3]" at display.vhd(52) File: C:/Users/augus/Documents/projetointegrador_II/D_7SEG/display.vhd Line: 52
Info (10041): Inferred latch for "DISPLAY5[4]" at display.vhd(52) File: C:/Users/augus/Documents/projetointegrador_II/D_7SEG/display.vhd Line: 52
Info (10041): Inferred latch for "DISPLAY5[5]" at display.vhd(52) File: C:/Users/augus/Documents/projetointegrador_II/D_7SEG/display.vhd Line: 52
Info (10041): Inferred latch for "DISPLAY5[6]" at display.vhd(52) File: C:/Users/augus/Documents/projetointegrador_II/D_7SEG/display.vhd Line: 52
Info (10041): Inferred latch for "DISPLAY6[0]" at display.vhd(52) File: C:/Users/augus/Documents/projetointegrador_II/D_7SEG/display.vhd Line: 52
Info (10041): Inferred latch for "DISPLAY6[1]" at display.vhd(52) File: C:/Users/augus/Documents/projetointegrador_II/D_7SEG/display.vhd Line: 52
Info (10041): Inferred latch for "DISPLAY6[2]" at display.vhd(52) File: C:/Users/augus/Documents/projetointegrador_II/D_7SEG/display.vhd Line: 52
Info (10041): Inferred latch for "DISPLAY6[3]" at display.vhd(52) File: C:/Users/augus/Documents/projetointegrador_II/D_7SEG/display.vhd Line: 52
Info (10041): Inferred latch for "DISPLAY6[4]" at display.vhd(52) File: C:/Users/augus/Documents/projetointegrador_II/D_7SEG/display.vhd Line: 52
Info (10041): Inferred latch for "DISPLAY6[5]" at display.vhd(52) File: C:/Users/augus/Documents/projetointegrador_II/D_7SEG/display.vhd Line: 52
Info (10041): Inferred latch for "DISPLAY6[6]" at display.vhd(52) File: C:/Users/augus/Documents/projetointegrador_II/D_7SEG/display.vhd Line: 52
Info (10041): Inferred latch for "DISPLAY7[0]" at display.vhd(52) File: C:/Users/augus/Documents/projetointegrador_II/D_7SEG/display.vhd Line: 52
Info (10041): Inferred latch for "DISPLAY7[1]" at display.vhd(52) File: C:/Users/augus/Documents/projetointegrador_II/D_7SEG/display.vhd Line: 52
Info (10041): Inferred latch for "DISPLAY7[2]" at display.vhd(52) File: C:/Users/augus/Documents/projetointegrador_II/D_7SEG/display.vhd Line: 52
Info (10041): Inferred latch for "DISPLAY7[3]" at display.vhd(52) File: C:/Users/augus/Documents/projetointegrador_II/D_7SEG/display.vhd Line: 52
Info (10041): Inferred latch for "DISPLAY7[4]" at display.vhd(52) File: C:/Users/augus/Documents/projetointegrador_II/D_7SEG/display.vhd Line: 52
Info (10041): Inferred latch for "DISPLAY7[5]" at display.vhd(52) File: C:/Users/augus/Documents/projetointegrador_II/D_7SEG/display.vhd Line: 52
Info (10041): Inferred latch for "DISPLAY7[6]" at display.vhd(52) File: C:/Users/augus/Documents/projetointegrador_II/D_7SEG/display.vhd Line: 52
Info (12128): Elaborating entity "sevenSeg_decoder" for hierarchy "display:DISPLAY_MENU|sevenSeg_decoder:DECODE_UNIT" File: C:/Users/augus/Documents/projetointegrador_II/D_7SEG/display.vhd Line: 38
Info (12128): Elaborating entity "hc_sr04" for hierarchy "hc_sr04:SENSOR_ALTURA" File: C:/Users/augus/Documents/projetointegrador_II/D_7SEG/D_7SEG.vhd Line: 143
Warning (10036): Verilog HDL or VHDL warning at hc_sr04.vhd(26): object "hc_clock" assigned a value but never read File: C:/Users/augus/Documents/projetointegrador_II/D_7SEG/hc_sr04.vhd Line: 26
Warning (10492): VHDL Process Statement warning at hc_sr04.vhd(42): signal "CLOCK_CORE" is read inside the Process Statement but isn't in the Process Statement's sensitivity list File: C:/Users/augus/Documents/projetointegrador_II/D_7SEG/hc_sr04.vhd Line: 42
Info (12128): Elaborating entity "clockDivider" for hierarchy "hc_sr04:SENSOR_ALTURA|clockDivider:HC_SR04_CLOCK" File: C:/Users/augus/Documents/projetointegrador_II/D_7SEG/hc_sr04.vhd Line: 31
Warning (14026): LATCH primitive "display:DISPLAY_MENU|DISPLAY1[3]" is permanently enabled File: C:/Users/augus/Documents/projetointegrador_II/D_7SEG/display.vhd Line: 52
Warning (14026): LATCH primitive "display:DISPLAY_MENU|DISPLAY1[5]" is permanently enabled File: C:/Users/augus/Documents/projetointegrador_II/D_7SEG/display.vhd Line: 52
Warning (14026): LATCH primitive "display:DISPLAY_MENU|DISPLAY2[0]" is permanently enabled File: C:/Users/augus/Documents/projetointegrador_II/D_7SEG/display.vhd Line: 52
Warning (14026): LATCH primitive "display:DISPLAY_MENU|DISPLAY2[1]" is permanently enabled File: C:/Users/augus/Documents/projetointegrador_II/D_7SEG/display.vhd Line: 52
Warning (14026): LATCH primitive "display:DISPLAY_MENU|DISPLAY2[3]" is permanently enabled File: C:/Users/augus/Documents/projetointegrador_II/D_7SEG/display.vhd Line: 52
Warning (14026): LATCH primitive "display:DISPLAY_MENU|DISPLAY2[6]" is permanently enabled File: C:/Users/augus/Documents/projetointegrador_II/D_7SEG/display.vhd Line: 52
Warning (14026): LATCH primitive "display:DISPLAY_MENU|DISPLAY3[1]" is permanently enabled File: C:/Users/augus/Documents/projetointegrador_II/D_7SEG/display.vhd Line: 52
Warning (14026): LATCH primitive "display:DISPLAY_MENU|DISPLAY3[3]" is permanently enabled File: C:/Users/augus/Documents/projetointegrador_II/D_7SEG/display.vhd Line: 52
Warning (14026): LATCH primitive "display:DISPLAY_MENU|DISPLAY3[4]" is permanently enabled File: C:/Users/augus/Documents/projetointegrador_II/D_7SEG/display.vhd Line: 52
Warning (14026): LATCH primitive "display:DISPLAY_MENU|DISPLAY3[6]" is permanently enabled File: C:/Users/augus/Documents/projetointegrador_II/D_7SEG/display.vhd Line: 52
Warning (14026): LATCH primitive "display:DISPLAY_MENU|DISPLAY0[0]" is permanently enabled File: C:/Users/augus/Documents/projetointegrador_II/D_7SEG/display.vhd Line: 52
Warning (14026): LATCH primitive "display:DISPLAY_MENU|DISPLAY0[2]" is permanently enabled File: C:/Users/augus/Documents/projetointegrador_II/D_7SEG/display.vhd Line: 52
Warning (14026): LATCH primitive "display:DISPLAY_MENU|DISPLAY0[4]" is permanently enabled File: C:/Users/augus/Documents/projetointegrador_II/D_7SEG/display.vhd Line: 52
Warning (14026): LATCH primitive "display:DISPLAY_MENU|DISPLAY1[3]" is permanently enabled File: C:/Users/augus/Documents/projetointegrador_II/D_7SEG/display.vhd Line: 52
Warning (14026): LATCH primitive "display:DISPLAY_MENU|DISPLAY1[5]" is permanently enabled File: C:/Users/augus/Documents/projetointegrador_II/D_7SEG/display.vhd Line: 52
Warning (14026): LATCH primitive "display:DISPLAY_MENU|DISPLAY2[0]" is permanently enabled File: C:/Users/augus/Documents/projetointegrador_II/D_7SEG/display.vhd Line: 52
Warning (14026): LATCH primitive "display:DISPLAY_MENU|DISPLAY2[1]" is permanently enabled File: C:/Users/augus/Documents/projetointegrador_II/D_7SEG/display.vhd Line: 52
Warning (14026): LATCH primitive "display:DISPLAY_MENU|DISPLAY2[3]" is permanently enabled File: C:/Users/augus/Documents/projetointegrador_II/D_7SEG/display.vhd Line: 52
Warning (14026): LATCH primitive "display:DISPLAY_MENU|DISPLAY2[6]" is permanently enabled File: C:/Users/augus/Documents/projetointegrador_II/D_7SEG/display.vhd Line: 52
Warning (14026): LATCH primitive "display:DISPLAY_MENU|DISPLAY3[1]" is permanently enabled File: C:/Users/augus/Documents/projetointegrador_II/D_7SEG/display.vhd Line: 52
Warning (14026): LATCH primitive "display:DISPLAY_MENU|DISPLAY3[3]" is permanently enabled File: C:/Users/augus/Documents/projetointegrador_II/D_7SEG/display.vhd Line: 52
Warning (14026): LATCH primitive "display:DISPLAY_MENU|DISPLAY3[4]" is permanently enabled File: C:/Users/augus/Documents/projetointegrador_II/D_7SEG/display.vhd Line: 52
Warning (14026): LATCH primitive "display:DISPLAY_MENU|DISPLAY3[6]" is permanently enabled File: C:/Users/augus/Documents/projetointegrador_II/D_7SEG/display.vhd Line: 52
Warning (14026): LATCH primitive "display:DISPLAY_MENU|DISPLAY0[0]" is permanently enabled File: C:/Users/augus/Documents/projetointegrador_II/D_7SEG/display.vhd Line: 52
Warning (14026): LATCH primitive "display:DISPLAY_MENU|DISPLAY0[2]" is permanently enabled File: C:/Users/augus/Documents/projetointegrador_II/D_7SEG/display.vhd Line: 52
Warning (14026): LATCH primitive "display:DISPLAY_MENU|DISPLAY0[4]" is permanently enabled File: C:/Users/augus/Documents/projetointegrador_II/D_7SEG/display.vhd Line: 52
Warning (13034): The following nodes have both tri-state and non-tri-state drivers
    Warning (13035): Inserted always-enabled tri-state buffer between "GPIO[0]" and its non-tri-state driver. File: C:/Users/augus/Documents/projetointegrador_II/D_7SEG/D_7SEG.vhd Line: 35
Warning (13039): The following bidirectional pins have no drivers
    Warning (13040): bidirectional pin "GPIO[2]" has no driver File: C:/Users/augus/Documents/projetointegrador_II/D_7SEG/D_7SEG.vhd Line: 35
    Warning (13040): bidirectional pin "GPIO[3]" has no driver File: C:/Users/augus/Documents/projetointegrador_II/D_7SEG/D_7SEG.vhd Line: 35
    Warning (13040): bidirectional pin "GPIO[4]" has no driver File: C:/Users/augus/Documents/projetointegrador_II/D_7SEG/D_7SEG.vhd Line: 35
    Warning (13040): bidirectional pin "GPIO[5]" has no driver File: C:/Users/augus/Documents/projetointegrador_II/D_7SEG/D_7SEG.vhd Line: 35
    Warning (13040): bidirectional pin "GPIO[6]" has no driver File: C:/Users/augus/Documents/projetointegrador_II/D_7SEG/D_7SEG.vhd Line: 35
    Warning (13040): bidirectional pin "GPIO[7]" has no driver File: C:/Users/augus/Documents/projetointegrador_II/D_7SEG/D_7SEG.vhd Line: 35
    Warning (13040): bidirectional pin "GPIO[8]" has no driver File: C:/Users/augus/Documents/projetointegrador_II/D_7SEG/D_7SEG.vhd Line: 35
    Warning (13040): bidirectional pin "GPIO[9]" has no driver File: C:/Users/augus/Documents/projetointegrador_II/D_7SEG/D_7SEG.vhd Line: 35
    Warning (13040): bidirectional pin "GPIO[10]" has no driver File: C:/Users/augus/Documents/projetointegrador_II/D_7SEG/D_7SEG.vhd Line: 35
    Warning (13040): bidirectional pin "GPIO[11]" has no driver File: C:/Users/augus/Documents/projetointegrador_II/D_7SEG/D_7SEG.vhd Line: 35
    Warning (13040): bidirectional pin "GPIO[12]" has no driver File: C:/Users/augus/Documents/projetointegrador_II/D_7SEG/D_7SEG.vhd Line: 35
    Warning (13040): bidirectional pin "GPIO[13]" has no driver File: C:/Users/augus/Documents/projetointegrador_II/D_7SEG/D_7SEG.vhd Line: 35
    Warning (13040): bidirectional pin "GPIO[14]" has no driver File: C:/Users/augus/Documents/projetointegrador_II/D_7SEG/D_7SEG.vhd Line: 35
    Warning (13040): bidirectional pin "GPIO[15]" has no driver File: C:/Users/augus/Documents/projetointegrador_II/D_7SEG/D_7SEG.vhd Line: 35
    Warning (13040): bidirectional pin "GPIO[16]" has no driver File: C:/Users/augus/Documents/projetointegrador_II/D_7SEG/D_7SEG.vhd Line: 35
    Warning (13040): bidirectional pin "GPIO[17]" has no driver File: C:/Users/augus/Documents/projetointegrador_II/D_7SEG/D_7SEG.vhd Line: 35
    Warning (13040): bidirectional pin "GPIO[18]" has no driver File: C:/Users/augus/Documents/projetointegrador_II/D_7SEG/D_7SEG.vhd Line: 35
    Warning (13040): bidirectional pin "GPIO[19]" has no driver File: C:/Users/augus/Documents/projetointegrador_II/D_7SEG/D_7SEG.vhd Line: 35
    Warning (13040): bidirectional pin "GPIO[20]" has no driver File: C:/Users/augus/Documents/projetointegrador_II/D_7SEG/D_7SEG.vhd Line: 35
    Warning (13040): bidirectional pin "GPIO[21]" has no driver File: C:/Users/augus/Documents/projetointegrador_II/D_7SEG/D_7SEG.vhd Line: 35
    Warning (13040): bidirectional pin "GPIO[22]" has no driver File: C:/Users/augus/Documents/projetointegrador_II/D_7SEG/D_7SEG.vhd Line: 35
    Warning (13040): bidirectional pin "GPIO[23]" has no driver File: C:/Users/augus/Documents/projetointegrador_II/D_7SEG/D_7SEG.vhd Line: 35
    Warning (13040): bidirectional pin "GPIO[24]" has no driver File: C:/Users/augus/Documents/projetointegrador_II/D_7SEG/D_7SEG.vhd Line: 35
    Warning (13040): bidirectional pin "GPIO[25]" has no driver File: C:/Users/augus/Documents/projetointegrador_II/D_7SEG/D_7SEG.vhd Line: 35
    Warning (13040): bidirectional pin "GPIO[26]" has no driver File: C:/Users/augus/Documents/projetointegrador_II/D_7SEG/D_7SEG.vhd Line: 35
    Warning (13040): bidirectional pin "GPIO[27]" has no driver File: C:/Users/augus/Documents/projetointegrador_II/D_7SEG/D_7SEG.vhd Line: 35
    Warning (13040): bidirectional pin "GPIO[28]" has no driver File: C:/Users/augus/Documents/projetointegrador_II/D_7SEG/D_7SEG.vhd Line: 35
    Warning (13040): bidirectional pin "GPIO[29]" has no driver File: C:/Users/augus/Documents/projetointegrador_II/D_7SEG/D_7SEG.vhd Line: 35
    Warning (13040): bidirectional pin "GPIO[30]" has no driver File: C:/Users/augus/Documents/projetointegrador_II/D_7SEG/D_7SEG.vhd Line: 35
    Warning (13040): bidirectional pin "GPIO[31]" has no driver File: C:/Users/augus/Documents/projetointegrador_II/D_7SEG/D_7SEG.vhd Line: 35
    Warning (13040): bidirectional pin "GPIO[32]" has no driver File: C:/Users/augus/Documents/projetointegrador_II/D_7SEG/D_7SEG.vhd Line: 35
    Warning (13040): bidirectional pin "GPIO[33]" has no driver File: C:/Users/augus/Documents/projetointegrador_II/D_7SEG/D_7SEG.vhd Line: 35
    Warning (13040): bidirectional pin "GPIO[34]" has no driver File: C:/Users/augus/Documents/projetointegrador_II/D_7SEG/D_7SEG.vhd Line: 35
    Warning (13040): bidirectional pin "GPIO[35]" has no driver File: C:/Users/augus/Documents/projetointegrador_II/D_7SEG/D_7SEG.vhd Line: 35
Warning (13032): The following tri-state nodes are fed by constants
    Warning (13033): The pin "GPIO[1]" is fed by GND File: C:/Users/augus/Documents/projetointegrador_II/D_7SEG/D_7SEG.vhd Line: 35
Warning (13009): TRI or OPNDRN buffers permanently enabled
    Warning (13010): Node "GPIO[0]~synth" File: C:/Users/augus/Documents/projetointegrador_II/D_7SEG/D_7SEG.vhd Line: 35
Warning (13024): Output pins are stuck at VCC or GND
    Warning (13410): Pin "CLOCKOUT" is stuck at GND File: C:/Users/augus/Documents/projetointegrador_II/D_7SEG/D_7SEG.vhd Line: 32
    Warning (13410): Pin "HEX0[5]" is stuck at VCC File: C:/Users/augus/Documents/projetointegrador_II/D_7SEG/D_7SEG.vhd Line: 45
    Warning (13410): Pin "HEX0[3]" is stuck at VCC File: C:/Users/augus/Documents/projetointegrador_II/D_7SEG/D_7SEG.vhd Line: 45
    Warning (13410): Pin "HEX0[1]" is stuck at VCC File: C:/Users/augus/Documents/projetointegrador_II/D_7SEG/D_7SEG.vhd Line: 45
    Warning (13410): Pin "HEX0[0]" is stuck at VCC File: C:/Users/augus/Documents/projetointegrador_II/D_7SEG/D_7SEG.vhd Line: 45
    Warning (13410): Pin "HEX1[6]" is stuck at GND File: C:/Users/augus/Documents/projetointegrador_II/D_7SEG/D_7SEG.vhd Line: 45
    Warning (13410): Pin "HEX1[5]" is stuck at VCC File: C:/Users/augus/Documents/projetointegrador_II/D_7SEG/D_7SEG.vhd Line: 45
    Warning (13410): Pin "HEX1[4]" is stuck at GND File: C:/Users/augus/Documents/projetointegrador_II/D_7SEG/D_7SEG.vhd Line: 45
    Warning (13410): Pin "HEX1[2]" is stuck at GND File: C:/Users/augus/Documents/projetointegrador_II/D_7SEG/D_7SEG.vhd Line: 45
    Warning (13410): Pin "HEX1[0]" is stuck at VCC File: C:/Users/augus/Documents/projetointegrador_II/D_7SEG/D_7SEG.vhd Line: 45
    Warning (13410): Pin "HEX2[6]" is stuck at GND File: C:/Users/augus/Documents/projetointegrador_II/D_7SEG/D_7SEG.vhd Line: 45
    Warning (13410): Pin "HEX2[5]" is stuck at GND File: C:/Users/augus/Documents/projetointegrador_II/D_7SEG/D_7SEG.vhd Line: 45
    Warning (13410): Pin "HEX2[3]" is stuck at GND File: C:/Users/augus/Documents/projetointegrador_II/D_7SEG/D_7SEG.vhd Line: 45
    Warning (13410): Pin "HEX2[0]" is stuck at GND File: C:/Users/augus/Documents/projetointegrador_II/D_7SEG/D_7SEG.vhd Line: 45
    Warning (13410): Pin "HEX3[6]" is stuck at GND File: C:/Users/augus/Documents/projetointegrador_II/D_7SEG/D_7SEG.vhd Line: 45
    Warning (13410): Pin "HEX4[6]" is stuck at VCC File: C:/Users/augus/Documents/projetointegrador_II/D_7SEG/D_7SEG.vhd Line: 45
    Warning (13410): Pin "HEX4[5]" is stuck at VCC File: C:/Users/augus/Documents/projetointegrador_II/D_7SEG/D_7SEG.vhd Line: 45
    Warning (13410): Pin "HEX4[4]" is stuck at VCC File: C:/Users/augus/Documents/projetointegrador_II/D_7SEG/D_7SEG.vhd Line: 45
    Warning (13410): Pin "HEX4[3]" is stuck at VCC File: C:/Users/augus/Documents/projetointegrador_II/D_7SEG/D_7SEG.vhd Line: 45
    Warning (13410): Pin "HEX4[2]" is stuck at VCC File: C:/Users/augus/Documents/projetointegrador_II/D_7SEG/D_7SEG.vhd Line: 45
    Warning (13410): Pin "HEX4[1]" is stuck at VCC File: C:/Users/augus/Documents/projetointegrador_II/D_7SEG/D_7SEG.vhd Line: 45
    Warning (13410): Pin "HEX4[0]" is stuck at VCC File: C:/Users/augus/Documents/projetointegrador_II/D_7SEG/D_7SEG.vhd Line: 45
    Warning (13410): Pin "HEX5[6]" is stuck at GND File: C:/Users/augus/Documents/projetointegrador_II/D_7SEG/D_7SEG.vhd Line: 45
    Warning (13410): Pin "HEX5[4]" is stuck at GND File: C:/Users/augus/Documents/projetointegrador_II/D_7SEG/D_7SEG.vhd Line: 45
    Warning (13410): Pin "HEX5[2]" is stuck at VCC File: C:/Users/augus/Documents/projetointegrador_II/D_7SEG/D_7SEG.vhd Line: 45
    Warning (13410): Pin "HEX5[1]" is stuck at VCC File: C:/Users/augus/Documents/projetointegrador_II/D_7SEG/D_7SEG.vhd Line: 45
    Warning (13410): Pin "HEX5[0]" is stuck at VCC File: C:/Users/augus/Documents/projetointegrador_II/D_7SEG/D_7SEG.vhd Line: 45
    Warning (13410): Pin "HEX6[6]" is stuck at VCC File: C:/Users/augus/Documents/projetointegrador_II/D_7SEG/D_7SEG.vhd Line: 45
    Warning (13410): Pin "HEX6[5]" is stuck at GND File: C:/Users/augus/Documents/projetointegrador_II/D_7SEG/D_7SEG.vhd Line: 45
    Warning (13410): Pin "HEX6[4]" is stuck at GND File: C:/Users/augus/Documents/projetointegrador_II/D_7SEG/D_7SEG.vhd Line: 45
    Warning (13410): Pin "HEX6[3]" is stuck at GND File: C:/Users/augus/Documents/projetointegrador_II/D_7SEG/D_7SEG.vhd Line: 45
    Warning (13410): Pin "HEX7[5]" is stuck at GND File: C:/Users/augus/Documents/projetointegrador_II/D_7SEG/D_7SEG.vhd Line: 45
    Warning (13410): Pin "HEX7[4]" is stuck at GND File: C:/Users/augus/Documents/projetointegrador_II/D_7SEG/D_7SEG.vhd Line: 45
    Warning (13410): Pin "HEX7[0]" is stuck at GND File: C:/Users/augus/Documents/projetointegrador_II/D_7SEG/D_7SEG.vhd Line: 45
    Warning (13410): Pin "END_TRIGGER" is stuck at GND File: C:/Users/augus/Documents/projetointegrador_II/D_7SEG/D_7SEG.vhd Line: 49
    Warning (13410): Pin "HC_ENABLE" is stuck at GND File: C:/Users/augus/Documents/projetointegrador_II/D_7SEG/D_7SEG.vhd Line: 50
    Warning (13410): Pin "LEDR[0]" is stuck at GND File: C:/Users/augus/Documents/projetointegrador_II/D_7SEG/D_7SEG.vhd Line: 53
    Warning (13410): Pin "LEDR[1]" is stuck at GND File: C:/Users/augus/Documents/projetointegrador_II/D_7SEG/D_7SEG.vhd Line: 53
    Warning (13410): Pin "LEDR[2]" is stuck at GND File: C:/Users/augus/Documents/projetointegrador_II/D_7SEG/D_7SEG.vhd Line: 53
    Warning (13410): Pin "LEDR[3]" is stuck at GND File: C:/Users/augus/Documents/projetointegrador_II/D_7SEG/D_7SEG.vhd Line: 53
    Warning (13410): Pin "LEDR[4]" is stuck at GND File: C:/Users/augus/Documents/projetointegrador_II/D_7SEG/D_7SEG.vhd Line: 53
    Warning (13410): Pin "LEDR[5]" is stuck at GND File: C:/Users/augus/Documents/projetointegrador_II/D_7SEG/D_7SEG.vhd Line: 53
    Warning (13410): Pin "LEDR[6]" is stuck at GND File: C:/Users/augus/Documents/projetointegrador_II/D_7SEG/D_7SEG.vhd Line: 53
    Warning (13410): Pin "LEDR[7]" is stuck at GND File: C:/Users/augus/Documents/projetointegrador_II/D_7SEG/D_7SEG.vhd Line: 53
    Warning (13410): Pin "LEDR[8]" is stuck at GND File: C:/Users/augus/Documents/projetointegrador_II/D_7SEG/D_7SEG.vhd Line: 53
    Warning (13410): Pin "LEDR[9]" is stuck at GND File: C:/Users/augus/Documents/projetointegrador_II/D_7SEG/D_7SEG.vhd Line: 53
    Warning (13410): Pin "LEDR[10]" is stuck at GND File: C:/Users/augus/Documents/projetointegrador_II/D_7SEG/D_7SEG.vhd Line: 53
    Warning (13410): Pin "LEDR[11]" is stuck at GND File: C:/Users/augus/Documents/projetointegrador_II/D_7SEG/D_7SEG.vhd Line: 53
    Warning (13410): Pin "LEDR[12]" is stuck at GND File: C:/Users/augus/Documents/projetointegrador_II/D_7SEG/D_7SEG.vhd Line: 53
    Warning (13410): Pin "LEDR[13]" is stuck at GND File: C:/Users/augus/Documents/projetointegrador_II/D_7SEG/D_7SEG.vhd Line: 53
    Warning (13410): Pin "LEDR[14]" is stuck at GND File: C:/Users/augus/Documents/projetointegrador_II/D_7SEG/D_7SEG.vhd Line: 53
    Warning (13410): Pin "LEDR[15]" is stuck at GND File: C:/Users/augus/Documents/projetointegrador_II/D_7SEG/D_7SEG.vhd Line: 53
    Warning (13410): Pin "LEDR[16]" is stuck at GND File: C:/Users/augus/Documents/projetointegrador_II/D_7SEG/D_7SEG.vhd Line: 53
    Warning (13410): Pin "LEDR[17]" is stuck at GND File: C:/Users/augus/Documents/projetointegrador_II/D_7SEG/D_7SEG.vhd Line: 53
Info (286030): Timing-Driven Synthesis is running
Info (16010): Generating hard_block partition "hard_block:auto_generated_inst"
    Info (16011): Adding 0 node(s), including 0 DDIO, 0 PLL, 0 transceiver and 0 LCELL
Warning (21074): Design contains 21 input pin(s) that do not drive logic
    Warning (15610): No output dependent on input pin "KEY[1]" File: C:/Users/augus/Documents/projetointegrador_II/D_7SEG/D_7SEG.vhd Line: 41
    Warning (15610): No output dependent on input pin "KEY[2]" File: C:/Users/augus/Documents/projetointegrador_II/D_7SEG/D_7SEG.vhd Line: 41
    Warning (15610): No output dependent on input pin "KEY[3]" File: C:/Users/augus/Documents/projetointegrador_II/D_7SEG/D_7SEG.vhd Line: 41
    Warning (15610): No output dependent on input pin "SW[0]" File: C:/Users/augus/Documents/projetointegrador_II/D_7SEG/D_7SEG.vhd Line: 42
    Warning (15610): No output dependent on input pin "SW[1]" File: C:/Users/augus/Documents/projetointegrador_II/D_7SEG/D_7SEG.vhd Line: 42
    Warning (15610): No output dependent on input pin "SW[2]" File: C:/Users/augus/Documents/projetointegrador_II/D_7SEG/D_7SEG.vhd Line: 42
    Warning (15610): No output dependent on input pin "SW[3]" File: C:/Users/augus/Documents/projetointegrador_II/D_7SEG/D_7SEG.vhd Line: 42
    Warning (15610): No output dependent on input pin "SW[4]" File: C:/Users/augus/Documents/projetointegrador_II/D_7SEG/D_7SEG.vhd Line: 42
    Warning (15610): No output dependent on input pin "SW[5]" File: C:/Users/augus/Documents/projetointegrador_II/D_7SEG/D_7SEG.vhd Line: 42
    Warning (15610): No output dependent on input pin "SW[6]" File: C:/Users/augus/Documents/projetointegrador_II/D_7SEG/D_7SEG.vhd Line: 42
    Warning (15610): No output dependent on input pin "SW[7]" File: C:/Users/augus/Documents/projetointegrador_II/D_7SEG/D_7SEG.vhd Line: 42
    Warning (15610): No output dependent on input pin "SW[8]" File: C:/Users/augus/Documents/projetointegrador_II/D_7SEG/D_7SEG.vhd Line: 42
    Warning (15610): No output dependent on input pin "SW[9]" File: C:/Users/augus/Documents/projetointegrador_II/D_7SEG/D_7SEG.vhd Line: 42
    Warning (15610): No output dependent on input pin "SW[10]" File: C:/Users/augus/Documents/projetointegrador_II/D_7SEG/D_7SEG.vhd Line: 42
    Warning (15610): No output dependent on input pin "SW[11]" File: C:/Users/augus/Documents/projetointegrador_II/D_7SEG/D_7SEG.vhd Line: 42
    Warning (15610): No output dependent on input pin "SW[12]" File: C:/Users/augus/Documents/projetointegrador_II/D_7SEG/D_7SEG.vhd Line: 42
    Warning (15610): No output dependent on input pin "SW[13]" File: C:/Users/augus/Documents/projetointegrador_II/D_7SEG/D_7SEG.vhd Line: 42
    Warning (15610): No output dependent on input pin "SW[14]" File: C:/Users/augus/Documents/projetointegrador_II/D_7SEG/D_7SEG.vhd Line: 42
    Warning (15610): No output dependent on input pin "SW[15]" File: C:/Users/augus/Documents/projetointegrador_II/D_7SEG/D_7SEG.vhd Line: 42
    Warning (15610): No output dependent on input pin "SW[16]" File: C:/Users/augus/Documents/projetointegrador_II/D_7SEG/D_7SEG.vhd Line: 42
    Warning (15610): No output dependent on input pin "SW[17]" File: C:/Users/augus/Documents/projetointegrador_II/D_7SEG/D_7SEG.vhd Line: 42
<<<<<<< HEAD
Info (21057): Implemented 174 device resources after synthesis - the final resource count might be different
    Info (21058): Implemented 23 input pins
    Info (21059): Implemented 78 output pins
    Info (21060): Implemented 36 bidirectional pins
    Info (21061): Implemented 37 logic cells
Info: Quartus Prime Analysis & Synthesis was successful. 0 errors, 157 warnings
    Info: Peak virtual memory: 677 megabytes
    Info: Processing ended: Tue Oct 03 20:37:09 2017
    Info: Elapsed time: 00:00:19
    Info: Total CPU time (on all processors): 00:00:36
=======
Info (21057): Implemented 186 device resources after synthesis - the final resource count might be different
    Info (21058): Implemented 23 input pins
    Info (21059): Implemented 78 output pins
    Info (21060): Implemented 36 bidirectional pins
    Info (21061): Implemented 49 logic cells
Info: Quartus Prime Analysis & Synthesis was successful. 0 errors, 162 warnings
    Info: Peak virtual memory: 681 megabytes
    Info: Processing ended: Thu Sep 28 18:32:51 2017
    Info: Elapsed time: 00:00:15
    Info: Total CPU time (on all processors): 00:00:32
>>>>>>> add-sensor-alt


