Flow report for trigger
Mon Apr 24 19:57:51 2017
Quartus Prime Version 16.1.0 Build 196 10/24/2016 SJ Lite Edition


---------------------
; Table of Contents ;
---------------------
  1. Legal Notice
  2. Flow Summary
  3. Flow Settings
  4. Flow Non-Default Global Settings
  5. Flow Elapsed Time
  6. Flow OS Summary
  7. Flow Log
  8. Flow Messages
  9. Flow Suppressed Messages



----------------
; Legal Notice ;
----------------
Copyright (C) 2016  Intel Corporation. All rights reserved.
Your use of Intel Corporation's design tools, logic functions 
and other software and tools, and its AMPP partner logic 
functions, and any output files from any of the foregoing 
(including device programming or simulation files), and any 
associated documentation or information are expressly subject 
to the terms and conditions of the Intel Program License 
Subscription Agreement, the Intel Quartus Prime License Agreement,
the Intel MegaCore Function License Agreement, or other 
applicable license agreement, including, without limitation, 
that your use is for the sole purpose of programming logic 
devices manufactured by Intel and sold by Intel or its 
authorized distributors.  Please refer to the applicable 
agreement for further details.



+----------------------------------------------------------------------------------+
; Flow Summary                                                                     ;
+------------------------------------+---------------------------------------------+
; Flow Status                        ; Successful - Mon Apr 24 19:57:51 2017       ;
; Quartus Prime Version              ; 16.1.0 Build 196 10/24/2016 SJ Lite Edition ;
; Revision Name                      ; trigger                                     ;
; Top-level Entity Name              ; trigger                                     ;
; Family                             ; Cyclone IV E                                ;
; Device                             ; EP4CE115F29C7                               ;
; Timing Models                      ; Final                                       ;
; Total logic elements               ; 2 / 114,480 ( < 1 % )                       ;
;     Total combinational functions  ; 1 / 114,480 ( < 1 % )                       ;
;     Dedicated logic registers      ; 2 / 114,480 ( < 1 % )                       ;
; Total registers                    ; 2                                           ;
; Total pins                         ; 3 / 529 ( < 1 % )                           ;
; Total virtual pins                 ; 0                                           ;
; Total memory bits                  ; 0 / 3,981,312 ( 0 % )                       ;
; Embedded Multiplier 9-bit elements ; 0 / 532 ( 0 % )                             ;
; Total PLLs                         ; 0 / 4 ( 0 % )                               ;
+------------------------------------+---------------------------------------------+


+-----------------------------------------+
; Flow Settings                           ;
+-------------------+---------------------+
; Option            ; Setting             ;
+-------------------+---------------------+
; Start date & time ; 04/24/2017 14:08:07 ;
; Main task         ; Compilation         ;
; Revision Name     ; trigger             ;
+-------------------+---------------------+


+-------------------------------------------------------------------------------------------------------------------------+
; Flow Non-Default Global Settings                                                                                        ;
+-------------------------------------+----------------------------------------+---------------+-------------+------------+
; Assignment Name                     ; Value                                  ; Default Value ; Entity Name ; Section Id ;
+-------------------------------------+----------------------------------------+---------------+-------------+------------+
; COMPILER_SIGNATURE_ID               ; 222609225427575.149305368700244        ; --            ; --          ; --         ;
; MAX_CORE_JUNCTION_TEMP              ; 85                                     ; --            ; --          ; --         ;
; MIN_CORE_JUNCTION_TEMP              ; 0                                      ; --            ; --          ; --         ;
; NOMINAL_CORE_SUPPLY_VOLTAGE         ; 1.2V                                   ; --            ; --          ; --         ;
; PARTITION_COLOR                     ; -- (Not supported for targeted family) ; --            ; --          ; Top        ;
; PARTITION_FITTER_PRESERVATION_LEVEL ; -- (Not supported for targeted family) ; --            ; --          ; Top        ;
; PARTITION_NETLIST_TYPE              ; -- (Not supported for targeted family) ; --            ; --          ; Top        ;
; PROJECT_OUTPUT_DIRECTORY            ; output_files                           ; --            ; --          ; --         ;
+-------------------------------------+----------------------------------------+---------------+-------------+------------+


+-------------------------------------------------------------------------------------------------------------------------------+
; Flow Elapsed Time                                                                                                             ;
+---------------------------+--------------+-------------------------+---------------------+------------------------------------+
; Module Name               ; Elapsed Time ; Average Processors Used ; Peak Virtual Memory ; Total CPU Time (on all processors) ;
+---------------------------+--------------+-------------------------+---------------------+------------------------------------+
; Analysis & Synthesis      ; 00:00:24     ; 1.0                     ; 649 MB              ; 00:00:48                           ;
; Fitter                    ; 00:00:24     ; 1.0                     ; 1258 MB             ; 00:00:29                           ;
; Assembler                 ; 00:00:08     ; 1.0                     ; 548 MB              ; 00:00:06                           ;
; TimeQuest Timing Analyzer ; 00:00:10     ; 1.0                     ; 687 MB              ; 00:00:04                           ;
; EDA Netlist Writer        ; 00:00:02     ; 1.0                     ; 497 MB              ; 00:00:01                           ;
; EDA Netlist Writer        ; 00:00:01     ; 1.0                     ; 497 MB              ; 00:00:01                           ;
; EDA Netlist Writer        ; 00:00:02     ; 1.0                     ; 497 MB              ; 00:00:01                           ;
; EDA Netlist Writer        ; 00:00:01     ; 1.0                     ; 496 MB              ; 00:00:01                           ;
; EDA Netlist Writer        ; 00:00:02     ; 1.0                     ; 496 MB              ; 00:00:01                           ;
; EDA Netlist Writer        ; 00:00:03     ; 1.0                     ; 515 MB              ; 00:00:02                           ;
; Total                     ; 00:01:17     ; --                      ; --                  ; 00:01:34                           ;
+---------------------------+--------------+-------------------------+---------------------+------------------------------------+


+----------------------------------------------------------------------------------------+
; Flow OS Summary                                                                        ;
+---------------------------+------------------+-----------+------------+----------------+
; Module Name               ; Machine Hostname ; OS Name   ; OS Version ; Processor type ;
+---------------------------+------------------+-----------+------------+----------------+
; Analysis & Synthesis      ; Dell_Red         ; Windows 8 ; 6.2        ; x86_64         ;
; Fitter                    ; Dell_Red         ; Windows 8 ; 6.2        ; x86_64         ;
; Assembler                 ; Dell_Red         ; Windows 8 ; 6.2        ; x86_64         ;
; TimeQuest Timing Analyzer ; Dell_Red         ; Windows 8 ; 6.2        ; x86_64         ;
; EDA Netlist Writer        ; Dell_Red         ; Windows 8 ; 6.2        ; x86_64         ;
; EDA Netlist Writer        ; Dell_Red         ; Windows 8 ; 6.2        ; x86_64         ;
; EDA Netlist Writer        ; Dell_Red         ; Windows 8 ; 6.2        ; x86_64         ;
; EDA Netlist Writer        ; Dell_Red         ; Windows 8 ; 6.2        ; x86_64         ;
; EDA Netlist Writer        ; Dell_Red         ; Windows 8 ; 6.2        ; x86_64         ;
; EDA Netlist Writer        ; Dell_Red         ; Windows 8 ; 6.2        ; x86_64         ;
+---------------------------+------------------+-----------+------------+----------------+


------------
; Flow Log ;
------------
quartus_map --read_settings_files=on --write_settings_files=off trigger -c trigger
quartus_fit --read_settings_files=off --write_settings_files=off trigger -c trigger
quartus_asm --read_settings_files=off --write_settings_files=off trigger -c trigger
quartus_sta trigger -c trigger
quartus_eda --gen_testbench --tool=modelsim_oem --format=vhdl --write_settings_files=off trigger -c trigger --vector_source=D:/Users/dinho/Dropbox/ifsc/PI2/01_projeto/03_HCSR04/04_trigger/Waveform.vwf --testbench_file=D:/Users/dinho/Dropbox/ifsc/PI2/01_projeto/03_HCSR04/04_trigger/simulation/qsim/Waveform.vwf.vht
quartus_eda --gen_testbench --tool=modelsim_oem --format=vhdl --write_settings_files=off trigger -c trigger --vector_source=D:/Users/dinho/Dropbox/ifsc/PI2/01_projeto/03_HCSR04/04_trigger/Waveform.vwf --testbench_file=D:/Users/dinho/Dropbox/ifsc/PI2/01_projeto/03_HCSR04/04_trigger/simulation/qsim/Waveform.vwf.vht
quartus_eda --gen_testbench --tool=modelsim_oem --format=vhdl --write_settings_files=off trigger -c trigger --vector_source=D:/Users/dinho/Dropbox/ifsc/PI2/01_projeto/03_HCSR04/04_trigger/Waveform.vwf --testbench_file=D:/Users/dinho/Dropbox/ifsc/PI2/01_projeto/03_HCSR04/04_trigger/simulation/modelsim/Waveform.vwf.vht
quartus_eda --gen_testbench --tool=modelsim_oem --format=vhdl --write_settings_files=off trigger -c trigger --vector_source=D:/Users/dinho/Dropbox/ifsc/PI2/01_projeto/03_HCSR04/04_trigger/Waveform.vwf --testbench_file=D:/Users/dinho/Dropbox/ifsc/PI2/01_projeto/03_HCSR04/04_trigger/simulation/qsim/Waveform.vwf.vht
quartus_eda --gen_testbench --tool=modelsim_oem --format=vhdl --write_settings_files=off trigger -c trigger --vector_source=D:/Users/dinho/Dropbox/ifsc/PI2/01_projeto/03_HCSR04/04_trigger/Waveform.vwf --testbench_file=D:/Users/dinho/Dropbox/ifsc/PI2/01_projeto/03_HCSR04/04_trigger/simulation/qsim/Waveform.vwf.vht
quartus_eda --write_settings_files=off --simulation=on --functional=off --flatten_buses=off --timescale=1ps --tool=modelsim_oem --format=vhdl --output_directory=D:/Users/dinho/Dropbox/ifsc/PI2/01_projeto/03_HCSR04/04_trigger/simulation/qsim/ trigger -c trigger



