Analysis & Synthesis report for MAIN
Tue Jun 27 08:48:10 2017
Quartus Prime Version 16.1.0 Build 196 10/24/2016 SJ Lite Edition


---------------------
; Table of Contents ;
---------------------
  1. Legal Notice
  2. Analysis & Synthesis Summary
  3. Analysis & Synthesis Settings
  4. Parallel Compilation
  5. Analysis & Synthesis Source Files Read
  6. Analysis & Synthesis Resource Usage Summary
  7. Analysis & Synthesis Resource Utilization by Entity
  8. State Machine - |MAIN|SELETOR:BLOCO_01|ESTADO
  9. User-Specified and Inferred Latches
 10. Registers Removed During Synthesis
 11. General Register Statistics
 12. Inverted Register Statistics
 13. Multiplexer Restructuring Statistics (Restructuring Performed)
 14. Parameter Settings for User Entity Instance: debouncer_pi:BLOCO_00
 15. Parameter Settings for User Entity Instance: sen_alt_7seg:BLOCO_03|sens_alt:BLOCO_01
 16. Parameter Settings for Inferred Entity Instance: sensor_cor:BLOCO_COR|lpm_divide:Div0
 17. Parameter Settings for Inferred Entity Instance: sensor_cor:BLOCO_COR|lpm_divide:Div1
 18. Parameter Settings for Inferred Entity Instance: sensor_cor:BLOCO_COR|lpm_divide:Div2
 19. Port Connectivity Checks: "sensor_cor:BLOCO_COR"
 20. Port Connectivity Checks: "sen_alt_7seg:BLOCO_03|classificador:BLOCO_02"
 21. Post-Synthesis Netlist Statistics for Top Partition
 22. Elapsed Time Per Partition
 23. Analysis & Synthesis Messages



----------------
; Legal Notice ;
----------------
Copyright (C) 2016  Intel Corporation. All rights reserved.
Your use of Intel Corporation's design tools, logic functions 
and other software and tools, and its AMPP partner logic 
functions, and any output files from any of the foregoing 
(including device programming or simulation files), and any 
associated documentation or information are expressly subject 
to the terms and conditions of the Intel Program License 
Subscription Agreement, the Intel Quartus Prime License Agreement,
the Intel MegaCore Function License Agreement, or other 
applicable license agreement, including, without limitation, 
that your use is for the sole purpose of programming logic 
devices manufactured by Intel and sold by Intel or its 
authorized distributors.  Please refer to the applicable 
agreement for further details.



+----------------------------------------------------------------------------------+
; Analysis & Synthesis Summary                                                     ;
+------------------------------------+---------------------------------------------+
; Analysis & Synthesis Status        ; Successful - Tue Jun 27 08:48:10 2017       ;
; Quartus Prime Version              ; 16.1.0 Build 196 10/24/2016 SJ Lite Edition ;
; Revision Name                      ; MAIN                                        ;
; Top-level Entity Name              ; MAIN                                        ;
; Family                             ; Cyclone IV E                                ;
; Total logic elements               ; 1,441                                       ;
;     Total combinational functions  ; 1,440                                       ;
;     Dedicated logic registers      ; 198                                         ;
; Total registers                    ; 198                                         ;
; Total pins                         ; 95                                          ;
; Total virtual pins                 ; 0                                           ;
; Total memory bits                  ; 0                                           ;
; Embedded Multiplier 9-bit elements ; 0                                           ;
; Total PLLs                         ; 0                                           ;
+------------------------------------+---------------------------------------------+


+----------------------------------------------------------------------------------------------------------------------+
; Analysis & Synthesis Settings                                                                                        ;
+----------------------------------------------------------------------------+--------------------+--------------------+
; Option                                                                     ; Setting            ; Default Value      ;
+----------------------------------------------------------------------------+--------------------+--------------------+
; Device                                                                     ; EP4CE115F29C7      ;                    ;
; Top-level entity name                                                      ; MAIN               ; MAIN               ;
; Family name                                                                ; Cyclone IV E       ; Cyclone V          ;
; Use smart compilation                                                      ; Off                ; Off                ;
; Enable parallel Assembler and TimeQuest Timing Analyzer during compilation ; On                 ; On                 ;
; Enable compact report table                                                ; Off                ; Off                ;
; Restructure Multiplexers                                                   ; Auto               ; Auto               ;
; Create Debugging Nodes for IP Cores                                        ; Off                ; Off                ;
; Preserve fewer node names                                                  ; On                 ; On                 ;
; OpenCore Plus hardware evaluation                                          ; Enable             ; Enable             ;
; Verilog Version                                                            ; Verilog_2001       ; Verilog_2001       ;
; VHDL Version                                                               ; VHDL_1993          ; VHDL_1993          ;
; State Machine Processing                                                   ; Auto               ; Auto               ;
; Safe State Machine                                                         ; Off                ; Off                ;
; Extract Verilog State Machines                                             ; On                 ; On                 ;
; Extract VHDL State Machines                                                ; On                 ; On                 ;
; Ignore Verilog initial constructs                                          ; Off                ; Off                ;
; Iteration limit for constant Verilog loops                                 ; 5000               ; 5000               ;
; Iteration limit for non-constant Verilog loops                             ; 250                ; 250                ;
; Add Pass-Through Logic to Inferred RAMs                                    ; On                 ; On                 ;
; Infer RAMs from Raw Logic                                                  ; On                 ; On                 ;
; Parallel Synthesis                                                         ; On                 ; On                 ;
; DSP Block Balancing                                                        ; Auto               ; Auto               ;
; NOT Gate Push-Back                                                         ; On                 ; On                 ;
; Power-Up Don't Care                                                        ; On                 ; On                 ;
; Remove Redundant Logic Cells                                               ; Off                ; Off                ;
; Remove Duplicate Registers                                                 ; On                 ; On                 ;
; Ignore CARRY Buffers                                                       ; Off                ; Off                ;
; Ignore CASCADE Buffers                                                     ; Off                ; Off                ;
; Ignore GLOBAL Buffers                                                      ; Off                ; Off                ;
; Ignore ROW GLOBAL Buffers                                                  ; Off                ; Off                ;
; Ignore LCELL Buffers                                                       ; Off                ; Off                ;
; Ignore SOFT Buffers                                                        ; On                 ; On                 ;
; Limit AHDL Integers to 32 Bits                                             ; Off                ; Off                ;
; Optimization Technique                                                     ; Balanced           ; Balanced           ;
; Carry Chain Length                                                         ; 70                 ; 70                 ;
; Auto Carry Chains                                                          ; On                 ; On                 ;
; Auto Open-Drain Pins                                                       ; On                 ; On                 ;
; Perform WYSIWYG Primitive Resynthesis                                      ; Off                ; Off                ;
; Auto ROM Replacement                                                       ; On                 ; On                 ;
; Auto RAM Replacement                                                       ; On                 ; On                 ;
; Auto DSP Block Replacement                                                 ; On                 ; On                 ;
; Auto Shift Register Replacement                                            ; Auto               ; Auto               ;
; Allow Shift Register Merging across Hierarchies                            ; Auto               ; Auto               ;
; Auto Clock Enable Replacement                                              ; On                 ; On                 ;
; Strict RAM Replacement                                                     ; Off                ; Off                ;
; Allow Synchronous Control Signals                                          ; On                 ; On                 ;
; Force Use of Synchronous Clear Signals                                     ; Off                ; Off                ;
; Auto RAM Block Balancing                                                   ; On                 ; On                 ;
; Auto RAM to Logic Cell Conversion                                          ; Off                ; Off                ;
; Auto Resource Sharing                                                      ; Off                ; Off                ;
; Allow Any RAM Size For Recognition                                         ; Off                ; Off                ;
; Allow Any ROM Size For Recognition                                         ; Off                ; Off                ;
; Allow Any Shift Register Size For Recognition                              ; Off                ; Off                ;
; Use LogicLock Constraints during Resource Balancing                        ; On                 ; On                 ;
; Ignore translate_off and synthesis_off directives                          ; Off                ; Off                ;
; Timing-Driven Synthesis                                                    ; On                 ; On                 ;
; Report Parameter Settings                                                  ; On                 ; On                 ;
; Report Source Assignments                                                  ; On                 ; On                 ;
; Report Connectivity Checks                                                 ; On                 ; On                 ;
; Ignore Maximum Fan-Out Assignments                                         ; Off                ; Off                ;
; Synchronization Register Chain Length                                      ; 2                  ; 2                  ;
; PowerPlay Power Optimization During Synthesis                              ; Normal compilation ; Normal compilation ;
; HDL message level                                                          ; Level2             ; Level2             ;
; Suppress Register Optimization Related Messages                            ; Off                ; Off                ;
; Number of Removed Registers Reported in Synthesis Report                   ; 5000               ; 5000               ;
; Number of Swept Nodes Reported in Synthesis Report                         ; 5000               ; 5000               ;
; Number of Inverted Registers Reported in Synthesis Report                  ; 100                ; 100                ;
; Clock MUX Protection                                                       ; On                 ; On                 ;
; Auto Gated Clock Conversion                                                ; Off                ; Off                ;
; Block Design Naming                                                        ; Auto               ; Auto               ;
; SDC constraint protection                                                  ; Off                ; Off                ;
; Synthesis Effort                                                           ; Auto               ; Auto               ;
; Shift Register Replacement - Allow Asynchronous Clear Signal               ; On                 ; On                 ;
; Pre-Mapping Resynthesis Optimization                                       ; Off                ; Off                ;
; Analysis & Synthesis Message Level                                         ; Medium             ; Medium             ;
; Disable Register Merging Across Hierarchies                                ; Auto               ; Auto               ;
; Resource Aware Inference For Block RAM                                     ; On                 ; On                 ;
+----------------------------------------------------------------------------+--------------------+--------------------+


+------------------------------------------+
; Parallel Compilation                     ;
+----------------------------+-------------+
; Processors                 ; Number      ;
+----------------------------+-------------+
; Number detected on machine ; 4           ;
; Maximum allowed            ; 2           ;
;                            ;             ;
; Average used               ; 1.00        ;
; Maximum used               ; 2           ;
;                            ;             ;
; Usage by Processor         ; % Time Used ;
;     Processor 1            ; 100.0%      ;
;     Processor 2            ;   0.0%      ;
+----------------------------+-------------+


+--------------------------------------------------------------------------------------------------------------------------------------------------------------------------------------+
; Analysis & Synthesis Source Files Read                                                                                                                                               ;
+----------------------------------+-----------------+------------------------------+----------------------------------------------------------------------------------------+---------+
; File Name with User-Entered Path ; Used in Netlist ; File Type                    ; File Name with Absolute Path                                                           ; Library ;
+----------------------------------+-----------------+------------------------------+----------------------------------------------------------------------------------------+---------+
; subENTIDADES/sens_alt.vhd        ; yes             ; User VHDL File               ; D:/Users/dinho/Dropbox/ifsc/PI2/01_projeto/00_main v3-3/subENTIDADES/sens_alt.vhd      ;         ;
; subENTIDADES/sen_alt_7seg.vhd    ; yes             ; User VHDL File               ; D:/Users/dinho/Dropbox/ifsc/PI2/01_projeto/00_main v3-3/subENTIDADES/sen_alt_7seg.vhd  ;         ;
; subENTIDADES/SELETOR.vhd         ; yes             ; User VHDL File               ; D:/Users/dinho/Dropbox/ifsc/PI2/01_projeto/00_main v3-3/subENTIDADES/SELETOR.vhd       ;         ;
; subENTIDADES/decode7seg.vhd      ; yes             ; User VHDL File               ; D:/Users/dinho/Dropbox/ifsc/PI2/01_projeto/00_main v3-3/subENTIDADES/decode7seg.vhd    ;         ;
; subENTIDADES/menu.vhd            ; yes             ; User VHDL File               ; D:/Users/dinho/Dropbox/ifsc/PI2/01_projeto/00_main v3-3/subENTIDADES/menu.vhd          ;         ;
; subENTIDADES/debouncer_pi.vhd    ; yes             ; User VHDL File               ; D:/Users/dinho/Dropbox/ifsc/PI2/01_projeto/00_main v3-3/subENTIDADES/debouncer_pi.vhd  ;         ;
; subENTIDADES/classificador.vhd   ; yes             ; User VHDL File               ; D:/Users/dinho/Dropbox/ifsc/PI2/01_projeto/00_main v3-3/subENTIDADES/classificador.vhd ;         ;
; MAIN.vhd                         ; yes             ; User VHDL File               ; D:/Users/dinho/Dropbox/ifsc/PI2/01_projeto/00_main v3-3/MAIN.vhd                       ;         ;
; subENTIDADES/sensor_cor.vhd      ; yes             ; User VHDL File               ; D:/Users/dinho/Dropbox/ifsc/PI2/01_projeto/00_main v3-3/subENTIDADES/sensor_cor.vhd    ;         ;
; subENTIDADES/Motor.vhd           ; yes             ; User VHDL File               ; D:/Users/dinho/Dropbox/ifsc/PI2/01_projeto/00_main v3-3/subENTIDADES/Motor.vhd         ;         ;
; lpm_divide.tdf                   ; yes             ; Megafunction                 ; c:/intelfpga_lite/16.1/quartus/libraries/megafunctions/lpm_divide.tdf                  ;         ;
; abs_divider.inc                  ; yes             ; Megafunction                 ; c:/intelfpga_lite/16.1/quartus/libraries/megafunctions/abs_divider.inc                 ;         ;
; sign_div_unsign.inc              ; yes             ; Megafunction                 ; c:/intelfpga_lite/16.1/quartus/libraries/megafunctions/sign_div_unsign.inc             ;         ;
; aglobal161.inc                   ; yes             ; Megafunction                 ; c:/intelfpga_lite/16.1/quartus/libraries/megafunctions/aglobal161.inc                  ;         ;
; db/lpm_divide_jkm.tdf            ; yes             ; Auto-Generated Megafunction  ; D:/Users/dinho/Dropbox/ifsc/PI2/01_projeto/00_main v3-3/db/lpm_divide_jkm.tdf          ;         ;
; db/sign_div_unsign_bnh.tdf       ; yes             ; Auto-Generated Megafunction  ; D:/Users/dinho/Dropbox/ifsc/PI2/01_projeto/00_main v3-3/db/sign_div_unsign_bnh.tdf     ;         ;
; db/alt_u_div_aaf.tdf             ; yes             ; Auto-Generated Megafunction  ; D:/Users/dinho/Dropbox/ifsc/PI2/01_projeto/00_main v3-3/db/alt_u_div_aaf.tdf           ;         ;
; db/add_sub_7pc.tdf               ; yes             ; Auto-Generated Megafunction  ; D:/Users/dinho/Dropbox/ifsc/PI2/01_projeto/00_main v3-3/db/add_sub_7pc.tdf             ;         ;
; db/add_sub_8pc.tdf               ; yes             ; Auto-Generated Megafunction  ; D:/Users/dinho/Dropbox/ifsc/PI2/01_projeto/00_main v3-3/db/add_sub_8pc.tdf             ;         ;
+----------------------------------+-----------------+------------------------------+----------------------------------------------------------------------------------------+---------+


+--------------------------------------------------------------+
; Analysis & Synthesis Resource Usage Summary                  ;
+---------------------------------------------+----------------+
; Resource                                    ; Usage          ;
+---------------------------------------------+----------------+
; Estimated Total logic elements              ; 1,441          ;
;                                             ;                ;
; Total combinational functions               ; 1440           ;
; Logic element usage by number of LUT inputs ;                ;
;     -- 4 input functions                    ; 523            ;
;     -- 3 input functions                    ; 583            ;
;     -- <=2 input functions                  ; 334            ;
;                                             ;                ;
; Logic elements by mode                      ;                ;
;     -- normal mode                          ; 759            ;
;     -- arithmetic mode                      ; 681            ;
;                                             ;                ;
; Total registers                             ; 198            ;
;     -- Dedicated logic registers            ; 198            ;
;     -- I/O registers                        ; 0              ;
;                                             ;                ;
; I/O pins                                    ; 95             ;
;                                             ;                ;
; Embedded Multiplier 9-bit elements          ; 0              ;
;                                             ;                ;
; Maximum fan-out node                        ; CLOCK_50~input ;
; Maximum fan-out                             ; 87             ;
; Total fan-out                               ; 5219           ;
; Average fan-out                             ; 2.83           ;
+---------------------------------------------+----------------+


+----------------------------------------------------------------------------------------------------------------------------------------------------------------------------------------------------------------------------------------------------------------------------------------------------------------------------------------+
; Analysis & Synthesis Resource Utilization by Entity                                                                                                                                                                                                                                                                                    ;
+-------------------------------------------+---------------------+---------------------------+-------------+--------------+---------+-----------+------+--------------+----------------------------------------------------------------------------------------------------------------------------+---------------------+--------------+
; Compilation Hierarchy Node                ; Combinational ALUTs ; Dedicated Logic Registers ; Memory Bits ; DSP Elements ; DSP 9x9 ; DSP 18x18 ; Pins ; Virtual Pins ; Full Hierarchy Name                                                                                                        ; Entity Name         ; Library Name ;
+-------------------------------------------+---------------------+---------------------------+-------------+--------------+---------+-----------+------+--------------+----------------------------------------------------------------------------------------------------------------------------+---------------------+--------------+
; |MAIN                                     ; 1440 (1)            ; 198 (0)                   ; 0           ; 0            ; 0       ; 0         ; 95   ; 0            ; |MAIN                                                                                                                      ; MAIN                ; work         ;
;    |MENU:BLOCO_02|                        ; 16 (16)             ; 0 (0)                     ; 0           ; 0            ; 0       ; 0         ; 0    ; 0            ; |MAIN|MENU:BLOCO_02                                                                                                        ; MENU                ; work         ;
;    |Motor:BLOCO_MOTOR|                    ; 78 (78)             ; 31 (31)                   ; 0           ; 0            ; 0       ; 0         ; 0    ; 0            ; |MAIN|Motor:BLOCO_MOTOR                                                                                                    ; Motor               ; work         ;
;    |SELETOR:BLOCO_01|                     ; 2 (2)               ; 3 (3)                     ; 0           ; 0            ; 0       ; 0         ; 0    ; 0            ; |MAIN|SELETOR:BLOCO_01                                                                                                     ; SELETOR             ; work         ;
;    |debouncer_pi:BLOCO_00|                ; 35 (35)             ; 24 (24)                   ; 0           ; 0            ; 0       ; 0         ; 0    ; 0            ; |MAIN|debouncer_pi:BLOCO_00                                                                                                ; debouncer_pi        ; work         ;
;    |sen_alt_7seg:BLOCO_03|                ; 132 (0)             ; 49 (0)                    ; 0           ; 0            ; 0       ; 0         ; 0    ; 0            ; |MAIN|sen_alt_7seg:BLOCO_03                                                                                                ; sen_alt_7seg        ; work         ;
;       |classificador:BLOCO_02|            ; 26 (26)             ; 0 (0)                     ; 0           ; 0            ; 0       ; 0         ; 0    ; 0            ; |MAIN|sen_alt_7seg:BLOCO_03|classificador:BLOCO_02                                                                         ; classificador       ; work         ;
;       |decode7seg:BLOCO_03|               ; 14 (14)             ; 0 (0)                     ; 0           ; 0            ; 0       ; 0         ; 0    ; 0            ; |MAIN|sen_alt_7seg:BLOCO_03|decode7seg:BLOCO_03                                                                            ; decode7seg          ; work         ;
;       |sens_alt:BLOCO_01|                 ; 92 (92)             ; 49 (49)                   ; 0           ; 0            ; 0       ; 0         ; 0    ; 0            ; |MAIN|sen_alt_7seg:BLOCO_03|sens_alt:BLOCO_01                                                                              ; sens_alt            ; work         ;
;    |sensor_cor:BLOCO_COR|                 ; 1176 (184)          ; 91 (91)                   ; 0           ; 0            ; 0       ; 0         ; 0    ; 0            ; |MAIN|sensor_cor:BLOCO_COR                                                                                                 ; sensor_cor          ; work         ;
;       |lpm_divide:Div0|                   ; 330 (0)             ; 0 (0)                     ; 0           ; 0            ; 0       ; 0         ; 0    ; 0            ; |MAIN|sensor_cor:BLOCO_COR|lpm_divide:Div0                                                                                 ; lpm_divide          ; work         ;
;          |lpm_divide_jkm:auto_generated|  ; 330 (0)             ; 0 (0)                     ; 0           ; 0            ; 0       ; 0         ; 0    ; 0            ; |MAIN|sensor_cor:BLOCO_COR|lpm_divide:Div0|lpm_divide_jkm:auto_generated                                                   ; lpm_divide_jkm      ; work         ;
;             |sign_div_unsign_bnh:divider| ; 330 (0)             ; 0 (0)                     ; 0           ; 0            ; 0       ; 0         ; 0    ; 0            ; |MAIN|sensor_cor:BLOCO_COR|lpm_divide:Div0|lpm_divide_jkm:auto_generated|sign_div_unsign_bnh:divider                       ; sign_div_unsign_bnh ; work         ;
;                |alt_u_div_aaf:divider|    ; 330 (330)           ; 0 (0)                     ; 0           ; 0            ; 0       ; 0         ; 0    ; 0            ; |MAIN|sensor_cor:BLOCO_COR|lpm_divide:Div0|lpm_divide_jkm:auto_generated|sign_div_unsign_bnh:divider|alt_u_div_aaf:divider ; alt_u_div_aaf       ; work         ;
;       |lpm_divide:Div1|                   ; 331 (0)             ; 0 (0)                     ; 0           ; 0            ; 0       ; 0         ; 0    ; 0            ; |MAIN|sensor_cor:BLOCO_COR|lpm_divide:Div1                                                                                 ; lpm_divide          ; work         ;
;          |lpm_divide_jkm:auto_generated|  ; 331 (0)             ; 0 (0)                     ; 0           ; 0            ; 0       ; 0         ; 0    ; 0            ; |MAIN|sensor_cor:BLOCO_COR|lpm_divide:Div1|lpm_divide_jkm:auto_generated                                                   ; lpm_divide_jkm      ; work         ;
;             |sign_div_unsign_bnh:divider| ; 331 (0)             ; 0 (0)                     ; 0           ; 0            ; 0       ; 0         ; 0    ; 0            ; |MAIN|sensor_cor:BLOCO_COR|lpm_divide:Div1|lpm_divide_jkm:auto_generated|sign_div_unsign_bnh:divider                       ; sign_div_unsign_bnh ; work         ;
;                |alt_u_div_aaf:divider|    ; 331 (331)           ; 0 (0)                     ; 0           ; 0            ; 0       ; 0         ; 0    ; 0            ; |MAIN|sensor_cor:BLOCO_COR|lpm_divide:Div1|lpm_divide_jkm:auto_generated|sign_div_unsign_bnh:divider|alt_u_div_aaf:divider ; alt_u_div_aaf       ; work         ;
;       |lpm_divide:Div2|                   ; 331 (0)             ; 0 (0)                     ; 0           ; 0            ; 0       ; 0         ; 0    ; 0            ; |MAIN|sensor_cor:BLOCO_COR|lpm_divide:Div2                                                                                 ; lpm_divide          ; work         ;
;          |lpm_divide_jkm:auto_generated|  ; 331 (0)             ; 0 (0)                     ; 0           ; 0            ; 0       ; 0         ; 0    ; 0            ; |MAIN|sensor_cor:BLOCO_COR|lpm_divide:Div2|lpm_divide_jkm:auto_generated                                                   ; lpm_divide_jkm      ; work         ;
;             |sign_div_unsign_bnh:divider| ; 331 (0)             ; 0 (0)                     ; 0           ; 0            ; 0       ; 0         ; 0    ; 0            ; |MAIN|sensor_cor:BLOCO_COR|lpm_divide:Div2|lpm_divide_jkm:auto_generated|sign_div_unsign_bnh:divider                       ; sign_div_unsign_bnh ; work         ;
;                |alt_u_div_aaf:divider|    ; 331 (331)           ; 0 (0)                     ; 0           ; 0            ; 0       ; 0         ; 0    ; 0            ; |MAIN|sensor_cor:BLOCO_COR|lpm_divide:Div2|lpm_divide_jkm:auto_generated|sign_div_unsign_bnh:divider|alt_u_div_aaf:divider ; alt_u_div_aaf       ; work         ;
+-------------------------------------------+---------------------+---------------------------+-------------+--------------+---------+-----------+------+--------------+----------------------------------------------------------------------------------------------------------------------------+---------------------+--------------+
Note: For table entries with two numbers listed, the numbers in parentheses indicate the number of resources of the given type used by the specific entity alone. The numbers listed outside of parentheses indicate the total resources of the given type used by the specific entity and all of its sub-entities in the hierarchy.


Encoding Type:  One-Hot
+-------------------------------------------------------------------+
; State Machine - |MAIN|SELETOR:BLOCO_01|ESTADO                     ;
+----------------+----------------+----------------+----------------+
; Name           ; ESTADO.CASO_03 ; ESTADO.CASO_02 ; ESTADO.CASO_01 ;
+----------------+----------------+----------------+----------------+
; ESTADO.CASO_01 ; 0              ; 0              ; 0              ;
; ESTADO.CASO_02 ; 0              ; 1              ; 1              ;
; ESTADO.CASO_03 ; 1              ; 0              ; 1              ;
+----------------+----------------+----------------+----------------+


+---------------------------------------------------------------------------------------------------------------+
; User-Specified and Inferred Latches                                                                           ;
+----------------------------------------------------+---------------------------------+------------------------+
; Latch Name                                         ; Latch Enable Signal             ; Free of Timing Hazards ;
+----------------------------------------------------+---------------------------------+------------------------+
; MOT                                                ; SELETOR:BLOCO_01|ESTADO.CASO_02 ; yes                    ;
; Number of user-specified and inferred latches = 1  ;                                 ;                        ;
+----------------------------------------------------+---------------------------------+------------------------+
Note: All latches listed above may not be present at the end of synthesis due to various synthesis optimizations.


+----------------------------------------------------------------------------------------------------------------------+
; Registers Removed During Synthesis                                                                                   ;
+--------------------------------------------------+-------------------------------------------------------------------+
; Register name                                    ; Reason for Removal                                                ;
+--------------------------------------------------+-------------------------------------------------------------------+
; sensor_cor:BLOCO_COR|POWER_1                     ; Stuck at GND due to stuck port data_in                            ;
; sensor_cor:BLOCO_COR|POWER_0                     ; Stuck at VCC due to stuck port data_in                            ;
; Motor:BLOCO_MOTOR|MOT3                           ; Merged with Motor:BLOCO_MOTOR|MOT1                                ;
; sensor_cor:BLOCO_COR|DU[5]                       ; Merged with sensor_cor:BLOCO_COR|DU[0]                            ;
; sensor_cor:BLOCO_COR|EL[2]                       ; Merged with sensor_cor:BLOCO_COR|DU[0]                            ;
; sensor_cor:BLOCO_COR|RB[0,1]                     ; Merged with sensor_cor:BLOCO_COR|DU[0]                            ;
; sensor_cor:BLOCO_COR|RB[2,3,5]                   ; Merged with sensor_cor:BLOCO_COR|MOTOR                            ;
; sensor_cor:BLOCO_COR|DU[3,4]                     ; Merged with sensor_cor:BLOCO_COR|DU[2]                            ;
; sensor_cor:BLOCO_COR|EL[3,4]                     ; Merged with sensor_cor:BLOCO_COR|DU[2]                            ;
; sensor_cor:BLOCO_COR|RB[4,6]                     ; Merged with sensor_cor:BLOCO_COR|DU[2]                            ;
; sensor_cor:BLOCO_COR|DU[6]                       ; Merged with sensor_cor:BLOCO_COR|DU[1]                            ;
; sensor_cor:BLOCO_COR|EL[0,1,5,6]                 ; Merged with sensor_cor:BLOCO_COR|DU[1]                            ;
; sensor_cor:BLOCO_COR|state[2]                    ; Merged with sensor_cor:BLOCO_COR|next_state[2]                    ;
; sensor_cor:BLOCO_COR|state[0]                    ; Merged with sensor_cor:BLOCO_COR|next_state[0]                    ;
; sen_alt_7seg:BLOCO_03|sens_alt:BLOCO_01|state[1] ; Merged with sen_alt_7seg:BLOCO_03|sens_alt:BLOCO_01|next_state[1] ;
; sen_alt_7seg:BLOCO_03|sens_alt:BLOCO_01|state[0] ; Merged with sen_alt_7seg:BLOCO_03|sens_alt:BLOCO_01|next_state[0] ;
; sensor_cor:BLOCO_COR|state[1]                    ; Merged with sensor_cor:BLOCO_COR|next_state[1]                    ;
; Motor:BLOCO_MOTOR|state[1]                       ; Merged with Motor:BLOCO_MOTOR|next_state[1]                       ;
; Motor:BLOCO_MOTOR|state[0]                       ; Merged with Motor:BLOCO_MOTOR|next_state[0]                       ;
; Motor:BLOCO_MOTOR|MOT2                           ; Merged with Motor:BLOCO_MOTOR|MOT0                                ;
; sensor_cor:BLOCO_COR|DU[0]                       ; Stuck at VCC due to stuck port data_in                            ;
; sensor_cor:BLOCO_COR|DU[2]                       ; Stuck at GND due to stuck port data_in                            ;
; sensor_cor:BLOCO_COR|DU[1]                       ; Merged with sensor_cor:BLOCO_COR|MOTOR                            ;
; Total Number of Removed Registers = 32           ;                                                                   ;
+--------------------------------------------------+-------------------------------------------------------------------+


+------------------------------------------------------+
; General Register Statistics                          ;
+----------------------------------------------+-------+
; Statistic                                    ; Value ;
+----------------------------------------------+-------+
; Total registers                              ; 198   ;
; Number of registers using Synchronous Clear  ; 142   ;
; Number of registers using Synchronous Load   ; 5     ;
; Number of registers using Asynchronous Clear ; 0     ;
; Number of registers using Asynchronous Load  ; 0     ;
; Number of registers using Clock Enable       ; 114   ;
; Number of registers using Preset             ; 0     ;
+----------------------------------------------+-------+


+--------------------------------------------------+
; Inverted Register Statistics                     ;
+----------------------------------------+---------+
; Inverted Register                      ; Fan out ;
+----------------------------------------+---------+
; sensor_cor:BLOCO_COR|flag              ; 4       ;
; Total number of inverted registers = 1 ;         ;
+----------------------------------------+---------+


+---------------------------------------------------------------------------------------------------------------------------------------------------------------------------+
; Multiplexer Restructuring Statistics (Restructuring Performed)                                                                                                            ;
+--------------------+-----------+---------------+----------------------+------------------------+------------+-------------------------------------------------------------+
; Multiplexer Inputs ; Bus Width ; Baseline Area ; Area if Restructured ; Saving if Restructured ; Registered ; Example Multiplexer Output                                  ;
+--------------------+-----------+---------------+----------------------+------------------------+------------+-------------------------------------------------------------+
; 3:1                ; 2 bits    ; 4 LEs         ; 2 LEs                ; 2 LEs                  ; Yes        ; |MAIN|sensor_cor:BLOCO_COR|DU[1]                            ;
; 3:1                ; 11 bits   ; 22 LEs        ; 11 LEs               ; 11 LEs                 ; Yes        ; |MAIN|sen_alt_7seg:BLOCO_03|sens_alt:BLOCO_01|count[0]      ;
; 3:1                ; 15 bits   ; 30 LEs        ; 15 LEs               ; 15 LEs                 ; Yes        ; |MAIN|sen_alt_7seg:BLOCO_03|sens_alt:BLOCO_01|hold[13]      ;
; 5:1                ; 23 bits   ; 69 LEs        ; 23 LEs               ; 46 LEs                 ; Yes        ; |MAIN|debouncer_pi:BLOCO_00|counter[12]                     ;
; 4:1                ; 9 bits    ; 18 LEs        ; 18 LEs               ; 0 LEs                  ; Yes        ; |MAIN|Motor:BLOCO_MOTOR|cont[5]                             ;
; 6:1                ; 8 bits    ; 32 LEs        ; 8 LEs                ; 24 LEs                 ; Yes        ; |MAIN|sen_alt_7seg:BLOCO_03|sens_alt:BLOCO_01|PULSE[2]      ;
; 7:1                ; 2 bits    ; 8 LEs         ; 4 LEs                ; 4 LEs                  ; Yes        ; |MAIN|sen_alt_7seg:BLOCO_03|sens_alt:BLOCO_01|next_state[1] ;
; 8:1                ; 17 bits   ; 85 LEs        ; 17 LEs               ; 68 LEs                 ; Yes        ; |MAIN|sensor_cor:BLOCO_COR|freq_filtroR[11]                 ;
; 8:1                ; 17 bits   ; 85 LEs        ; 17 LEs               ; 68 LEs                 ; Yes        ; |MAIN|sensor_cor:BLOCO_COR|freq_filtroB[7]                  ;
; 8:1                ; 17 bits   ; 85 LEs        ; 17 LEs               ; 68 LEs                 ; Yes        ; |MAIN|sensor_cor:BLOCO_COR|freq_filtroG[3]                  ;
; 8:1                ; 4 bits    ; 20 LEs        ; 12 LEs               ; 8 LEs                  ; No         ; |MAIN|MENU:BLOCO_02|Mux33                                   ;
; 4:1                ; 4 bits    ; 8 LEs         ; 8 LEs                ; 0 LEs                  ; No         ; |MAIN|MENU:BLOCO_02|Mux31                                   ;
; 4:1                ; 3 bits    ; 6 LEs         ; 6 LEs                ; 0 LEs                  ; No         ; |MAIN|MENU:BLOCO_02|Mux27                                   ;
+--------------------+-----------+---------------+----------------------+------------------------+------------+-------------------------------------------------------------+


+--------------------------------------------------------------------+
; Parameter Settings for User Entity Instance: debouncer_pi:BLOCO_00 ;
+----------------+----------+----------------------------------------+
; Parameter Name ; Value    ; Type                                   ;
+----------------+----------+----------------------------------------+
; freqin         ; 50000000 ; Signed Integer                         ;
; delay          ; 100      ; Signed Integer                         ;
; defaultstate   ; '0'      ; Enumerated                             ;
+----------------+----------+----------------------------------------+
Note: In order to hide this table in the UI and the text report file, please set the "Show Parameter Settings in Synthesis Report" option in "Analysis and Synthesis Settings -> More Settings" to "Off".


+--------------------------------------------------------------------------------------+
; Parameter Settings for User Entity Instance: sen_alt_7seg:BLOCO_03|sens_alt:BLOCO_01 ;
+----------------+----------+----------------------------------------------------------+
; Parameter Name ; Value    ; Type                                                     ;
+----------------+----------+----------------------------------------------------------+
; freqin         ; 50000000 ; Signed Integer                                           ;
; freqout        ; 17000    ; Signed Integer                                           ;
+----------------+----------+----------------------------------------------------------+
Note: In order to hide this table in the UI and the text report file, please set the "Show Parameter Settings in Synthesis Report" option in "Analysis and Synthesis Settings -> More Settings" to "Off".


+---------------------------------------------------------------------------------------+
; Parameter Settings for Inferred Entity Instance: sensor_cor:BLOCO_COR|lpm_divide:Div0 ;
+------------------------+----------------+---------------------------------------------+
; Parameter Name         ; Value          ; Type                                        ;
+------------------------+----------------+---------------------------------------------+
; LPM_WIDTHN             ; 20             ; Untyped                                     ;
; LPM_WIDTHD             ; 19             ; Untyped                                     ;
; LPM_NREPRESENTATION    ; UNSIGNED       ; Untyped                                     ;
; LPM_DREPRESENTATION    ; UNSIGNED       ; Untyped                                     ;
; LPM_PIPELINE           ; 0              ; Untyped                                     ;
; LPM_REMAINDERPOSITIVE  ; TRUE           ; Untyped                                     ;
; MAXIMIZE_SPEED         ; 5              ; Untyped                                     ;
; CBXI_PARAMETER         ; lpm_divide_jkm ; Untyped                                     ;
; CARRY_CHAIN            ; MANUAL         ; Untyped                                     ;
; OPTIMIZE_FOR_SPEED     ; 5              ; Untyped                                     ;
; AUTO_CARRY_CHAINS      ; ON             ; AUTO_CARRY                                  ;
; IGNORE_CARRY_BUFFERS   ; OFF            ; IGNORE_CARRY                                ;
; AUTO_CASCADE_CHAINS    ; ON             ; AUTO_CASCADE                                ;
; IGNORE_CASCADE_BUFFERS ; OFF            ; IGNORE_CASCADE                              ;
+------------------------+----------------+---------------------------------------------+
Note: In order to hide this table in the UI and the text report file, please set the "Show Parameter Settings in Synthesis Report" option in "Analysis and Synthesis Settings -> More Settings" to "Off".


+---------------------------------------------------------------------------------------+
; Parameter Settings for Inferred Entity Instance: sensor_cor:BLOCO_COR|lpm_divide:Div1 ;
+------------------------+----------------+---------------------------------------------+
; Parameter Name         ; Value          ; Type                                        ;
+------------------------+----------------+---------------------------------------------+
; LPM_WIDTHN             ; 20             ; Untyped                                     ;
; LPM_WIDTHD             ; 19             ; Untyped                                     ;
; LPM_NREPRESENTATION    ; UNSIGNED       ; Untyped                                     ;
; LPM_DREPRESENTATION    ; UNSIGNED       ; Untyped                                     ;
; LPM_PIPELINE           ; 0              ; Untyped                                     ;
; LPM_REMAINDERPOSITIVE  ; TRUE           ; Untyped                                     ;
; MAXIMIZE_SPEED         ; 5              ; Untyped                                     ;
; CBXI_PARAMETER         ; lpm_divide_jkm ; Untyped                                     ;
; CARRY_CHAIN            ; MANUAL         ; Untyped                                     ;
; OPTIMIZE_FOR_SPEED     ; 5              ; Untyped                                     ;
; AUTO_CARRY_CHAINS      ; ON             ; AUTO_CARRY                                  ;
; IGNORE_CARRY_BUFFERS   ; OFF            ; IGNORE_CARRY                                ;
; AUTO_CASCADE_CHAINS    ; ON             ; AUTO_CASCADE                                ;
; IGNORE_CASCADE_BUFFERS ; OFF            ; IGNORE_CASCADE                              ;
+------------------------+----------------+---------------------------------------------+
Note: In order to hide this table in the UI and the text report file, please set the "Show Parameter Settings in Synthesis Report" option in "Analysis and Synthesis Settings -> More Settings" to "Off".


+---------------------------------------------------------------------------------------+
; Parameter Settings for Inferred Entity Instance: sensor_cor:BLOCO_COR|lpm_divide:Div2 ;
+------------------------+----------------+---------------------------------------------+
; Parameter Name         ; Value          ; Type                                        ;
+------------------------+----------------+---------------------------------------------+
; LPM_WIDTHN             ; 20             ; Untyped                                     ;
; LPM_WIDTHD             ; 19             ; Untyped                                     ;
; LPM_NREPRESENTATION    ; UNSIGNED       ; Untyped                                     ;
; LPM_DREPRESENTATION    ; UNSIGNED       ; Untyped                                     ;
; LPM_PIPELINE           ; 0              ; Untyped                                     ;
; LPM_REMAINDERPOSITIVE  ; TRUE           ; Untyped                                     ;
; MAXIMIZE_SPEED         ; 5              ; Untyped                                     ;
; CBXI_PARAMETER         ; lpm_divide_jkm ; Untyped                                     ;
; CARRY_CHAIN            ; MANUAL         ; Untyped                                     ;
; OPTIMIZE_FOR_SPEED     ; 5              ; Untyped                                     ;
; AUTO_CARRY_CHAINS      ; ON             ; AUTO_CARRY                                  ;
; IGNORE_CARRY_BUFFERS   ; OFF            ; IGNORE_CARRY                                ;
; AUTO_CASCADE_CHAINS    ; ON             ; AUTO_CASCADE                                ;
; IGNORE_CASCADE_BUFFERS ; OFF            ; IGNORE_CASCADE                              ;
+------------------------+----------------+---------------------------------------------+
Note: In order to hide this table in the UI and the text report file, please set the "Show Parameter Settings in Synthesis Report" option in "Analysis and Synthesis Settings -> More Settings" to "Off".


+--------------------------------------------------+
; Port Connectivity Checks: "sensor_cor:BLOCO_COR" ;
+--------+-------+----------+----------------------+
; Port   ; Type  ; Severity ; Details              ;
+--------+-------+----------+----------------------+
; enable ; Input ; Info     ; Stuck at VCC         ;
+--------+-------+----------+----------------------+


+---------------------------------------------------------------------------------------------------------------------+
; Port Connectivity Checks: "sen_alt_7seg:BLOCO_03|classificador:BLOCO_02"                                            ;
+-----------+--------+----------+-------------------------------------------------------------------------------------+
; Port      ; Type   ; Severity ; Details                                                                             ;
+-----------+--------+----------+-------------------------------------------------------------------------------------+
; bcd[9..8] ; Output ; Info     ; Connected to dangling logic. Logic that only feeds a dangling port will be removed. ;
+-----------+--------+----------+-------------------------------------------------------------------------------------+


+-----------------------------------------------------+
; Post-Synthesis Netlist Statistics for Top Partition ;
+-----------------------+-----------------------------+
; Type                  ; Count                       ;
+-----------------------+-----------------------------+
; boundary_port         ; 95                          ;
; cycloneiii_ff         ; 198                         ;
;     ENA               ; 30                          ;
;     ENA SCLR          ; 82                          ;
;     ENA SLD           ; 2                           ;
;     SCLR              ; 60                          ;
;     SLD               ; 3                           ;
;     plain             ; 21                          ;
; cycloneiii_io_obuf    ; 13                          ;
; cycloneiii_lcell_comb ; 1445                        ;
;     arith             ; 681                         ;
;         2 data inputs ; 209                         ;
;         3 data inputs ; 472                         ;
;     normal            ; 764                         ;
;         0 data inputs ; 50                          ;
;         1 data inputs ; 20                          ;
;         2 data inputs ; 60                          ;
;         3 data inputs ; 111                         ;
;         4 data inputs ; 523                         ;
;                       ;                             ;
; Max LUT depth         ; 56.20                       ;
; Average LUT depth     ; 36.85                       ;
+-----------------------+-----------------------------+


+-------------------------------+
; Elapsed Time Per Partition    ;
+----------------+--------------+
; Partition Name ; Elapsed Time ;
+----------------+--------------+
; Top            ; 00:00:04     ;
+----------------+--------------+


+-------------------------------+
; Analysis & Synthesis Messages ;
+-------------------------------+
Warning (18236): Number of processors has not been specified which may cause overloading on shared machines.  Set the global assignment NUM_PARALLEL_PROCESSORS in your QSF to an appropriate value for best performance.
Info (20030): Parallel compilation is enabled and will use 2 of the 2 processors detected
Info (12021): Found 2 design units, including 1 entities, in source file subentidades/sens_alt.vhd
    Info (12022): Found design unit 1: sens_alt-HARDWARE File: D:/Users/dinho/Dropbox/ifsc/PI2/01_projeto/00_main v3-3/subENTIDADES/sens_alt.vhd Line: 39
    Info (12023): Found entity 1: sens_alt File: D:/Users/dinho/Dropbox/ifsc/PI2/01_projeto/00_main v3-3/subENTIDADES/sens_alt.vhd Line: 24
Info (12021): Found 2 design units, including 1 entities, in source file subentidades/sen_alt_7seg.vhd
    Info (12022): Found design unit 1: sen_alt_7seg-HARDWARE File: D:/Users/dinho/Dropbox/ifsc/PI2/01_projeto/00_main v3-3/subENTIDADES/sen_alt_7seg.vhd Line: 30
    Info (12023): Found entity 1: sen_alt_7seg File: D:/Users/dinho/Dropbox/ifsc/PI2/01_projeto/00_main v3-3/subENTIDADES/sen_alt_7seg.vhd Line: 18
Info (12021): Found 2 design units, including 1 entities, in source file subentidades/seletor.vhd
    Info (12022): Found design unit 1: SELETOR-HARDWARE File: D:/Users/dinho/Dropbox/ifsc/PI2/01_projeto/00_main v3-3/subENTIDADES/SELETOR.vhd Line: 24
    Info (12023): Found entity 1: SELETOR File: D:/Users/dinho/Dropbox/ifsc/PI2/01_projeto/00_main v3-3/subENTIDADES/SELETOR.vhd Line: 15
Info (12021): Found 2 design units, including 1 entities, in source file subentidades/decode7seg.vhd
    Info (12022): Found design unit 1: decode7seg-HARDWARE File: D:/Users/dinho/Dropbox/ifsc/PI2/01_projeto/00_main v3-3/subENTIDADES/decode7seg.vhd Line: 28
    Info (12023): Found entity 1: decode7seg File: D:/Users/dinho/Dropbox/ifsc/PI2/01_projeto/00_main v3-3/subENTIDADES/decode7seg.vhd Line: 17
Info (12021): Found 2 design units, including 1 entities, in source file subentidades/menu.vhd
    Info (12022): Found design unit 1: MENU-HARDWARE File: D:/Users/dinho/Dropbox/ifsc/PI2/01_projeto/00_main v3-3/subENTIDADES/menu.vhd Line: 38
    Info (12023): Found entity 1: MENU File: D:/Users/dinho/Dropbox/ifsc/PI2/01_projeto/00_main v3-3/subENTIDADES/menu.vhd Line: 15
Info (12021): Found 2 design units, including 1 entities, in source file subentidades/debouncer_pi.vhd
    Info (12022): Found design unit 1: debouncer_pi-behavior File: D:/Users/dinho/Dropbox/ifsc/PI2/01_projeto/00_main v3-3/subENTIDADES/debouncer_pi.vhd Line: 19
    Info (12023): Found entity 1: debouncer_pi File: D:/Users/dinho/Dropbox/ifsc/PI2/01_projeto/00_main v3-3/subENTIDADES/debouncer_pi.vhd Line: 6
Info (12021): Found 2 design units, including 1 entities, in source file subentidades/classificador.vhd
    Info (12022): Found design unit 1: classificador-HARDWARE File: D:/Users/dinho/Dropbox/ifsc/PI2/01_projeto/00_main v3-3/subENTIDADES/classificador.vhd Line: 34
    Info (12023): Found entity 1: classificador File: D:/Users/dinho/Dropbox/ifsc/PI2/01_projeto/00_main v3-3/subENTIDADES/classificador.vhd Line: 24
Info (12021): Found 2 design units, including 1 entities, in source file main.vhd
    Info (12022): Found design unit 1: MAIN-HARDWARE File: D:/Users/dinho/Dropbox/ifsc/PI2/01_projeto/00_main v3-3/MAIN.vhd Line: 42
    Info (12023): Found entity 1: MAIN File: D:/Users/dinho/Dropbox/ifsc/PI2/01_projeto/00_main v3-3/MAIN.vhd Line: 18
Info (12021): Found 2 design units, including 1 entities, in source file subentidades/sensor_cor.vhd
    Info (12022): Found design unit 1: sensor_cor-HARDWARE File: D:/Users/dinho/Dropbox/ifsc/PI2/01_projeto/00_main v3-3/subENTIDADES/sensor_cor.vhd Line: 45
    Info (12023): Found entity 1: sensor_cor File: D:/Users/dinho/Dropbox/ifsc/PI2/01_projeto/00_main v3-3/subENTIDADES/sensor_cor.vhd Line: 24
Info (12021): Found 2 design units, including 1 entities, in source file subentidades/motor.vhd
    Info (12022): Found design unit 1: Motor-HARDWARE File: D:/Users/dinho/Dropbox/ifsc/PI2/01_projeto/00_main v3-3/subENTIDADES/Motor.vhd Line: 39
    Info (12023): Found entity 1: Motor File: D:/Users/dinho/Dropbox/ifsc/PI2/01_projeto/00_main v3-3/subENTIDADES/Motor.vhd Line: 24
Info (12127): Elaborating entity "MAIN" for the top level hierarchy
Warning (10541): VHDL Signal Declaration warning at MAIN.vhd(55): used implicit default value for signal "MOTOR2" because signal was never assigned a value or an explicit default value. Use of implicit default value may introduce unintended design optimizations. File: D:/Users/dinho/Dropbox/ifsc/PI2/01_projeto/00_main v3-3/MAIN.vhd Line: 55
Warning (10492): VHDL Process Statement warning at MAIN.vhd(115): signal "SEL" is read inside the Process Statement but isn't in the Process Statement's sensitivity list File: D:/Users/dinho/Dropbox/ifsc/PI2/01_projeto/00_main v3-3/MAIN.vhd Line: 115
Warning (10492): VHDL Process Statement warning at MAIN.vhd(116): signal "MOTOR2" is read inside the Process Statement but isn't in the Process Statement's sensitivity list File: D:/Users/dinho/Dropbox/ifsc/PI2/01_projeto/00_main v3-3/MAIN.vhd Line: 116
Warning (10492): VHDL Process Statement warning at MAIN.vhd(119): signal "SEL" is read inside the Process Statement but isn't in the Process Statement's sensitivity list File: D:/Users/dinho/Dropbox/ifsc/PI2/01_projeto/00_main v3-3/MAIN.vhd Line: 119
Warning (10492): VHDL Process Statement warning at MAIN.vhd(120): signal "MOTOR" is read inside the Process Statement but isn't in the Process Statement's sensitivity list File: D:/Users/dinho/Dropbox/ifsc/PI2/01_projeto/00_main v3-3/MAIN.vhd Line: 120
Warning (10631): VHDL Process Statement warning at MAIN.vhd(112): inferring latch(es) for signal or variable "MOT", which holds its previous value in one or more paths through the process File: D:/Users/dinho/Dropbox/ifsc/PI2/01_projeto/00_main v3-3/MAIN.vhd Line: 112
Info (10041): Inferred latch for "MOT" at MAIN.vhd(112) File: D:/Users/dinho/Dropbox/ifsc/PI2/01_projeto/00_main v3-3/MAIN.vhd Line: 112
Info (12128): Elaborating entity "debouncer_pi" for hierarchy "debouncer_pi:BLOCO_00" File: D:/Users/dinho/Dropbox/ifsc/PI2/01_projeto/00_main v3-3/MAIN.vhd Line: 62
Info (12128): Elaborating entity "SELETOR" for hierarchy "SELETOR:BLOCO_01" File: D:/Users/dinho/Dropbox/ifsc/PI2/01_projeto/00_main v3-3/MAIN.vhd Line: 71
Info (12128): Elaborating entity "MENU" for hierarchy "MENU:BLOCO_02" File: D:/Users/dinho/Dropbox/ifsc/PI2/01_projeto/00_main v3-3/MAIN.vhd Line: 79
Info (12128): Elaborating entity "sen_alt_7seg" for hierarchy "sen_alt_7seg:BLOCO_03" File: D:/Users/dinho/Dropbox/ifsc/PI2/01_projeto/00_main v3-3/MAIN.vhd Line: 100
Info (12128): Elaborating entity "sens_alt" for hierarchy "sen_alt_7seg:BLOCO_03|sens_alt:BLOCO_01" File: D:/Users/dinho/Dropbox/ifsc/PI2/01_projeto/00_main v3-3/subENTIDADES/sen_alt_7seg.vhd Line: 43
Info (12128): Elaborating entity "classificador" for hierarchy "sen_alt_7seg:BLOCO_03|classificador:BLOCO_02" File: D:/Users/dinho/Dropbox/ifsc/PI2/01_projeto/00_main v3-3/subENTIDADES/sen_alt_7seg.vhd Line: 47
Info (12128): Elaborating entity "decode7seg" for hierarchy "sen_alt_7seg:BLOCO_03|decode7seg:BLOCO_03" File: D:/Users/dinho/Dropbox/ifsc/PI2/01_projeto/00_main v3-3/subENTIDADES/sen_alt_7seg.vhd Line: 51
Info (12128): Elaborating entity "sensor_cor" for hierarchy "sensor_cor:BLOCO_COR" File: D:/Users/dinho/Dropbox/ifsc/PI2/01_projeto/00_main v3-3/MAIN.vhd Line: 128
Info (12128): Elaborating entity "Motor" for hierarchy "Motor:BLOCO_MOTOR" File: D:/Users/dinho/Dropbox/ifsc/PI2/01_projeto/00_main v3-3/MAIN.vhd Line: 154
Info (278001): Inferred 3 megafunctions from design logic
    Info (278004): Inferred divider/modulo megafunction ("lpm_divide") from the following logic: "sensor_cor:BLOCO_COR|Div0" File: D:/Users/dinho/Dropbox/ifsc/PI2/01_projeto/00_main v3-3/subENTIDADES/sensor_cor.vhd Line: 190
    Info (278004): Inferred divider/modulo megafunction ("lpm_divide") from the following logic: "sensor_cor:BLOCO_COR|Div1" File: D:/Users/dinho/Dropbox/ifsc/PI2/01_projeto/00_main v3-3/subENTIDADES/sensor_cor.vhd Line: 191
    Info (278004): Inferred divider/modulo megafunction ("lpm_divide") from the following logic: "sensor_cor:BLOCO_COR|Div2" File: D:/Users/dinho/Dropbox/ifsc/PI2/01_projeto/00_main v3-3/subENTIDADES/sensor_cor.vhd Line: 192
Info (12130): Elaborated megafunction instantiation "sensor_cor:BLOCO_COR|lpm_divide:Div0" File: D:/Users/dinho/Dropbox/ifsc/PI2/01_projeto/00_main v3-3/subENTIDADES/sensor_cor.vhd Line: 190
Info (12133): Instantiated megafunction "sensor_cor:BLOCO_COR|lpm_divide:Div0" with the following parameter: File: D:/Users/dinho/Dropbox/ifsc/PI2/01_projeto/00_main v3-3/subENTIDADES/sensor_cor.vhd Line: 190
    Info (12134): Parameter "LPM_WIDTHN" = "20"
    Info (12134): Parameter "LPM_WIDTHD" = "19"
    Info (12134): Parameter "LPM_NREPRESENTATION" = "UNSIGNED"
    Info (12134): Parameter "LPM_DREPRESENTATION" = "UNSIGNED"
Info (12021): Found 1 design units, including 1 entities, in source file db/lpm_divide_jkm.tdf
    Info (12023): Found entity 1: lpm_divide_jkm File: D:/Users/dinho/Dropbox/ifsc/PI2/01_projeto/00_main v3-3/db/lpm_divide_jkm.tdf Line: 25
Info (12021): Found 1 design units, including 1 entities, in source file db/sign_div_unsign_bnh.tdf
    Info (12023): Found entity 1: sign_div_unsign_bnh File: D:/Users/dinho/Dropbox/ifsc/PI2/01_projeto/00_main v3-3/db/sign_div_unsign_bnh.tdf Line: 25
Info (12021): Found 1 design units, including 1 entities, in source file db/alt_u_div_aaf.tdf
    Info (12023): Found entity 1: alt_u_div_aaf File: D:/Users/dinho/Dropbox/ifsc/PI2/01_projeto/00_main v3-3/db/alt_u_div_aaf.tdf Line: 27
Info (12021): Found 1 design units, including 1 entities, in source file db/add_sub_7pc.tdf
    Info (12023): Found entity 1: add_sub_7pc File: D:/Users/dinho/Dropbox/ifsc/PI2/01_projeto/00_main v3-3/db/add_sub_7pc.tdf Line: 23
Info (12021): Found 1 design units, including 1 entities, in source file db/add_sub_8pc.tdf
    Info (12023): Found entity 1: add_sub_8pc File: D:/Users/dinho/Dropbox/ifsc/PI2/01_projeto/00_main v3-3/db/add_sub_8pc.tdf Line: 23
Warning (13034): The following nodes have both tri-state and non-tri-state drivers
    Warning (13035): Inserted always-enabled tri-state buffer between "GPIO[3]" and its non-tri-state driver. File: D:/Users/dinho/Dropbox/ifsc/PI2/01_projeto/00_main v3-3/MAIN.vhd Line: 35
    Warning (13035): Inserted always-enabled tri-state buffer between "GPIO[6]" and its non-tri-state driver. File: D:/Users/dinho/Dropbox/ifsc/PI2/01_projeto/00_main v3-3/MAIN.vhd Line: 35
    Warning (13035): Inserted always-enabled tri-state buffer between "GPIO[7]" and its non-tri-state driver. File: D:/Users/dinho/Dropbox/ifsc/PI2/01_projeto/00_main v3-3/MAIN.vhd Line: 35
    Warning (13035): Inserted always-enabled tri-state buffer between "GPIO[9]" and its non-tri-state driver. File: D:/Users/dinho/Dropbox/ifsc/PI2/01_projeto/00_main v3-3/MAIN.vhd Line: 35
    Warning (13035): Inserted always-enabled tri-state buffer between "GPIO[10]" and its non-tri-state driver. File: D:/Users/dinho/Dropbox/ifsc/PI2/01_projeto/00_main v3-3/MAIN.vhd Line: 35
    Warning (13035): Inserted always-enabled tri-state buffer between "GPIO[11]" and its non-tri-state driver. File: D:/Users/dinho/Dropbox/ifsc/PI2/01_projeto/00_main v3-3/MAIN.vhd Line: 35
    Warning (13035): Inserted always-enabled tri-state buffer between "GPIO[12]" and its non-tri-state driver. File: D:/Users/dinho/Dropbox/ifsc/PI2/01_projeto/00_main v3-3/MAIN.vhd Line: 35
Warning (13039): The following bidirectional pins have no drivers
    Warning (13040): bidirectional pin "GPIO[0]" has no driver File: D:/Users/dinho/Dropbox/ifsc/PI2/01_projeto/00_main v3-3/MAIN.vhd Line: 35
    Warning (13040): bidirectional pin "GPIO[8]" has no driver File: D:/Users/dinho/Dropbox/ifsc/PI2/01_projeto/00_main v3-3/MAIN.vhd Line: 35
    Warning (13040): bidirectional pin "GPIO[1]" has no driver File: D:/Users/dinho/Dropbox/ifsc/PI2/01_projeto/00_main v3-3/MAIN.vhd Line: 35
    Warning (13040): bidirectional pin "GPIO[2]" has no driver File: D:/Users/dinho/Dropbox/ifsc/PI2/01_projeto/00_main v3-3/MAIN.vhd Line: 35
Warning (13032): The following tri-state nodes are fed by constants
    Warning (13033): The pin "GPIO[4]" is fed by VCC File: D:/Users/dinho/Dropbox/ifsc/PI2/01_projeto/00_main v3-3/MAIN.vhd Line: 35
    Warning (13033): The pin "GPIO[5]" is fed by GND File: D:/Users/dinho/Dropbox/ifsc/PI2/01_projeto/00_main v3-3/MAIN.vhd Line: 35
Warning (13009): TRI or OPNDRN buffers permanently enabled
    Warning (13010): Node "GPIO[3]~synth" File: D:/Users/dinho/Dropbox/ifsc/PI2/01_projeto/00_main v3-3/MAIN.vhd Line: 35
    Warning (13010): Node "GPIO[4]~synth" File: D:/Users/dinho/Dropbox/ifsc/PI2/01_projeto/00_main v3-3/MAIN.vhd Line: 35
    Warning (13010): Node "GPIO[6]~synth" File: D:/Users/dinho/Dropbox/ifsc/PI2/01_projeto/00_main v3-3/MAIN.vhd Line: 35
    Warning (13010): Node "GPIO[7]~synth" File: D:/Users/dinho/Dropbox/ifsc/PI2/01_projeto/00_main v3-3/MAIN.vhd Line: 35
    Warning (13010): Node "GPIO[9]~synth" File: D:/Users/dinho/Dropbox/ifsc/PI2/01_projeto/00_main v3-3/MAIN.vhd Line: 35
    Warning (13010): Node "GPIO[10]~synth" File: D:/Users/dinho/Dropbox/ifsc/PI2/01_projeto/00_main v3-3/MAIN.vhd Line: 35
    Warning (13010): Node "GPIO[11]~synth" File: D:/Users/dinho/Dropbox/ifsc/PI2/01_projeto/00_main v3-3/MAIN.vhd Line: 35
    Warning (13010): Node "GPIO[12]~synth" File: D:/Users/dinho/Dropbox/ifsc/PI2/01_projeto/00_main v3-3/MAIN.vhd Line: 35
Warning (13024): Output pins are stuck at VCC or GND
    Warning (13410): Pin "HEX7[0]" is stuck at GND File: D:/Users/dinho/Dropbox/ifsc/PI2/01_projeto/00_main v3-3/MAIN.vhd Line: 23
    Warning (13410): Pin "HEX7[4]" is stuck at GND File: D:/Users/dinho/Dropbox/ifsc/PI2/01_projeto/00_main v3-3/MAIN.vhd Line: 23
    Warning (13410): Pin "HEX7[5]" is stuck at GND File: D:/Users/dinho/Dropbox/ifsc/PI2/01_projeto/00_main v3-3/MAIN.vhd Line: 23
    Warning (13410): Pin "HEX6[3]" is stuck at GND File: D:/Users/dinho/Dropbox/ifsc/PI2/01_projeto/00_main v3-3/MAIN.vhd Line: 24
    Warning (13410): Pin "HEX6[4]" is stuck at GND File: D:/Users/dinho/Dropbox/ifsc/PI2/01_projeto/00_main v3-3/MAIN.vhd Line: 24
    Warning (13410): Pin "HEX5[1]" is stuck at VCC File: D:/Users/dinho/Dropbox/ifsc/PI2/01_projeto/00_main v3-3/MAIN.vhd Line: 25
    Warning (13410): Pin "HEX5[6]" is stuck at GND File: D:/Users/dinho/Dropbox/ifsc/PI2/01_projeto/00_main v3-3/MAIN.vhd Line: 25
    Warning (13410): Pin "HEX4[0]" is stuck at VCC File: D:/Users/dinho/Dropbox/ifsc/PI2/01_projeto/00_main v3-3/MAIN.vhd Line: 26
    Warning (13410): Pin "HEX4[1]" is stuck at VCC File: D:/Users/dinho/Dropbox/ifsc/PI2/01_projeto/00_main v3-3/MAIN.vhd Line: 26
    Warning (13410): Pin "HEX4[5]" is stuck at VCC File: D:/Users/dinho/Dropbox/ifsc/PI2/01_projeto/00_main v3-3/MAIN.vhd Line: 26
    Warning (13410): Pin "HEX1[0]" is stuck at VCC File: D:/Users/dinho/Dropbox/ifsc/PI2/01_projeto/00_main v3-3/MAIN.vhd Line: 29
    Warning (13410): Pin "HEX1[5]" is stuck at VCC File: D:/Users/dinho/Dropbox/ifsc/PI2/01_projeto/00_main v3-3/MAIN.vhd Line: 29
    Warning (13410): Pin "LEDG[1]" is stuck at GND File: D:/Users/dinho/Dropbox/ifsc/PI2/01_projeto/00_main v3-3/MAIN.vhd Line: 31
Info (286030): Timing-Driven Synthesis is running
Info (16010): Generating hard_block partition "hard_block:auto_generated_inst"
    Info (16011): Adding 0 node(s), including 0 DDIO, 0 PLL, 0 transceiver and 0 LCELL
Warning (21074): Design contains 21 input pin(s) that do not drive logic
    Warning (15610): No output dependent on input pin "KEY[1]" File: D:/Users/dinho/Dropbox/ifsc/PI2/01_projeto/00_main v3-3/MAIN.vhd Line: 22
    Warning (15610): No output dependent on input pin "KEY[2]" File: D:/Users/dinho/Dropbox/ifsc/PI2/01_projeto/00_main v3-3/MAIN.vhd Line: 22
    Warning (15610): No output dependent on input pin "KEY[3]" File: D:/Users/dinho/Dropbox/ifsc/PI2/01_projeto/00_main v3-3/MAIN.vhd Line: 22
    Warning (15610): No output dependent on input pin "SW[0]" File: D:/Users/dinho/Dropbox/ifsc/PI2/01_projeto/00_main v3-3/MAIN.vhd Line: 32
    Warning (15610): No output dependent on input pin "SW[1]" File: D:/Users/dinho/Dropbox/ifsc/PI2/01_projeto/00_main v3-3/MAIN.vhd Line: 32
    Warning (15610): No output dependent on input pin "SW[2]" File: D:/Users/dinho/Dropbox/ifsc/PI2/01_projeto/00_main v3-3/MAIN.vhd Line: 32
    Warning (15610): No output dependent on input pin "SW[3]" File: D:/Users/dinho/Dropbox/ifsc/PI2/01_projeto/00_main v3-3/MAIN.vhd Line: 32
    Warning (15610): No output dependent on input pin "SW[4]" File: D:/Users/dinho/Dropbox/ifsc/PI2/01_projeto/00_main v3-3/MAIN.vhd Line: 32
    Warning (15610): No output dependent on input pin "SW[5]" File: D:/Users/dinho/Dropbox/ifsc/PI2/01_projeto/00_main v3-3/MAIN.vhd Line: 32
    Warning (15610): No output dependent on input pin "SW[6]" File: D:/Users/dinho/Dropbox/ifsc/PI2/01_projeto/00_main v3-3/MAIN.vhd Line: 32
    Warning (15610): No output dependent on input pin "SW[7]" File: D:/Users/dinho/Dropbox/ifsc/PI2/01_projeto/00_main v3-3/MAIN.vhd Line: 32
    Warning (15610): No output dependent on input pin "SW[8]" File: D:/Users/dinho/Dropbox/ifsc/PI2/01_projeto/00_main v3-3/MAIN.vhd Line: 32
    Warning (15610): No output dependent on input pin "SW[9]" File: D:/Users/dinho/Dropbox/ifsc/PI2/01_projeto/00_main v3-3/MAIN.vhd Line: 32
    Warning (15610): No output dependent on input pin "SW[10]" File: D:/Users/dinho/Dropbox/ifsc/PI2/01_projeto/00_main v3-3/MAIN.vhd Line: 32
    Warning (15610): No output dependent on input pin "SW[11]" File: D:/Users/dinho/Dropbox/ifsc/PI2/01_projeto/00_main v3-3/MAIN.vhd Line: 32
    Warning (15610): No output dependent on input pin "SW[12]" File: D:/Users/dinho/Dropbox/ifsc/PI2/01_projeto/00_main v3-3/MAIN.vhd Line: 32
    Warning (15610): No output dependent on input pin "SW[13]" File: D:/Users/dinho/Dropbox/ifsc/PI2/01_projeto/00_main v3-3/MAIN.vhd Line: 32
    Warning (15610): No output dependent on input pin "SW[14]" File: D:/Users/dinho/Dropbox/ifsc/PI2/01_projeto/00_main v3-3/MAIN.vhd Line: 32
    Warning (15610): No output dependent on input pin "SW[15]" File: D:/Users/dinho/Dropbox/ifsc/PI2/01_projeto/00_main v3-3/MAIN.vhd Line: 32
    Warning (15610): No output dependent on input pin "SW[16]" File: D:/Users/dinho/Dropbox/ifsc/PI2/01_projeto/00_main v3-3/MAIN.vhd Line: 32
    Warning (15610): No output dependent on input pin "SW[17]" File: D:/Users/dinho/Dropbox/ifsc/PI2/01_projeto/00_main v3-3/MAIN.vhd Line: 32
Info (21057): Implemented 1546 device resources after synthesis - the final resource count might be different
    Info (21058): Implemented 23 input pins
    Info (21059): Implemented 59 output pins
    Info (21060): Implemented 13 bidirectional pins
    Info (21061): Implemented 1451 logic cells
Info: Quartus Prime Analysis & Synthesis was successful. 0 errors, 68 warnings
    Info: Peak virtual memory: 675 megabytes
    Info: Processing ended: Tue Jun 27 08:48:10 2017
    Info: Elapsed time: 00:00:47
    Info: Total CPU time (on all processors): 00:00:51


