Analysis & Synthesis report for esquematico
Wed Aug 16 10:18:12 2017
Quartus Prime Version 16.1.0 Build 196 10/24/2016 SJ Lite Edition


---------------------
; Table of Contents ;
---------------------
  1. Legal Notice
  2. Analysis & Synthesis Summary
  3. Analysis & Synthesis Settings
  4. Parallel Compilation
  5. Analysis & Synthesis Source Files Read
  6. Analysis & Synthesis Resource Usage Summary
  7. Analysis & Synthesis Resource Utilization by Entity
  8. Analysis & Synthesis IP Cores Summary
  9. General Register Statistics
 10. Parameter Settings for User Entity Instance: divis:inst2|lpm_counter:LPM_COUNTER_component
 11. Post-Synthesis Netlist Statistics for Top Partition
 12. Elapsed Time Per Partition
 13. Analysis & Synthesis Messages



----------------
; Legal Notice ;
----------------
Copyright (C) 2016  Intel Corporation. All rights reserved.
Your use of Intel Corporation's design tools, logic functions 
and other software and tools, and its AMPP partner logic 
functions, and any output files from any of the foregoing 
(including device programming or simulation files), and any 
associated documentation or information are expressly subject 
to the terms and conditions of the Intel Program License 
Subscription Agreement, the Intel Quartus Prime License Agreement,
the Intel MegaCore Function License Agreement, or other 
applicable license agreement, including, without limitation, 
that your use is for the sole purpose of programming logic 
devices manufactured by Intel and sold by Intel or its 
authorized distributors.  Please refer to the applicable 
agreement for further details.



+----------------------------------------------------------------------------------+
; Analysis & Synthesis Summary                                                     ;
+------------------------------------+---------------------------------------------+
; Analysis & Synthesis Status        ; Successful - Wed Aug 16 10:18:12 2017       ;
; Quartus Prime Version              ; 16.1.0 Build 196 10/24/2016 SJ Lite Edition ;
; Revision Name                      ; esquematico                                 ;
; Top-level Entity Name              ; esquematico                                 ;
; Family                             ; Cyclone IV E                                ;
; Total logic elements               ; 44                                          ;
;     Total combinational functions  ; 44                                          ;
;     Dedicated logic registers      ; 32                                          ;
; Total registers                    ; 32                                          ;
; Total pins                         ; 6                                           ;
; Total virtual pins                 ; 0                                           ;
; Total memory bits                  ; 0                                           ;
; Embedded Multiplier 9-bit elements ; 0                                           ;
; Total PLLs                         ; 0                                           ;
+------------------------------------+---------------------------------------------+


+----------------------------------------------------------------------------------------------------------------------+
; Analysis & Synthesis Settings                                                                                        ;
+----------------------------------------------------------------------------+--------------------+--------------------+
; Option                                                                     ; Setting            ; Default Value      ;
+----------------------------------------------------------------------------+--------------------+--------------------+
; Device                                                                     ; EP4CE115F29C7      ;                    ;
; Top-level entity name                                                      ; esquematico        ; esquematico        ;
; Family name                                                                ; Cyclone IV E       ; Cyclone V          ;
; Use smart compilation                                                      ; Off                ; Off                ;
; Enable parallel Assembler and TimeQuest Timing Analyzer during compilation ; On                 ; On                 ;
; Enable compact report table                                                ; Off                ; Off                ;
; Restructure Multiplexers                                                   ; Auto               ; Auto               ;
; Create Debugging Nodes for IP Cores                                        ; Off                ; Off                ;
; Preserve fewer node names                                                  ; On                 ; On                 ;
; OpenCore Plus hardware evaluation                                          ; Enable             ; Enable             ;
; Verilog Version                                                            ; Verilog_2001       ; Verilog_2001       ;
; VHDL Version                                                               ; VHDL_1993          ; VHDL_1993          ;
; State Machine Processing                                                   ; Auto               ; Auto               ;
; Safe State Machine                                                         ; Off                ; Off                ;
; Extract Verilog State Machines                                             ; On                 ; On                 ;
; Extract VHDL State Machines                                                ; On                 ; On                 ;
; Ignore Verilog initial constructs                                          ; Off                ; Off                ;
; Iteration limit for constant Verilog loops                                 ; 5000               ; 5000               ;
; Iteration limit for non-constant Verilog loops                             ; 250                ; 250                ;
; Add Pass-Through Logic to Inferred RAMs                                    ; On                 ; On                 ;
; Infer RAMs from Raw Logic                                                  ; On                 ; On                 ;
; Parallel Synthesis                                                         ; On                 ; On                 ;
; DSP Block Balancing                                                        ; Auto               ; Auto               ;
; NOT Gate Push-Back                                                         ; On                 ; On                 ;
; Power-Up Don't Care                                                        ; On                 ; On                 ;
; Remove Redundant Logic Cells                                               ; Off                ; Off                ;
; Remove Duplicate Registers                                                 ; On                 ; On                 ;
; Ignore CARRY Buffers                                                       ; Off                ; Off                ;
; Ignore CASCADE Buffers                                                     ; Off                ; Off                ;
; Ignore GLOBAL Buffers                                                      ; Off                ; Off                ;
; Ignore ROW GLOBAL Buffers                                                  ; Off                ; Off                ;
; Ignore LCELL Buffers                                                       ; Off                ; Off                ;
; Ignore SOFT Buffers                                                        ; On                 ; On                 ;
; Limit AHDL Integers to 32 Bits                                             ; Off                ; Off                ;
; Optimization Technique                                                     ; Balanced           ; Balanced           ;
; Carry Chain Length                                                         ; 70                 ; 70                 ;
; Auto Carry Chains                                                          ; On                 ; On                 ;
; Auto Open-Drain Pins                                                       ; On                 ; On                 ;
; Perform WYSIWYG Primitive Resynthesis                                      ; Off                ; Off                ;
; Auto ROM Replacement                                                       ; On                 ; On                 ;
; Auto RAM Replacement                                                       ; On                 ; On                 ;
; Auto DSP Block Replacement                                                 ; On                 ; On                 ;
; Auto Shift Register Replacement                                            ; Auto               ; Auto               ;
; Allow Shift Register Merging across Hierarchies                            ; Auto               ; Auto               ;
; Auto Clock Enable Replacement                                              ; On                 ; On                 ;
; Strict RAM Replacement                                                     ; Off                ; Off                ;
; Allow Synchronous Control Signals                                          ; On                 ; On                 ;
; Force Use of Synchronous Clear Signals                                     ; Off                ; Off                ;
; Auto RAM Block Balancing                                                   ; On                 ; On                 ;
; Auto RAM to Logic Cell Conversion                                          ; Off                ; Off                ;
; Auto Resource Sharing                                                      ; Off                ; Off                ;
; Allow Any RAM Size For Recognition                                         ; Off                ; Off                ;
; Allow Any ROM Size For Recognition                                         ; Off                ; Off                ;
; Allow Any Shift Register Size For Recognition                              ; Off                ; Off                ;
; Use LogicLock Constraints during Resource Balancing                        ; On                 ; On                 ;
; Ignore translate_off and synthesis_off directives                          ; Off                ; Off                ;
; Timing-Driven Synthesis                                                    ; On                 ; On                 ;
; Report Parameter Settings                                                  ; On                 ; On                 ;
; Report Source Assignments                                                  ; On                 ; On                 ;
; Report Connectivity Checks                                                 ; On                 ; On                 ;
; Ignore Maximum Fan-Out Assignments                                         ; Off                ; Off                ;
; Synchronization Register Chain Length                                      ; 2                  ; 2                  ;
; PowerPlay Power Optimization During Synthesis                              ; Normal compilation ; Normal compilation ;
; HDL message level                                                          ; Level2             ; Level2             ;
; Suppress Register Optimization Related Messages                            ; Off                ; Off                ;
; Number of Removed Registers Reported in Synthesis Report                   ; 5000               ; 5000               ;
; Number of Swept Nodes Reported in Synthesis Report                         ; 5000               ; 5000               ;
; Number of Inverted Registers Reported in Synthesis Report                  ; 100                ; 100                ;
; Clock MUX Protection                                                       ; On                 ; On                 ;
; Auto Gated Clock Conversion                                                ; Off                ; Off                ;
; Block Design Naming                                                        ; Auto               ; Auto               ;
; SDC constraint protection                                                  ; Off                ; Off                ;
; Synthesis Effort                                                           ; Auto               ; Auto               ;
; Shift Register Replacement - Allow Asynchronous Clear Signal               ; On                 ; On                 ;
; Pre-Mapping Resynthesis Optimization                                       ; Off                ; Off                ;
; Analysis & Synthesis Message Level                                         ; Medium             ; Medium             ;
; Disable Register Merging Across Hierarchies                                ; Auto               ; Auto               ;
; Resource Aware Inference For Block RAM                                     ; On                 ; On                 ;
+----------------------------------------------------------------------------+--------------------+--------------------+


+------------------------------------------+
; Parallel Compilation                     ;
+----------------------------+-------------+
; Processors                 ; Number      ;
+----------------------------+-------------+
; Number detected on machine ; 4           ;
; Maximum allowed            ; 2           ;
;                            ;             ;
; Average used               ; 1.00        ;
; Maximum used               ; 2           ;
;                            ;             ;
; Usage by Processor         ; % Time Used ;
;     Processor 1            ; 100.0%      ;
;     Processor 2            ;   0.0%      ;
+----------------------------+-------------+


+----------------------------------------------------------------------------------------------------------------------------------------------------------------------------------------------------------+
; Analysis & Synthesis Source Files Read                                                                                                                                                                   ;
+----------------------------------+-----------------+------------------------------------+------------------------------------------------------------------------------------------------------+---------+
; File Name with User-Entered Path ; Used in Netlist ; File Type                          ; File Name with Absolute Path                                                                         ; Library ;
+----------------------------------+-----------------+------------------------------------+------------------------------------------------------------------------------------------------------+---------+
; esquematico.bdf                  ; yes             ; User Block Diagram/Schematic File  ; C:/Users/Cliente/Dropbox/Fase_04/Projeto_Integrador_II/projetointegrador_II/Contador/esquematico.bdf ;         ;
; divis.v                          ; yes             ; User Wizard-Generated File         ; C:/Users/Cliente/Dropbox/Fase_04/Projeto_Integrador_II/projetointegrador_II/Contador/divis.v         ;         ;
; 74190.bdf                        ; yes             ; Megafunction                       ; c:/intelfpga_lite/16.1/quartus/libraries/others/maxplus2/74190.bdf                                   ;         ;
; lpm_counter.tdf                  ; yes             ; Megafunction                       ; c:/intelfpga_lite/16.1/quartus/libraries/megafunctions/lpm_counter.tdf                               ;         ;
; lpm_constant.inc                 ; yes             ; Megafunction                       ; c:/intelfpga_lite/16.1/quartus/libraries/megafunctions/lpm_constant.inc                              ;         ;
; lpm_decode.inc                   ; yes             ; Megafunction                       ; c:/intelfpga_lite/16.1/quartus/libraries/megafunctions/lpm_decode.inc                                ;         ;
; lpm_add_sub.inc                  ; yes             ; Megafunction                       ; c:/intelfpga_lite/16.1/quartus/libraries/megafunctions/lpm_add_sub.inc                               ;         ;
; cmpconst.inc                     ; yes             ; Megafunction                       ; c:/intelfpga_lite/16.1/quartus/libraries/megafunctions/cmpconst.inc                                  ;         ;
; lpm_compare.inc                  ; yes             ; Megafunction                       ; c:/intelfpga_lite/16.1/quartus/libraries/megafunctions/lpm_compare.inc                               ;         ;
; lpm_counter.inc                  ; yes             ; Megafunction                       ; c:/intelfpga_lite/16.1/quartus/libraries/megafunctions/lpm_counter.inc                               ;         ;
; dffeea.inc                       ; yes             ; Megafunction                       ; c:/intelfpga_lite/16.1/quartus/libraries/megafunctions/dffeea.inc                                    ;         ;
; alt_counter_stratix.inc          ; yes             ; Megafunction                       ; c:/intelfpga_lite/16.1/quartus/libraries/megafunctions/alt_counter_stratix.inc                       ;         ;
; aglobal161.inc                   ; yes             ; Megafunction                       ; c:/intelfpga_lite/16.1/quartus/libraries/megafunctions/aglobal161.inc                                ;         ;
; db/cntr_euj.tdf                  ; yes             ; Auto-Generated Megafunction        ; C:/Users/Cliente/Dropbox/Fase_04/Projeto_Integrador_II/projetointegrador_II/Contador/db/cntr_euj.tdf ;         ;
; db/cmpr_gic.tdf                  ; yes             ; Auto-Generated Megafunction        ; C:/Users/Cliente/Dropbox/Fase_04/Projeto_Integrador_II/projetointegrador_II/Contador/db/cmpr_gic.tdf ;         ;
+----------------------------------+-----------------+------------------------------------+------------------------------------------------------------------------------------------------------+---------+


+---------------------------------------------------------------------------------------------------------------------------------+
; Analysis & Synthesis Resource Usage Summary                                                                                     ;
+---------------------------------------------+-----------------------------------------------------------------------------------+
; Resource                                    ; Usage                                                                             ;
+---------------------------------------------+-----------------------------------------------------------------------------------+
; Estimated Total logic elements              ; 44                                                                                ;
;                                             ;                                                                                   ;
; Total combinational functions               ; 44                                                                                ;
; Logic element usage by number of LUT inputs ;                                                                                   ;
;     -- 4 input functions                    ; 9                                                                                 ;
;     -- 3 input functions                    ; 4                                                                                 ;
;     -- <=2 input functions                  ; 31                                                                                ;
;                                             ;                                                                                   ;
; Logic elements by mode                      ;                                                                                   ;
;     -- normal mode                          ; 16                                                                                ;
;     -- arithmetic mode                      ; 28                                                                                ;
;                                             ;                                                                                   ;
; Total registers                             ; 32                                                                                ;
;     -- Dedicated logic registers            ; 32                                                                                ;
;     -- I/O registers                        ; 0                                                                                 ;
;                                             ;                                                                                   ;
; I/O pins                                    ; 6                                                                                 ;
;                                             ;                                                                                   ;
; Embedded Multiplier 9-bit elements          ; 0                                                                                 ;
;                                             ;                                                                                   ;
; Maximum fan-out node                        ; divis:inst2|lpm_counter:LPM_COUNTER_component|cntr_euj:auto_generated|cout_actual ;
; Maximum fan-out                             ; 32                                                                                ;
; Total fan-out                               ; 239                                                                               ;
; Average fan-out                             ; 2.72                                                                              ;
+---------------------------------------------+-----------------------------------------------------------------------------------+


+-------------------------------------------------------------------------------------------------------------------------------------------------------------------------------------------------------------------------------------------------------------------------------------------------------+
; Analysis & Synthesis Resource Utilization by Entity                                                                                                                                                                                                                                                   ;
+-------------------------------------------+---------------------+---------------------------+-------------+--------------+---------+-----------+------+--------------+---------------------------------------------------------------------------------------------------+-------------+--------------+
; Compilation Hierarchy Node                ; Combinational ALUTs ; Dedicated Logic Registers ; Memory Bits ; DSP Elements ; DSP 9x9 ; DSP 18x18 ; Pins ; Virtual Pins ; Full Hierarchy Name                                                                               ; Entity Name ; Library Name ;
+-------------------------------------------+---------------------+---------------------------+-------------+--------------+---------+-----------+------+--------------+---------------------------------------------------------------------------------------------------+-------------+--------------+
; |esquematico                              ; 44 (1)              ; 32 (0)                    ; 0           ; 0            ; 0       ; 0         ; 6    ; 0            ; |esquematico                                                                                      ; esquematico ; work         ;
;    |74190:inst|                           ; 4 (4)               ; 4 (4)                     ; 0           ; 0            ; 0       ; 0         ; 0    ; 0            ; |esquematico|74190:inst                                                                           ; 74190       ; work         ;
;    |divis:inst2|                          ; 39 (0)              ; 28 (0)                    ; 0           ; 0            ; 0       ; 0         ; 0    ; 0            ; |esquematico|divis:inst2                                                                          ; divis       ; work         ;
;       |lpm_counter:LPM_COUNTER_component| ; 39 (0)              ; 28 (0)                    ; 0           ; 0            ; 0       ; 0         ; 0    ; 0            ; |esquematico|divis:inst2|lpm_counter:LPM_COUNTER_component                                        ; lpm_counter ; work         ;
;          |cntr_euj:auto_generated|        ; 39 (30)             ; 28 (28)                   ; 0           ; 0            ; 0       ; 0         ; 0    ; 0            ; |esquematico|divis:inst2|lpm_counter:LPM_COUNTER_component|cntr_euj:auto_generated                ; cntr_euj    ; work         ;
;             |cmpr_gic:cmpr1|              ; 9 (9)               ; 0 (0)                     ; 0           ; 0            ; 0       ; 0         ; 0    ; 0            ; |esquematico|divis:inst2|lpm_counter:LPM_COUNTER_component|cntr_euj:auto_generated|cmpr_gic:cmpr1 ; cmpr_gic    ; work         ;
+-------------------------------------------+---------------------+---------------------------+-------------+--------------+---------+-----------+------+--------------+---------------------------------------------------------------------------------------------------+-------------+--------------+
Note: For table entries with two numbers listed, the numbers in parentheses indicate the number of resources of the given type used by the specific entity alone. The numbers listed outside of parentheses indicate the total resources of the given type used by the specific entity and all of its sub-entities in the hierarchy.


+------------------------------------------------------------------------------------------------------------+
; Analysis & Synthesis IP Cores Summary                                                                      ;
+--------+--------------+---------+--------------+--------------+--------------------------+-----------------+
; Vendor ; IP Core Name ; Version ; Release Date ; License Type ; Entity Instance          ; IP Include File ;
+--------+--------------+---------+--------------+--------------+--------------------------+-----------------+
; Altera ; LPM_COUNTER  ; 16.1    ; N/A          ; N/A          ; |esquematico|divis:inst2 ; divis.v         ;
+--------+--------------+---------+--------------+--------------+--------------------------+-----------------+


+------------------------------------------------------+
; General Register Statistics                          ;
+----------------------------------------------+-------+
; Statistic                                    ; Value ;
+----------------------------------------------+-------+
; Total registers                              ; 32    ;
; Number of registers using Synchronous Clear  ; 0     ;
; Number of registers using Synchronous Load   ; 28    ;
; Number of registers using Asynchronous Clear ; 4     ;
; Number of registers using Asynchronous Load  ; 0     ;
; Number of registers using Clock Enable       ; 0     ;
; Number of registers using Preset             ; 0     ;
+----------------------------------------------+-------+


+--------------------------------------------------------------------------------------------+
; Parameter Settings for User Entity Instance: divis:inst2|lpm_counter:LPM_COUNTER_component ;
+------------------------+--------------+----------------------------------------------------+
; Parameter Name         ; Value        ; Type                                               ;
+------------------------+--------------+----------------------------------------------------+
; AUTO_CARRY_CHAINS      ; ON           ; AUTO_CARRY                                         ;
; IGNORE_CARRY_BUFFERS   ; OFF          ; IGNORE_CARRY                                       ;
; AUTO_CASCADE_CHAINS    ; ON           ; AUTO_CASCADE                                       ;
; IGNORE_CASCADE_BUFFERS ; OFF          ; IGNORE_CASCADE                                     ;
; LPM_WIDTH              ; 28           ; Signed Integer                                     ;
; LPM_DIRECTION          ; UP           ; Untyped                                            ;
; LPM_MODULUS            ; 50000000     ; Signed Integer                                     ;
; LPM_AVALUE             ; UNUSED       ; Untyped                                            ;
; LPM_SVALUE             ; UNUSED       ; Untyped                                            ;
; LPM_PORT_UPDOWN        ; PORT_UNUSED  ; Untyped                                            ;
; DEVICE_FAMILY          ; Cyclone IV E ; Untyped                                            ;
; CARRY_CHAIN            ; MANUAL       ; Untyped                                            ;
; CARRY_CHAIN_LENGTH     ; 48           ; CARRY_CHAIN_LENGTH                                 ;
; NOT_GATE_PUSH_BACK     ; ON           ; NOT_GATE_PUSH_BACK                                 ;
; CARRY_CNT_EN           ; SMART        ; Untyped                                            ;
; LABWIDE_SCLR           ; ON           ; Untyped                                            ;
; USE_NEW_VERSION        ; TRUE         ; Untyped                                            ;
; CBXI_PARAMETER         ; cntr_euj     ; Untyped                                            ;
+------------------------+--------------+----------------------------------------------------+
Note: In order to hide this table in the UI and the text report file, please set the "Show Parameter Settings in Synthesis Report" option in "Analysis and Synthesis Settings -> More Settings" to "Off".


+-----------------------------------------------------+
; Post-Synthesis Netlist Statistics for Top Partition ;
+-----------------------+-----------------------------+
; Type                  ; Count                       ;
+-----------------------+-----------------------------+
; boundary_port         ; 6                           ;
; cycloneiii_ff         ; 32                          ;
;     CLR               ; 4                           ;
;     SLD               ; 28                          ;
; cycloneiii_lcell_comb ; 44                          ;
;     arith             ; 28                          ;
;         2 data inputs ; 28                          ;
;     normal            ; 16                          ;
;         0 data inputs ; 2                           ;
;         1 data inputs ; 1                           ;
;         3 data inputs ; 4                           ;
;         4 data inputs ; 9                           ;
;                       ;                             ;
; Max LUT depth         ; 4.80                        ;
; Average LUT depth     ; 3.26                        ;
+-----------------------+-----------------------------+


+-------------------------------+
; Elapsed Time Per Partition    ;
+----------------+--------------+
; Partition Name ; Elapsed Time ;
+----------------+--------------+
; Top            ; 00:00:01     ;
+----------------+--------------+


+-------------------------------+
; Analysis & Synthesis Messages ;
+-------------------------------+
Info: *******************************************************************
Info: Running Quartus Prime Analysis & Synthesis
    Info: Version 16.1.0 Build 196 10/24/2016 SJ Lite Edition
    Info: Processing started: Wed Aug 16 10:17:42 2017
Info: Command: quartus_map --read_settings_files=on --write_settings_files=off esquematico -c esquematico
Warning (18236): Number of processors has not been specified which may cause overloading on shared machines.  Set the global assignment NUM_PARALLEL_PROCESSORS in your QSF to an appropriate value for best performance.
Info (20030): Parallel compilation is enabled and will use 2 of the 2 processors detected
Info (12021): Found 1 design units, including 1 entities, in source file esquematico.bdf
    Info (12023): Found entity 1: esquematico
Info (12021): Found 1 design units, including 1 entities, in source file divis.v
    Info (12023): Found entity 1: divis File: C:/Users/Cliente/Dropbox/Fase_04/Projeto_Integrador_II/projetointegrador_II/Contador/divis.v Line: 40
Info (12127): Elaborating entity "esquematico" for the top level hierarchy
Info (12128): Elaborating entity "74190" for hierarchy "74190:inst"
Info (12130): Elaborated megafunction instantiation "74190:inst"
Info (12128): Elaborating entity "divis" for hierarchy "divis:inst2"
Info (12128): Elaborating entity "lpm_counter" for hierarchy "divis:inst2|lpm_counter:LPM_COUNTER_component" File: C:/Users/Cliente/Dropbox/Fase_04/Projeto_Integrador_II/projetointegrador_II/Contador/divis.v Line: 69
Info (12130): Elaborated megafunction instantiation "divis:inst2|lpm_counter:LPM_COUNTER_component" File: C:/Users/Cliente/Dropbox/Fase_04/Projeto_Integrador_II/projetointegrador_II/Contador/divis.v Line: 69
Info (12133): Instantiated megafunction "divis:inst2|lpm_counter:LPM_COUNTER_component" with the following parameter: File: C:/Users/Cliente/Dropbox/Fase_04/Projeto_Integrador_II/projetointegrador_II/Contador/divis.v Line: 69
    Info (12134): Parameter "lpm_direction" = "UP"
    Info (12134): Parameter "lpm_modulus" = "50000000"
    Info (12134): Parameter "lpm_port_updown" = "PORT_UNUSED"
    Info (12134): Parameter "lpm_type" = "LPM_COUNTER"
    Info (12134): Parameter "lpm_width" = "28"
Info (12021): Found 1 design units, including 1 entities, in source file db/cntr_euj.tdf
    Info (12023): Found entity 1: cntr_euj File: C:/Users/Cliente/Dropbox/Fase_04/Projeto_Integrador_II/projetointegrador_II/Contador/db/cntr_euj.tdf Line: 28
Info (12128): Elaborating entity "cntr_euj" for hierarchy "divis:inst2|lpm_counter:LPM_COUNTER_component|cntr_euj:auto_generated" File: c:/intelfpga_lite/16.1/quartus/libraries/megafunctions/lpm_counter.tdf Line: 259
Info (12021): Found 1 design units, including 1 entities, in source file db/cmpr_gic.tdf
    Info (12023): Found entity 1: cmpr_gic File: C:/Users/Cliente/Dropbox/Fase_04/Projeto_Integrador_II/projetointegrador_II/Contador/db/cmpr_gic.tdf Line: 23
Info (12128): Elaborating entity "cmpr_gic" for hierarchy "divis:inst2|lpm_counter:LPM_COUNTER_component|cntr_euj:auto_generated|cmpr_gic:cmpr1" File: C:/Users/Cliente/Dropbox/Fase_04/Projeto_Integrador_II/projetointegrador_II/Contador/db/cntr_euj.tdf Line: 176
Info (286030): Timing-Driven Synthesis is running
Info (16010): Generating hard_block partition "hard_block:auto_generated_inst"
    Info (16011): Adding 0 node(s), including 0 DDIO, 0 PLL, 0 transceiver and 0 LCELL
Info (21057): Implemented 50 device resources after synthesis - the final resource count might be different
    Info (21058): Implemented 2 input pins
    Info (21059): Implemented 4 output pins
    Info (21061): Implemented 44 logic cells
Info: Quartus Prime Analysis & Synthesis was successful. 0 errors, 1 warning
    Info: Peak virtual memory: 646 megabytes
    Info: Processing ended: Wed Aug 16 10:18:12 2017
    Info: Elapsed time: 00:00:30
    Info: Total CPU time (on all processors): 00:00:55


