Flow report for U_SOM_DECODE
Tue Apr 25 01:57:49 2017
Quartus Prime Version 16.1.0 Build 196 10/24/2016 SJ Lite Edition


---------------------
; Table of Contents ;
---------------------
  1. Legal Notice
  2. Flow Summary
  3. Flow Settings
  4. Flow Non-Default Global Settings
  5. Flow Elapsed Time
  6. Flow OS Summary
  7. Flow Log
  8. Flow Messages
  9. Flow Suppressed Messages



----------------
; Legal Notice ;
----------------
Copyright (C) 2016  Intel Corporation. All rights reserved.
Your use of Intel Corporation's design tools, logic functions 
and other software and tools, and its AMPP partner logic 
functions, and any output files from any of the foregoing 
(including device programming or simulation files), and any 
associated documentation or information are expressly subject 
to the terms and conditions of the Intel Program License 
Subscription Agreement, the Intel Quartus Prime License Agreement,
the Intel MegaCore Function License Agreement, or other 
applicable license agreement, including, without limitation, 
that your use is for the sole purpose of programming logic 
devices manufactured by Intel and sold by Intel or its 
authorized distributors.  Please refer to the applicable 
agreement for further details.



+----------------------------------------------------------------------------------+
; Flow Summary                                                                     ;
+------------------------------------+---------------------------------------------+
; Flow Status                        ; Successful - Tue Apr 25 01:57:29 2017       ;
; Quartus Prime Version              ; 16.1.0 Build 196 10/24/2016 SJ Lite Edition ;
; Revision Name                      ; U_SOM_DECODE                                ;
; Top-level Entity Name              ; U_SOM_DECODE                                ;
; Family                             ; Cyclone IV E                                ;
; Device                             ; EP4CE115F29C7                               ;
; Timing Models                      ; Final                                       ;
; Total logic elements               ; 107 / 114,480 ( < 1 % )                     ;
;     Total combinational functions  ; 105 / 114,480 ( < 1 % )                     ;
;     Dedicated logic registers      ; 44 / 114,480 ( < 1 % )                      ;
; Total registers                    ; 44                                          ;
; Total pins                         ; 18 / 529 ( 3 % )                            ;
; Total virtual pins                 ; 0                                           ;
; Total memory bits                  ; 0 / 3,981,312 ( 0 % )                       ;
; Embedded Multiplier 9-bit elements ; 0 / 532 ( 0 % )                             ;
; Total PLLs                         ; 0 / 4 ( 0 % )                               ;
+------------------------------------+---------------------------------------------+


+-----------------------------------------+
; Flow Settings                           ;
+-------------------+---------------------+
; Option            ; Setting             ;
+-------------------+---------------------+
; Start date & time ; 04/25/2017 01:55:59 ;
; Main task         ; Compilation         ;
; Revision Name     ; U_SOM_DECODE        ;
+-------------------+---------------------+


+-------------------------------------------------------------------------------------------------------------------------+
; Flow Non-Default Global Settings                                                                                        ;
+-------------------------------------+----------------------------------------+---------------+-------------+------------+
; Assignment Name                     ; Value                                  ; Default Value ; Entity Name ; Section Id ;
+-------------------------------------+----------------------------------------+---------------+-------------+------------+
; COMPILER_SIGNATURE_ID               ; 222609225427575.149309615904032        ; --            ; --          ; --         ;
; MAX_CORE_JUNCTION_TEMP              ; 85                                     ; --            ; --          ; --         ;
; MIN_CORE_JUNCTION_TEMP              ; 0                                      ; --            ; --          ; --         ;
; NOMINAL_CORE_SUPPLY_VOLTAGE         ; 1.2V                                   ; --            ; --          ; --         ;
; PARTITION_COLOR                     ; -- (Not supported for targeted family) ; --            ; --          ; Top        ;
; PARTITION_FITTER_PRESERVATION_LEVEL ; -- (Not supported for targeted family) ; --            ; --          ; Top        ;
; PARTITION_NETLIST_TYPE              ; -- (Not supported for targeted family) ; --            ; --          ; Top        ;
; PROJECT_OUTPUT_DIRECTORY            ; output_files                           ; --            ; --          ; --         ;
+-------------------------------------+----------------------------------------+---------------+-------------+------------+


+-------------------------------------------------------------------------------------------------------------------------------+
; Flow Elapsed Time                                                                                                             ;
+---------------------------+--------------+-------------------------+---------------------+------------------------------------+
; Module Name               ; Elapsed Time ; Average Processors Used ; Peak Virtual Memory ; Total CPU Time (on all processors) ;
+---------------------------+--------------+-------------------------+---------------------+------------------------------------+
; Analysis & Elaboration    ; 00:00:20     ; 1.0                     ; 634 MB              ; 00:00:43                           ;
; Analysis & Synthesis      ; 00:00:24     ; 1.0                     ; 645 MB              ; 00:00:46                           ;
; Fitter                    ; 00:00:28     ; 1.0                     ; 1271 MB             ; 00:00:32                           ;
; Assembler                 ; 00:00:07     ; 1.0                     ; 553 MB              ; 00:00:06                           ;
; TimeQuest Timing Analyzer ; 00:00:17     ; 1.0                     ; 688 MB              ; 00:00:04                           ;
; Total                     ; 00:01:36     ; --                      ; --                  ; 00:02:11                           ;
+---------------------------+--------------+-------------------------+---------------------+------------------------------------+


+----------------------------------------------------------------------------------------+
; Flow OS Summary                                                                        ;
+---------------------------+------------------+-----------+------------+----------------+
; Module Name               ; Machine Hostname ; OS Name   ; OS Version ; Processor type ;
+---------------------------+------------------+-----------+------------+----------------+
; Analysis & Elaboration    ; Dell_Red         ; Windows 8 ; 6.2        ; x86_64         ;
; Analysis & Synthesis      ; Dell_Red         ; Windows 8 ; 6.2        ; x86_64         ;
; Fitter                    ; Dell_Red         ; Windows 8 ; 6.2        ; x86_64         ;
; Assembler                 ; Dell_Red         ; Windows 8 ; 6.2        ; x86_64         ;
; TimeQuest Timing Analyzer ; Dell_Red         ; Windows 8 ; 6.2        ; x86_64         ;
+---------------------------+------------------+-----------+------------+----------------+


------------
; Flow Log ;
------------
quartus_map --read_settings_files=on --write_settings_files=off U_SOM_DECODE -c U_SOM_DECODE --analysis_and_elaboration
quartus_map --read_settings_files=on --write_settings_files=off U_SOM_DECODE -c U_SOM_DECODE
quartus_fit --read_settings_files=off --write_settings_files=off U_SOM_DECODE -c U_SOM_DECODE
quartus_asm --read_settings_files=off --write_settings_files=off U_SOM_DECODE -c U_SOM_DECODE
quartus_sta U_SOM_DECODE -c U_SOM_DECODE



