Analysis & Synthesis report for Esteira_PI
Tue Jun 20 11:51:11 2017
Quartus II 64-Bit Version 13.0.1 Build 232 06/12/2013 Service Pack 1 SJ Web Edition


---------------------
; Table of Contents ;
---------------------
  1. Legal Notice
  2. Analysis & Synthesis Summary
  3. Analysis & Synthesis Settings
  4. Parallel Compilation
  5. Analysis & Synthesis Source Files Read
  6. Analysis & Synthesis Resource Usage Summary
  7. Analysis & Synthesis Resource Utilization by Entity
  8. Analysis & Synthesis DSP Block Usage Summary
  9. Registers Removed During Synthesis
 10. Removed Registers Triggering Further Register Optimizations
 11. General Register Statistics
 12. Inverted Register Statistics
 13. Multiplexer Restructuring Statistics (Restructuring Performed)
 14. Parameter Settings for User Entity Instance: Top-level Entity: |Esteira_PI
 15. Parameter Settings for Inferred Entity Instance: lpm_mult:Mult0
 16. Parameter Settings for Inferred Entity Instance: lpm_mult:Mult1
 17. Parameter Settings for Inferred Entity Instance: lpm_divide:Div0
 18. lpm_mult Parameter Settings by Entity Instance
 19. Elapsed Time Per Partition
 20. Analysis & Synthesis Messages



----------------
; Legal Notice ;
----------------
Copyright (C) 1991-2013 Altera Corporation
Your use of Altera Corporation's design tools, logic functions 
and other software and tools, and its AMPP partner logic 
functions, and any output files from any of the foregoing 
(including device programming or simulation files), and any 
associated documentation or information are expressly subject 
to the terms and conditions of the Altera Program License 
Subscription Agreement, Altera MegaCore Function License 
Agreement, or other applicable license agreement, including, 
without limitation, that your use is for the sole purpose of 
programming logic devices manufactured by Altera and sold by 
Altera or its authorized distributors.  Please refer to the 
applicable agreement for further details.



+--------------------------------------------------------------------------------------+
; Analysis & Synthesis Summary                                                         ;
+------------------------------------+-------------------------------------------------+
; Analysis & Synthesis Status        ; Successful - Tue Jun 20 11:51:11 2017           ;
; Quartus II 64-Bit Version          ; 13.0.1 Build 232 06/12/2013 SP 1 SJ Web Edition ;
; Revision Name                      ; Esteira_PI                                      ;
; Top-level Entity Name              ; Esteira_PI                                      ;
; Family                             ; Cyclone II                                      ;
; Total logic elements               ; 2,056                                           ;
;     Total combinational functions  ; 1,966                                           ;
;     Dedicated logic registers      ; 484                                             ;
; Total registers                    ; 484                                             ;
; Total pins                         ; 29                                              ;
; Total virtual pins                 ; 0                                               ;
; Total memory bits                  ; 0                                               ;
; Embedded Multiplier 9-bit elements ; 4                                               ;
; Total PLLs                         ; 0                                               ;
+------------------------------------+-------------------------------------------------+


+----------------------------------------------------------------------------------------------------------------------+
; Analysis & Synthesis Settings                                                                                        ;
+----------------------------------------------------------------------------+--------------------+--------------------+
; Option                                                                     ; Setting            ; Default Value      ;
+----------------------------------------------------------------------------+--------------------+--------------------+
; Device                                                                     ; EP2C5T144C8        ;                    ;
; Top-level entity name                                                      ; Esteira_PI         ; Esteira_PI         ;
; Family name                                                                ; Cyclone II         ; Cyclone IV GX      ;
; Use smart compilation                                                      ; Off                ; Off                ;
; Enable parallel Assembler and TimeQuest Timing Analyzer during compilation ; On                 ; On                 ;
; Enable compact report table                                                ; Off                ; Off                ;
; Restructure Multiplexers                                                   ; Auto               ; Auto               ;
; Create Debugging Nodes for IP Cores                                        ; Off                ; Off                ;
; Preserve fewer node names                                                  ; On                 ; On                 ;
; Disable OpenCore Plus hardware evaluation                                  ; Off                ; Off                ;
; Verilog Version                                                            ; Verilog_2001       ; Verilog_2001       ;
; VHDL Version                                                               ; VHDL_1993          ; VHDL_1993          ;
; State Machine Processing                                                   ; Auto               ; Auto               ;
; Safe State Machine                                                         ; Off                ; Off                ;
; Extract Verilog State Machines                                             ; On                 ; On                 ;
; Extract VHDL State Machines                                                ; On                 ; On                 ;
; Ignore Verilog initial constructs                                          ; Off                ; Off                ;
; Iteration limit for constant Verilog loops                                 ; 5000               ; 5000               ;
; Iteration limit for non-constant Verilog loops                             ; 250                ; 250                ;
; Add Pass-Through Logic to Inferred RAMs                                    ; On                 ; On                 ;
; Infer RAMs from Raw Logic                                                  ; On                 ; On                 ;
; Parallel Synthesis                                                         ; On                 ; On                 ;
; DSP Block Balancing                                                        ; Auto               ; Auto               ;
; NOT Gate Push-Back                                                         ; On                 ; On                 ;
; Power-Up Don't Care                                                        ; On                 ; On                 ;
; Remove Redundant Logic Cells                                               ; Off                ; Off                ;
; Remove Duplicate Registers                                                 ; On                 ; On                 ;
; Ignore CARRY Buffers                                                       ; Off                ; Off                ;
; Ignore CASCADE Buffers                                                     ; Off                ; Off                ;
; Ignore GLOBAL Buffers                                                      ; Off                ; Off                ;
; Ignore ROW GLOBAL Buffers                                                  ; Off                ; Off                ;
; Ignore LCELL Buffers                                                       ; Off                ; Off                ;
; Ignore SOFT Buffers                                                        ; On                 ; On                 ;
; Limit AHDL Integers to 32 Bits                                             ; Off                ; Off                ;
; Optimization Technique                                                     ; Balanced           ; Balanced           ;
; Carry Chain Length                                                         ; 70                 ; 70                 ;
; Auto Carry Chains                                                          ; On                 ; On                 ;
; Auto Open-Drain Pins                                                       ; On                 ; On                 ;
; Perform WYSIWYG Primitive Resynthesis                                      ; Off                ; Off                ;
; Auto ROM Replacement                                                       ; On                 ; On                 ;
; Auto RAM Replacement                                                       ; On                 ; On                 ;
; Auto Shift Register Replacement                                            ; Auto               ; Auto               ;
; Allow Shift Register Merging across Hierarchies                            ; Auto               ; Auto               ;
; Auto Clock Enable Replacement                                              ; On                 ; On                 ;
; Strict RAM Replacement                                                     ; Off                ; Off                ;
; Allow Synchronous Control Signals                                          ; On                 ; On                 ;
; Force Use of Synchronous Clear Signals                                     ; Off                ; Off                ;
; Auto RAM to Logic Cell Conversion                                          ; Off                ; Off                ;
; Auto Resource Sharing                                                      ; Off                ; Off                ;
; Allow Any RAM Size For Recognition                                         ; Off                ; Off                ;
; Allow Any ROM Size For Recognition                                         ; Off                ; Off                ;
; Allow Any Shift Register Size For Recognition                              ; Off                ; Off                ;
; Use LogicLock Constraints during Resource Balancing                        ; On                 ; On                 ;
; Ignore translate_off and synthesis_off directives                          ; Off                ; Off                ;
; Timing-Driven Synthesis                                                    ; Off                ; Off                ;
; Report Parameter Settings                                                  ; On                 ; On                 ;
; Report Source Assignments                                                  ; On                 ; On                 ;
; Report Connectivity Checks                                                 ; On                 ; On                 ;
; Ignore Maximum Fan-Out Assignments                                         ; Off                ; Off                ;
; Synchronization Register Chain Length                                      ; 2                  ; 2                  ;
; PowerPlay Power Optimization                                               ; Normal compilation ; Normal compilation ;
; HDL message level                                                          ; Level2             ; Level2             ;
; Suppress Register Optimization Related Messages                            ; Off                ; Off                ;
; Number of Removed Registers Reported in Synthesis Report                   ; 5000               ; 5000               ;
; Number of Swept Nodes Reported in Synthesis Report                         ; 5000               ; 5000               ;
; Number of Inverted Registers Reported in Synthesis Report                  ; 100                ; 100                ;
; Clock MUX Protection                                                       ; On                 ; On                 ;
; Auto Gated Clock Conversion                                                ; Off                ; Off                ;
; Block Design Naming                                                        ; Auto               ; Auto               ;
; SDC constraint protection                                                  ; Off                ; Off                ;
; Synthesis Effort                                                           ; Auto               ; Auto               ;
; Shift Register Replacement - Allow Asynchronous Clear Signal               ; On                 ; On                 ;
; Pre-Mapping Resynthesis Optimization                                       ; Off                ; Off                ;
; Analysis & Synthesis Message Level                                         ; Medium             ; Medium             ;
; Disable Register Merging Across Hierarchies                                ; Auto               ; Auto               ;
; Resource Aware Inference For Block RAM                                     ; On                 ; On                 ;
; Synthesis Seed                                                             ; 1                  ; 1                  ;
+----------------------------------------------------------------------------+--------------------+--------------------+


Parallel compilation was disabled, but you have multiple processors available. Enable parallel compilation to reduce compilation time.
+-------------------------------------+
; Parallel Compilation                ;
+----------------------------+--------+
; Processors                 ; Number ;
+----------------------------+--------+
; Number detected on machine ; 4      ;
; Maximum allowed            ; 1      ;
+----------------------------+--------+


+--------------------------------------------------------------------------------------------------------------------------------------------------------------------------------+
; Analysis & Synthesis Source Files Read                                                                                                                                         ;
+----------------------------------+-----------------+------------------------------+----------------------------------------------------------------------------------+---------+
; File Name with User-Entered Path ; Used in Netlist ; File Type                    ; File Name with Absolute Path                                                     ; Library ;
+----------------------------------+-----------------+------------------------------+----------------------------------------------------------------------------------+---------+
; Esteira_PI.vhd                   ; yes             ; User VHDL File               ; /home/fbroering/Dropbox/ENG PI-1/Esteira_PI_Cyclone_2/Esteira_PI.vhd             ;         ;
; lpm_mult.tdf                     ; yes             ; Megafunction                 ; /opt/altera/quartus/libraries/megafunctions/lpm_mult.tdf                         ;         ;
; aglobal130.inc                   ; yes             ; Megafunction                 ; /opt/altera/quartus/libraries/megafunctions/aglobal130.inc                       ;         ;
; lpm_add_sub.inc                  ; yes             ; Megafunction                 ; /opt/altera/quartus/libraries/megafunctions/lpm_add_sub.inc                      ;         ;
; multcore.inc                     ; yes             ; Megafunction                 ; /opt/altera/quartus/libraries/megafunctions/multcore.inc                         ;         ;
; bypassff.inc                     ; yes             ; Megafunction                 ; /opt/altera/quartus/libraries/megafunctions/bypassff.inc                         ;         ;
; altshift.inc                     ; yes             ; Megafunction                 ; /opt/altera/quartus/libraries/megafunctions/altshift.inc                         ;         ;
; multcore.tdf                     ; yes             ; Megafunction                 ; /opt/altera/quartus/libraries/megafunctions/multcore.tdf                         ;         ;
; csa_add.inc                      ; yes             ; Megafunction                 ; /opt/altera/quartus/libraries/megafunctions/csa_add.inc                          ;         ;
; mpar_add.inc                     ; yes             ; Megafunction                 ; /opt/altera/quartus/libraries/megafunctions/mpar_add.inc                         ;         ;
; muleabz.inc                      ; yes             ; Megafunction                 ; /opt/altera/quartus/libraries/megafunctions/muleabz.inc                          ;         ;
; mul_lfrg.inc                     ; yes             ; Megafunction                 ; /opt/altera/quartus/libraries/megafunctions/mul_lfrg.inc                         ;         ;
; mul_boothc.inc                   ; yes             ; Megafunction                 ; /opt/altera/quartus/libraries/megafunctions/mul_boothc.inc                       ;         ;
; alt_ded_mult.inc                 ; yes             ; Megafunction                 ; /opt/altera/quartus/libraries/megafunctions/alt_ded_mult.inc                     ;         ;
; alt_ded_mult_y.inc               ; yes             ; Megafunction                 ; /opt/altera/quartus/libraries/megafunctions/alt_ded_mult_y.inc                   ;         ;
; dffpipe.inc                      ; yes             ; Megafunction                 ; /opt/altera/quartus/libraries/megafunctions/dffpipe.inc                          ;         ;
; mpar_add.tdf                     ; yes             ; Megafunction                 ; /opt/altera/quartus/libraries/megafunctions/mpar_add.tdf                         ;         ;
; altshift.tdf                     ; yes             ; Megafunction                 ; /opt/altera/quartus/libraries/megafunctions/altshift.tdf                         ;         ;
; db/mult_dct.tdf                  ; yes             ; Auto-Generated Megafunction  ; /home/fbroering/Dropbox/ENG PI-1/Esteira_PI_Cyclone_2/db/mult_dct.tdf            ;         ;
; lpm_divide.tdf                   ; yes             ; Megafunction                 ; /opt/altera/quartus/libraries/megafunctions/lpm_divide.tdf                       ;         ;
; abs_divider.inc                  ; yes             ; Megafunction                 ; /opt/altera/quartus/libraries/megafunctions/abs_divider.inc                      ;         ;
; sign_div_unsign.inc              ; yes             ; Megafunction                 ; /opt/altera/quartus/libraries/megafunctions/sign_div_unsign.inc                  ;         ;
; db/lpm_divide_0gm.tdf            ; yes             ; Auto-Generated Megafunction  ; /home/fbroering/Dropbox/ENG PI-1/Esteira_PI_Cyclone_2/db/lpm_divide_0gm.tdf      ;         ;
; db/sign_div_unsign_anh.tdf       ; yes             ; Auto-Generated Megafunction  ; /home/fbroering/Dropbox/ENG PI-1/Esteira_PI_Cyclone_2/db/sign_div_unsign_anh.tdf ;         ;
; db/alt_u_div_m5f.tdf             ; yes             ; Auto-Generated Megafunction  ; /home/fbroering/Dropbox/ENG PI-1/Esteira_PI_Cyclone_2/db/alt_u_div_m5f.tdf       ;         ;
; db/add_sub_lkc.tdf               ; yes             ; Auto-Generated Megafunction  ; /home/fbroering/Dropbox/ENG PI-1/Esteira_PI_Cyclone_2/db/add_sub_lkc.tdf         ;         ;
; db/add_sub_mkc.tdf               ; yes             ; Auto-Generated Megafunction  ; /home/fbroering/Dropbox/ENG PI-1/Esteira_PI_Cyclone_2/db/add_sub_mkc.tdf         ;         ;
+----------------------------------+-----------------+------------------------------+----------------------------------------------------------------------------------+---------+


+--------------------------------------------------------+
; Analysis & Synthesis Resource Usage Summary            ;
+---------------------------------------------+----------+
; Resource                                    ; Usage    ;
+---------------------------------------------+----------+
; Estimated Total logic elements              ; 2,056    ;
;                                             ;          ;
; Total combinational functions               ; 1966     ;
; Logic element usage by number of LUT inputs ;          ;
;     -- 4 input functions                    ; 860      ;
;     -- 3 input functions                    ; 461      ;
;     -- <=2 input functions                  ; 645      ;
;                                             ;          ;
; Logic elements by mode                      ;          ;
;     -- normal mode                          ; 1399     ;
;     -- arithmetic mode                      ; 567      ;
;                                             ;          ;
; Total registers                             ; 484      ;
;     -- Dedicated logic registers            ; 484      ;
;     -- I/O registers                        ; 0        ;
;                                             ;          ;
; I/O pins                                    ; 29       ;
; Embedded Multiplier 9-bit elements          ; 4        ;
; Maximum fan-out node                        ; CLOCK_50 ;
; Maximum fan-out                             ; 192      ;
; Total fan-out                               ; 7503     ;
; Average fan-out                             ; 3.02     ;
+---------------------------------------------+----------+


+---------------------------------------------------------------------------------------------------------------------------------------------------------------------------------------------------------------------------------------------------------------------------------+
; Analysis & Synthesis Resource Utilization by Entity                                                                                                                                                                                                                             ;
+----------------------------------------+-------------------+--------------+-------------+--------------+---------+-----------+------+--------------+-------------------------------------------------------------------------------------------------------------+--------------+
; Compilation Hierarchy Node             ; LC Combinationals ; LC Registers ; Memory Bits ; DSP Elements ; DSP 9x9 ; DSP 18x18 ; Pins ; Virtual Pins ; Full Hierarchy Name                                                                                         ; Library Name ;
+----------------------------------------+-------------------+--------------+-------------+--------------+---------+-----------+------+--------------+-------------------------------------------------------------------------------------------------------------+--------------+
; |Esteira_PI                            ; 1966 (1443)       ; 484 (484)    ; 0           ; 4            ; 0       ; 2         ; 29   ; 0            ; |Esteira_PI                                                                                                 ; work         ;
;    |lpm_divide:Div0|                   ; 504 (0)           ; 0 (0)        ; 0           ; 0            ; 0       ; 0         ; 0    ; 0            ; |Esteira_PI|lpm_divide:Div0                                                                                 ; work         ;
;       |lpm_divide_0gm:auto_generated|  ; 504 (0)           ; 0 (0)        ; 0           ; 0            ; 0       ; 0         ; 0    ; 0            ; |Esteira_PI|lpm_divide:Div0|lpm_divide_0gm:auto_generated                                                   ; work         ;
;          |sign_div_unsign_anh:divider| ; 504 (0)           ; 0 (0)        ; 0           ; 0            ; 0       ; 0         ; 0    ; 0            ; |Esteira_PI|lpm_divide:Div0|lpm_divide_0gm:auto_generated|sign_div_unsign_anh:divider                       ; work         ;
;             |alt_u_div_m5f:divider|    ; 504 (504)         ; 0 (0)        ; 0           ; 0            ; 0       ; 0         ; 0    ; 0            ; |Esteira_PI|lpm_divide:Div0|lpm_divide_0gm:auto_generated|sign_div_unsign_anh:divider|alt_u_div_m5f:divider ; work         ;
;    |lpm_mult:Mult0|                    ; 5 (0)             ; 0 (0)        ; 0           ; 0            ; 0       ; 0         ; 0    ; 0            ; |Esteira_PI|lpm_mult:Mult0                                                                                  ; work         ;
;       |multcore:mult_core|             ; 5 (5)             ; 0 (0)        ; 0           ; 0            ; 0       ; 0         ; 0    ; 0            ; |Esteira_PI|lpm_mult:Mult0|multcore:mult_core                                                               ; work         ;
;    |lpm_mult:Mult1|                    ; 14 (0)            ; 0 (0)        ; 0           ; 4            ; 0       ; 2         ; 0    ; 0            ; |Esteira_PI|lpm_mult:Mult1                                                                                  ; work         ;
;       |mult_dct:auto_generated|        ; 14 (14)           ; 0 (0)        ; 0           ; 4            ; 0       ; 2         ; 0    ; 0            ; |Esteira_PI|lpm_mult:Mult1|mult_dct:auto_generated                                                          ; work         ;
+----------------------------------------+-------------------+--------------+-------------+--------------+---------+-----------+------+--------------+-------------------------------------------------------------------------------------------------------------+--------------+
Note: For table entries with two numbers listed, the numbers in parentheses indicate the number of resources of the given type used by the specific entity alone. The numbers listed outside of parentheses indicate the total resources of the given type used by the specific entity and all of its sub-entities in the hierarchy.


+-----------------------------------------------------+
; Analysis & Synthesis DSP Block Usage Summary        ;
+---------------------------------------+-------------+
; Statistic                             ; Number Used ;
+---------------------------------------+-------------+
; Simple Multipliers (9-bit)            ; 0           ;
; Simple Multipliers (18-bit)           ; 2           ;
; Embedded Multiplier Blocks            ; --          ;
; Embedded Multiplier 9-bit elements    ; 4           ;
; Signed Embedded Multipliers           ; 0           ;
; Unsigned Embedded Multipliers         ; 2           ;
; Mixed Sign Embedded Multipliers       ; 0           ;
; Variable Sign Embedded Multipliers    ; 0           ;
; Dedicated Input Shift Register Chains ; 0           ;
+---------------------------------------+-------------+
Note: number of Embedded Multiplier Blocks used is only available after a successful fit.


+---------------------------------------------------------------------------------+
; Registers Removed During Synthesis                                              ;
+----------------------------------------+----------------------------------------+
; Register name                          ; Reason for Removal                     ;
+----------------------------------------+----------------------------------------+
; direcao_motor[0]                       ; Merged with direcao_motor[1]           ;
; pos_set[5]                             ; Merged with pos_set[1]                 ;
; pos_set[7]                             ; Merged with pos_set[3]                 ;
; pos_set[3]                             ; Stuck at VCC due to stuck port data_in ;
; count_a[10..13]                        ; Stuck at GND due to stuck port data_in ;
; count_p[10..13]                        ; Stuck at GND due to stuck port data_in ;
; aux_calibracao[5,6]                    ; Stuck at GND due to stuck port data_in ;
; count_p[9]                             ; Stuck at GND due to stuck port data_in ;
; count10us[0]                           ; Merged with count100us[0]              ;
; count100ms[0]                          ; Merged with count100us[0]              ;
; count100ms[1]                          ; Merged with count100us[1]              ;
; pos_set[1]                             ; Stuck at GND due to stuck port data_in ;
; altura_aux[9]                          ; Stuck at GND due to stuck port data_in ;
; altura_adj[9]                          ; Stuck at GND due to stuck port data_in ;
; motor_temp[3]                          ; Stuck at GND due to stuck port data_in ;
; Total Number of Removed Registers = 22 ;                                        ;
+----------------------------------------+----------------------------------------+


+------------------------------------------------------------------------------------+
; Removed Registers Triggering Further Register Optimizations                        ;
+---------------+---------------------------+----------------------------------------+
; Register name ; Reason for Removal        ; Registers Removed due to This Register ;
+---------------+---------------------------+----------------------------------------+
; count_p[13]   ; Stuck at GND              ; count_p[9]                             ;
;               ; due to stuck port data_in ;                                        ;
; altura_aux[9] ; Stuck at GND              ; altura_adj[9]                          ;
;               ; due to stuck port data_in ;                                        ;
+---------------+---------------------------+----------------------------------------+


+------------------------------------------------------+
; General Register Statistics                          ;
+----------------------------------------------+-------+
; Statistic                                    ; Value ;
+----------------------------------------------+-------+
; Total registers                              ; 484   ;
; Number of registers using Synchronous Clear  ; 122   ;
; Number of registers using Synchronous Load   ; 5     ;
; Number of registers using Asynchronous Clear ; 3     ;
; Number of registers using Asynchronous Load  ; 0     ;
; Number of registers using Clock Enable       ; 328   ;
; Number of registers using Preset             ; 0     ;
+----------------------------------------------+-------+


+---------------------------------------------------+
; Inverted Register Statistics                      ;
+-----------------------------------------+---------+
; Inverted Register                       ; Fan out ;
+-----------------------------------------+---------+
; lcd_state[0]                            ; 65      ;
; cor_med[0]                              ; 12      ;
; pos_set[0]                              ; 3       ;
; pos_set[2]                              ; 3       ;
; pos_set[6]                              ; 5       ;
; p_azul[14]                              ; 1       ;
; p_verm[14]                              ; 1       ;
; p_verm[12]                              ; 1       ;
; p_azul[12]                              ; 1       ;
; p_verm[11]                              ; 1       ;
; p_azul[11]                              ; 1       ;
; p_verm[7]                               ; 1       ;
; p_azul[7]                               ; 1       ;
; p_verm[6]                               ; 1       ;
; p_azul[6]                               ; 1       ;
; p_verm[5]                               ; 1       ;
; p_azul[5]                               ; 1       ;
; p_verm[4]                               ; 1       ;
; p_azul[4]                               ; 1       ;
; p_verd[14]                              ; 1       ;
; p_verd[12]                              ; 1       ;
; p_verd[11]                              ; 1       ;
; p_verd[7]                               ; 1       ;
; p_verd[6]                               ; 1       ;
; p_verd[5]                               ; 1       ;
; p_verd[4]                               ; 1       ;
; altura_m[9]                             ; 1       ;
; altura_m[8]                             ; 1       ;
; altura_m[4]                             ; 1       ;
; altura_m[2]                             ; 1       ;
; altura_m[0]                             ; 1       ;
; altura_c[9]                             ; 3       ;
; altura_c[0]                             ; 3       ;
; altura_c[2]                             ; 3       ;
; altura_c[4]                             ; 3       ;
; altura_c[8]                             ; 3       ;
; Total number of inverted registers = 36 ;         ;
+-----------------------------------------+---------+


+---------------------------------------------------------------------------------------------------------------------------------------------------+
; Multiplexer Restructuring Statistics (Restructuring Performed)                                                                                    ;
+--------------------+-----------+---------------+----------------------+------------------------+------------+-------------------------------------+
; Multiplexer Inputs ; Bus Width ; Baseline Area ; Area if Restructured ; Saving if Restructured ; Registered ; Example Multiplexer Output          ;
+--------------------+-----------+---------------+----------------------+------------------------+------------+-------------------------------------+
; 3:1                ; 14 bits   ; 28 LEs        ; 0 LEs                ; 28 LEs                 ; Yes        ; |Esteira_PI|cor_adj_verd[1]         ;
; 3:1                ; 14 bits   ; 28 LEs        ; 0 LEs                ; 28 LEs                 ; Yes        ; |Esteira_PI|cor_adj_azul[0]         ;
; 3:1                ; 14 bits   ; 28 LEs        ; 0 LEs                ; 28 LEs                 ; Yes        ; |Esteira_PI|cor_adj_verm[13]        ;
; 3:1                ; 4 bits    ; 8 LEs         ; 4 LEs                ; 4 LEs                  ; Yes        ; |Esteira_PI|altura_med_aux_u_lcd[3] ;
; 3:1                ; 4 bits    ; 8 LEs         ; 4 LEs                ; 4 LEs                  ; Yes        ; |Esteira_PI|peso_med_aux_u_lcd[0]   ;
; 3:1                ; 27 bits   ; 54 LEs        ; 27 LEs               ; 27 LEs                 ; Yes        ; |Esteira_PI|\process_10:count[2]    ;
; 4:1                ; 14 bits   ; 28 LEs        ; 28 LEs               ; 0 LEs                  ; Yes        ; |Esteira_PI|count[1]                ;
; 4:1                ; 4 bits    ; 8 LEs         ; 4 LEs                ; 4 LEs                  ; Yes        ; |Esteira_PI|altura_med_aux_d_lcd[2] ;
; 4:1                ; 4 bits    ; 8 LEs         ; 4 LEs                ; 4 LEs                  ; Yes        ; |Esteira_PI|peso_med_aux_d_lcd[2]   ;
; 5:1                ; 23 bits   ; 69 LEs        ; 23 LEs               ; 46 LEs                 ; Yes        ; |Esteira_PI|counter[18]             ;
; 5:1                ; 23 bits   ; 69 LEs        ; 23 LEs               ; 46 LEs                 ; Yes        ; |Esteira_PI|\process_1:counter[21]  ;
; 5:1                ; 23 bits   ; 69 LEs        ; 23 LEs               ; 46 LEs                 ; Yes        ; |Esteira_PI|\process_2:counter[13]  ;
; 5:1                ; 4 bits    ; 12 LEs        ; 4 LEs                ; 8 LEs                  ; Yes        ; |Esteira_PI|altura_med_aux_c_lcd[0] ;
; 5:1                ; 4 bits    ; 12 LEs        ; 4 LEs                ; 8 LEs                  ; Yes        ; |Esteira_PI|peso_med_aux_c_lcd[2]   ;
; 4:1                ; 3 bits    ; 6 LEs         ; 3 LEs                ; 3 LEs                  ; Yes        ; |Esteira_PI|motor_temp[1]           ;
; 7:1                ; 3 bits    ; 12 LEs        ; 6 LEs                ; 6 LEs                  ; Yes        ; |Esteira_PI|altura_set_u_lcd[2]     ;
; 7:1                ; 3 bits    ; 12 LEs        ; 6 LEs                ; 6 LEs                  ; Yes        ; |Esteira_PI|peso_set_u_lcd[1]       ;
; 20:1               ; 2 bits    ; 26 LEs        ; 6 LEs                ; 20 LEs                 ; Yes        ; |Esteira_PI|lcd_state[1]            ;
; 20:1               ; 11 bits   ; 143 LEs       ; 11 LEs               ; 132 LEs                ; Yes        ; |Esteira_PI|\lcd_process:auxtemp[1] ;
; 9:1                ; 3 bits    ; 18 LEs        ; 6 LEs                ; 12 LEs                 ; Yes        ; |Esteira_PI|altura_set_d_lcd[2]     ;
; 9:1                ; 3 bits    ; 18 LEs        ; 6 LEs                ; 12 LEs                 ; Yes        ; |Esteira_PI|peso_set_d_lcd[2]       ;
; 10:1               ; 3 bits    ; 18 LEs        ; 6 LEs                ; 12 LEs                 ; Yes        ; |Esteira_PI|peso_set_c_lcd[1]       ;
; 3:1                ; 23 bits   ; 46 LEs        ; 23 LEs               ; 23 LEs                 ; Yes        ; |Esteira_PI|\process_9:count[21]    ;
; 15:1               ; 2 bits    ; 20 LEs        ; 0 LEs                ; 20 LEs                 ; Yes        ; |Esteira_PI|pos_set[0]              ;
; 10:1               ; 3 bits    ; 18 LEs        ; 6 LEs                ; 12 LEs                 ; Yes        ; |Esteira_PI|altura_set_c_lcd[2]     ;
; 4:1                ; 2 bits    ; 4 LEs         ; 4 LEs                ; 0 LEs                  ; No         ; |Esteira_PI|Mux181                  ;
; 3:1                ; 2 bits    ; 4 LEs         ; 4 LEs                ; 0 LEs                  ; No         ; |Esteira_PI|count                   ;
; 4:1                ; 14 bits   ; 28 LEs        ; 28 LEs               ; 0 LEs                  ; No         ; |Esteira_PI|count                   ;
; 4:1                ; 14 bits   ; 28 LEs        ; 28 LEs               ; 0 LEs                  ; No         ; |Esteira_PI|count                   ;
+--------------------+-----------+---------------+----------------------+------------------------+------------+-------------------------------------+


+----------------------------------------------------------------------------+
; Parameter Settings for User Entity Instance: Top-level Entity: |Esteira_PI ;
+----------------+----------+------------------------------------------------+
; Parameter Name ; Value    ; Type                                           ;
+----------------+----------+------------------------------------------------+
; freqIn         ; 50000000 ; Signed Integer                                 ;
; delay          ; 100      ; Signed Integer                                 ;
; defaultState   ; '0'      ; Enumerated                                     ;
+----------------+----------+------------------------------------------------+
Note: In order to hide this table in the UI and the text report file, please set the "Show Parameter Settings in Synthesis Report" option in "Analysis and Synthesis Settings -> More Settings" to "Off".


+-----------------------------------------------------------------------------------+
; Parameter Settings for Inferred Entity Instance: lpm_mult:Mult0                   ;
+------------------------------------------------+------------+---------------------+
; Parameter Name                                 ; Value      ; Type                ;
+------------------------------------------------+------------+---------------------+
; AUTO_CARRY_CHAINS                              ; ON         ; AUTO_CARRY          ;
; IGNORE_CARRY_BUFFERS                           ; OFF        ; IGNORE_CARRY        ;
; AUTO_CASCADE_CHAINS                            ; ON         ; AUTO_CASCADE        ;
; IGNORE_CASCADE_BUFFERS                         ; OFF        ; IGNORE_CASCADE      ;
; LPM_WIDTHA                                     ; 4          ; Untyped             ;
; LPM_WIDTHB                                     ; 7          ; Untyped             ;
; LPM_WIDTHP                                     ; 11         ; Untyped             ;
; LPM_WIDTHR                                     ; 11         ; Untyped             ;
; LPM_WIDTHS                                     ; 1          ; Untyped             ;
; LPM_REPRESENTATION                             ; UNSIGNED   ; Untyped             ;
; LPM_PIPELINE                                   ; 0          ; Untyped             ;
; LATENCY                                        ; 0          ; Untyped             ;
; INPUT_A_IS_CONSTANT                            ; NO         ; Untyped             ;
; INPUT_B_IS_CONSTANT                            ; YES        ; Untyped             ;
; USE_EAB                                        ; OFF        ; Untyped             ;
; MAXIMIZE_SPEED                                 ; 5          ; Untyped             ;
; DEVICE_FAMILY                                  ; Cyclone II ; Untyped             ;
; CARRY_CHAIN                                    ; MANUAL     ; Untyped             ;
; APEX20K_TECHNOLOGY_MAPPER                      ; LUT        ; TECH_MAPPER_APEX20K ;
; DEDICATED_MULTIPLIER_CIRCUITRY                 ; AUTO       ; Untyped             ;
; DEDICATED_MULTIPLIER_MIN_INPUT_WIDTH_FOR_AUTO  ; 0          ; Untyped             ;
; DEDICATED_MULTIPLIER_MIN_OUTPUT_WIDTH_FOR_AUTO ; 0          ; Untyped             ;
; CBXI_PARAMETER                                 ; NOTHING    ; Untyped             ;
; INPUT_A_FIXED_VALUE                            ; Bx         ; Untyped             ;
; INPUT_B_FIXED_VALUE                            ; Bx         ; Untyped             ;
; USE_AHDL_IMPLEMENTATION                        ; OFF        ; Untyped             ;
+------------------------------------------------+------------+---------------------+
Note: In order to hide this table in the UI and the text report file, please set the "Show Parameter Settings in Synthesis Report" option in "Analysis and Synthesis Settings -> More Settings" to "Off".


+-----------------------------------------------------------------------------------+
; Parameter Settings for Inferred Entity Instance: lpm_mult:Mult1                   ;
+------------------------------------------------+------------+---------------------+
; Parameter Name                                 ; Value      ; Type                ;
+------------------------------------------------+------------+---------------------+
; AUTO_CARRY_CHAINS                              ; ON         ; AUTO_CARRY          ;
; IGNORE_CARRY_BUFFERS                           ; OFF        ; IGNORE_CARRY        ;
; AUTO_CASCADE_CHAINS                            ; ON         ; AUTO_CASCADE        ;
; IGNORE_CASCADE_BUFFERS                         ; OFF        ; IGNORE_CASCADE      ;
; LPM_WIDTHA                                     ; 23         ; Untyped             ;
; LPM_WIDTHB                                     ; 16         ; Untyped             ;
; LPM_WIDTHP                                     ; 39         ; Untyped             ;
; LPM_WIDTHR                                     ; 39         ; Untyped             ;
; LPM_WIDTHS                                     ; 1          ; Untyped             ;
; LPM_REPRESENTATION                             ; UNSIGNED   ; Untyped             ;
; LPM_PIPELINE                                   ; 0          ; Untyped             ;
; LATENCY                                        ; 0          ; Untyped             ;
; INPUT_A_IS_CONSTANT                            ; NO         ; Untyped             ;
; INPUT_B_IS_CONSTANT                            ; YES        ; Untyped             ;
; USE_EAB                                        ; OFF        ; Untyped             ;
; MAXIMIZE_SPEED                                 ; 5          ; Untyped             ;
; DEVICE_FAMILY                                  ; Cyclone II ; Untyped             ;
; CARRY_CHAIN                                    ; MANUAL     ; Untyped             ;
; APEX20K_TECHNOLOGY_MAPPER                      ; LUT        ; TECH_MAPPER_APEX20K ;
; DEDICATED_MULTIPLIER_CIRCUITRY                 ; AUTO       ; Untyped             ;
; DEDICATED_MULTIPLIER_MIN_INPUT_WIDTH_FOR_AUTO  ; 0          ; Untyped             ;
; DEDICATED_MULTIPLIER_MIN_OUTPUT_WIDTH_FOR_AUTO ; 0          ; Untyped             ;
; CBXI_PARAMETER                                 ; mult_dct   ; Untyped             ;
; INPUT_A_FIXED_VALUE                            ; Bx         ; Untyped             ;
; INPUT_B_FIXED_VALUE                            ; Bx         ; Untyped             ;
; USE_AHDL_IMPLEMENTATION                        ; OFF        ; Untyped             ;
+------------------------------------------------+------------+---------------------+
Note: In order to hide this table in the UI and the text report file, please set the "Show Parameter Settings in Synthesis Report" option in "Analysis and Synthesis Settings -> More Settings" to "Off".


+------------------------------------------------------------------+
; Parameter Settings for Inferred Entity Instance: lpm_divide:Div0 ;
+------------------------+----------------+------------------------+
; Parameter Name         ; Value          ; Type                   ;
+------------------------+----------------+------------------------+
; LPM_WIDTHN             ; 32             ; Untyped                ;
; LPM_WIDTHD             ; 24             ; Untyped                ;
; LPM_NREPRESENTATION    ; UNSIGNED       ; Untyped                ;
; LPM_DREPRESENTATION    ; UNSIGNED       ; Untyped                ;
; LPM_PIPELINE           ; 0              ; Untyped                ;
; LPM_REMAINDERPOSITIVE  ; TRUE           ; Untyped                ;
; MAXIMIZE_SPEED         ; 5              ; Untyped                ;
; CBXI_PARAMETER         ; lpm_divide_0gm ; Untyped                ;
; CARRY_CHAIN            ; MANUAL         ; Untyped                ;
; OPTIMIZE_FOR_SPEED     ; 5              ; Untyped                ;
; AUTO_CARRY_CHAINS      ; ON             ; AUTO_CARRY             ;
; IGNORE_CARRY_BUFFERS   ; OFF            ; IGNORE_CARRY           ;
; AUTO_CASCADE_CHAINS    ; ON             ; AUTO_CASCADE           ;
; IGNORE_CASCADE_BUFFERS ; OFF            ; IGNORE_CASCADE         ;
+------------------------+----------------+------------------------+
Note: In order to hide this table in the UI and the text report file, please set the "Show Parameter Settings in Synthesis Report" option in "Analysis and Synthesis Settings -> More Settings" to "Off".


+--------------------------------------------------------+
; lpm_mult Parameter Settings by Entity Instance         ;
+---------------------------------------+----------------+
; Name                                  ; Value          ;
+---------------------------------------+----------------+
; Number of entity instances            ; 2              ;
; Entity Instance                       ; lpm_mult:Mult0 ;
;     -- LPM_WIDTHA                     ; 4              ;
;     -- LPM_WIDTHB                     ; 7              ;
;     -- LPM_WIDTHP                     ; 11             ;
;     -- LPM_REPRESENTATION             ; UNSIGNED       ;
;     -- INPUT_A_IS_CONSTANT            ; NO             ;
;     -- INPUT_B_IS_CONSTANT            ; YES            ;
;     -- USE_EAB                        ; OFF            ;
;     -- DEDICATED_MULTIPLIER_CIRCUITRY ; AUTO           ;
;     -- INPUT_A_FIXED_VALUE            ; Bx             ;
;     -- INPUT_B_FIXED_VALUE            ; Bx             ;
; Entity Instance                       ; lpm_mult:Mult1 ;
;     -- LPM_WIDTHA                     ; 23             ;
;     -- LPM_WIDTHB                     ; 16             ;
;     -- LPM_WIDTHP                     ; 39             ;
;     -- LPM_REPRESENTATION             ; UNSIGNED       ;
;     -- INPUT_A_IS_CONSTANT            ; NO             ;
;     -- INPUT_B_IS_CONSTANT            ; YES            ;
;     -- USE_EAB                        ; OFF            ;
;     -- DEDICATED_MULTIPLIER_CIRCUITRY ; AUTO           ;
;     -- INPUT_A_FIXED_VALUE            ; Bx             ;
;     -- INPUT_B_FIXED_VALUE            ; Bx             ;
+---------------------------------------+----------------+


+-------------------------------+
; Elapsed Time Per Partition    ;
+----------------+--------------+
; Partition Name ; Elapsed Time ;
+----------------+--------------+
; Top            ; 00:00:05     ;
+----------------+--------------+


+-------------------------------+
; Analysis & Synthesis Messages ;
+-------------------------------+
Info: *******************************************************************
Info: Running Quartus II 64-Bit Analysis & Synthesis
    Info: Version 13.0.1 Build 232 06/12/2013 Service Pack 1 SJ Web Edition
    Info: Processing started: Tue Jun 20 11:51:04 2017
Info: Command: quartus_map --read_settings_files=on --write_settings_files=off Esteira_PI -c Esteira_PI
Warning (20028): Parallel compilation is not licensed and has been disabled
Warning (10639): VHDL warning at Esteira_PI.vhd(574): constant value overflow
Info (12021): Found 2 design units, including 1 entities, in source file Esteira_PI.vhd
    Info (12022): Found design unit 1: Esteira_PI-object_picker
    Info (12023): Found entity 1: Esteira_PI
Info (12127): Elaborating entity "Esteira_PI" for the top level hierarchy
Warning (10036): Verilog HDL or VHDL warning at Esteira_PI.vhd(56): object "peso_set" assigned a value but never read
Warning (10540): VHDL Signal Declaration warning at Esteira_PI.vhd(76): used explicit default value for signal "peso_med" because signal was never assigned a value
Warning (10036): Verilog HDL or VHDL warning at Esteira_PI.vhd(104): object "buttonOut3" assigned a value but never read
Warning (10036): Verilog HDL or VHDL warning at Esteira_PI.vhd(115): object "freq_med" assigned a value but never read
Warning (10036): Verilog HDL or VHDL warning at Esteira_PI.vhd(116): object "freq_med1" assigned a value but never read
Warning (10492): VHDL Process Statement warning at Esteira_PI.vhd(240): signal "flag_m0" is read inside the Process Statement but isn't in the Process Statement's sensitivity list
Warning (10492): VHDL Process Statement warning at Esteira_PI.vhd(250): signal "flag_m1" is read inside the Process Statement but isn't in the Process Statement's sensitivity list
Warning (10492): VHDL Process Statement warning at Esteira_PI.vhd(260): signal "flag_m2" is read inside the Process Statement but isn't in the Process Statement's sensitivity list
Warning (10036): Verilog HDL or VHDL warning at Esteira_PI.vhd(580): object "p_nofilter" assigned a value but never read
Warning (10492): VHDL Process Statement warning at Esteira_PI.vhd(688): signal "clock_10Hz" is read inside the Process Statement but isn't in the Process Statement's sensitivity list
Info (278001): Inferred 3 megafunctions from design logic
    Info (278003): Inferred multiplier megafunction ("lpm_mult") from the following logic: "Mult0"
    Info (278003): Inferred multiplier megafunction ("lpm_mult") from the following logic: "Mult1"
    Info (278004): Inferred divider/modulo megafunction ("lpm_divide") from the following logic: "Div0"
Info (12130): Elaborated megafunction instantiation "lpm_mult:Mult0"
Info (12133): Instantiated megafunction "lpm_mult:Mult0" with the following parameter:
    Info (12134): Parameter "LPM_WIDTHA" = "4"
    Info (12134): Parameter "LPM_WIDTHB" = "7"
    Info (12134): Parameter "LPM_WIDTHP" = "11"
    Info (12134): Parameter "LPM_WIDTHR" = "11"
    Info (12134): Parameter "LPM_WIDTHS" = "1"
    Info (12134): Parameter "LPM_REPRESENTATION" = "UNSIGNED"
    Info (12134): Parameter "INPUT_A_IS_CONSTANT" = "NO"
    Info (12134): Parameter "INPUT_B_IS_CONSTANT" = "YES"
    Info (12134): Parameter "MAXIMIZE_SPEED" = "5"
Info (12131): Elaborated megafunction instantiation "lpm_mult:Mult0|multcore:mult_core", which is child of megafunction instantiation "lpm_mult:Mult0"
Info (12131): Elaborated megafunction instantiation "lpm_mult:Mult0|multcore:mult_core|mpar_add:padder", which is child of megafunction instantiation "lpm_mult:Mult0"
Info (12131): Elaborated megafunction instantiation "lpm_mult:Mult0|altshift:external_latency_ffs", which is child of megafunction instantiation "lpm_mult:Mult0"
Info (12130): Elaborated megafunction instantiation "lpm_mult:Mult1"
Info (12133): Instantiated megafunction "lpm_mult:Mult1" with the following parameter:
    Info (12134): Parameter "LPM_WIDTHA" = "23"
    Info (12134): Parameter "LPM_WIDTHB" = "16"
    Info (12134): Parameter "LPM_WIDTHP" = "39"
    Info (12134): Parameter "LPM_WIDTHR" = "39"
    Info (12134): Parameter "LPM_WIDTHS" = "1"
    Info (12134): Parameter "LPM_REPRESENTATION" = "UNSIGNED"
    Info (12134): Parameter "INPUT_A_IS_CONSTANT" = "NO"
    Info (12134): Parameter "INPUT_B_IS_CONSTANT" = "YES"
    Info (12134): Parameter "MAXIMIZE_SPEED" = "5"
Info (12021): Found 1 design units, including 1 entities, in source file db/mult_dct.tdf
    Info (12023): Found entity 1: mult_dct
Info (12130): Elaborated megafunction instantiation "lpm_divide:Div0"
Info (12133): Instantiated megafunction "lpm_divide:Div0" with the following parameter:
    Info (12134): Parameter "LPM_WIDTHN" = "32"
    Info (12134): Parameter "LPM_WIDTHD" = "24"
    Info (12134): Parameter "LPM_NREPRESENTATION" = "UNSIGNED"
    Info (12134): Parameter "LPM_DREPRESENTATION" = "UNSIGNED"
Info (12021): Found 1 design units, including 1 entities, in source file db/lpm_divide_0gm.tdf
    Info (12023): Found entity 1: lpm_divide_0gm
Info (12021): Found 1 design units, including 1 entities, in source file db/sign_div_unsign_anh.tdf
    Info (12023): Found entity 1: sign_div_unsign_anh
Info (12021): Found 1 design units, including 1 entities, in source file db/alt_u_div_m5f.tdf
    Info (12023): Found entity 1: alt_u_div_m5f
Info (12021): Found 1 design units, including 1 entities, in source file db/add_sub_lkc.tdf
    Info (12023): Found entity 1: add_sub_lkc
Info (12021): Found 1 design units, including 1 entities, in source file db/add_sub_mkc.tdf
    Info (12023): Found entity 1: add_sub_mkc
Info (13014): Ignored 42 buffer(s)
    Info (13019): Ignored 42 SOFT buffer(s)
Warning (13024): Output pins are stuck at VCC or GND
    Warning (13410): Pin "LCD_ON" is stuck at VCC
    Warning (13410): Pin "LCD_BLON" is stuck at VCC
    Warning (13410): Pin "TCS_S[0]" is stuck at GND
    Warning (13410): Pin "TCS_S[1]" is stuck at VCC
Info (16010): Generating hard_block partition "hard_block:auto_generated_inst"
    Info (16011): Adding 0 node(s), including 0 DDIO, 0 PLL, 0 transceiver and 0 LCELL
Warning (21074): Design contains 1 input pin(s) that do not drive logic
    Warning (15610): No output dependent on input pin "KEY[3]"
Info (21057): Implemented 2164 device resources after synthesis - the final resource count might be different
    Info (21058): Implemented 7 input pins
    Info (21059): Implemented 22 output pins
    Info (21061): Implemented 2131 logic cells
    Info (21062): Implemented 4 DSP elements
Info: Quartus II 64-Bit Analysis & Synthesis was successful. 0 errors, 19 warnings
    Info: Peak virtual memory: 684 megabytes
    Info: Processing ended: Tue Jun 20 11:51:11 2017
    Info: Elapsed time: 00:00:07
    Info: Total CPU time (on all processors): 00:00:07


